#
# A fatal error has been detected by the Java Runtime Environment:
#
#  EXCEPTION_ACCESS_VIOLATION (0xc0000005) at pc=0x00007ff82d353004, pid=19312, tid=18848
#
# JRE version: OpenJDK Runtime Environment (24.0+36) (build 24+36-3646)
# Java VM: OpenJDK 64-Bit Server VM (24+36-3646, mixed mode, sharing, tiered, compressed oops, compressed class ptrs, g1 gc, windows-amd64)
# Problematic frame:
# C  [libasyncProfiler.dll+0x93004]
#
# No core dump will be written. Minidumps are not enabled by default on client versions of Windows
#
# JFR recording file will be written. Location: C:\Users\anton\IdeaProjects\ALVE0\hs_err_pid19312.jfr
#
# If you would like to submit a bug report, please visit:
#   https://bugreport.java.com/bugreport/crash.jsp
# The crash happened outside the Java Virtual Machine in native code.
# See problematic frame for where to report the bug.
#

---------------  S U M M A R Y ------------

Command Line: -javaagent:C:\Program Files\JetBrains\IntelliJ IDEA 2024.3.5\lib\idea_rt.jar=61270 -Dfile.encoding=UTF-8 -Dsun.stdout.encoding=UTF-8 -Dsun.stderr.encoding=UTF-8 --module-path=C:\Users\anton\.m2\repository\org\openjfx\javafx-fxml\17.0.6\javafx-fxml-17.0.6-win.jar;C:\Users\anton\IdeaProjects\ALVE0\target\classes;C:\Users\anton\.m2\repository\org\openjfx\javafx-graphics\17.0.6\javafx-graphics-17.0.6-win.jar;C:\Users\anton\.m2\repository\org\openjfx\javafx-base\17.0.6\javafx-base-17.0.6-win.jar;C:\Users\anton\.m2\repository\org\openjfx\javafx-controls\17.0.6\javafx-controls-17.0.6-win.jar;C:\Users\anton\.m2\repository\org\controlsfx\controlsfx\11.2.1\controlsfx-11.2.1.jar -Djdk.module.main=com.alve.alve0 com.alve.alve0/com.alve.alve0.Main

Host: 13th Gen Intel(R) Core(TM) i5-13420H, 12 cores, 15G,  Windows 11 , 64 bit Build 26100 (10.0.26100.3323)
Time: Thu Apr 10 18:51:07 2025 W. Europe Daylight Time elapsed time: 1.750782 seconds (0d 0h 0m 1s)

---------------  T H R E A D  ---------------

Current thread (0x0000017a4f98fc30):  JavaThread "Attach Listener" daemon [_thread_in_native, id=18848, stack(0x000000422a500000,0x000000422a600000) (1024K)]

Stack: [0x000000422a500000,0x000000422a600000],  sp=0x000000422a5fee60,  free space=1019k
Native frames: (J=compiled Java code, j=interpreted, Vv=VM code, C=native code)
C  [libasyncProfiler.dll+0x93004]  (no source info available)
C  [libasyncProfiler.dll+0x934db]  (no source info available)
C  [libasyncProfiler.dll+0x92134]  (no source info available)
C  [libasyncProfiler.dll+0x929aa]  (no source info available)
C  [libasyncProfiler.dll+0x8d561]  (no source info available)
C  [libasyncProfiler.dll+0x7ef21]  (no source info available)
C  [libasyncProfiler.dll+0x7dc38]  (no source info available)
C  [libasyncProfiler.dll+0x7db20]  (no source info available)
C  [libasyncProfiler.dll+0x84af9]  (no source info available)
V  [jvm.dll+0x57f1b7]  (no source info available)
V  [jvm.dll+0x57ff2c]  (no source info available)
V  [jvm.dll+0x14c9b7]  (no source info available)
V  [jvm.dll+0x14df81]  (no source info available)
V  [jvm.dll+0x42f566]  (no source info available)
V  [jvm.dll+0x87d8fb]  (no source info available)
V  [jvm.dll+0x72efe5]  (no source info available)
C  [ucrtbase.dll+0x37b0]  (no source info available)
C  [KERNEL32.DLL+0x2e8d7]  (no source info available)
C  [ntdll.dll+0xbbf6c]  (no source info available)


siginfo: EXCEPTION_ACCESS_VIOLATION (0xc0000005), reading address 0xffffffffffffffff


Registers:
RAX=0x0000000000000010, RBX=0x0000000000000000, RCX=0xffffffffffffffff, RDX=0x007ff80fe22ff010
RSP=0x000000422a5fee60, RBP=0x0000017a95f84670, RSI=0x000000422a5fefd0, RDI=0x0000017a95f84670
R8 =0x0000000000000042, R9 =0x0000000711a0d580, R10=0x00007ff810099fc0, R11=0x0000000000000004
R12=0x000000422a5fefd0, R13=0x0000017a95b47820, R14=0x0000017a4f98fff8, R15=0x0000017a4f98fff8
RIP=0x00007ff82d353004, EFLAGS=0x0000000000010202

XMM[0]=0x0000000000000000 0x0000000000000000
XMM[1]=0x0000000000000000 0x0000000000000000
XMM[2]=0x0000000000000000 0x0000000000000000
XMM[3]=0x0000000000000000 0x0000000000000000
XMM[4]=0x0000000000000000 0x0000000000000000
XMM[5]=0x0000000000000000 0x0000000000000000
XMM[6]=0x0000000000000000 0x0000000000000000
XMM[7]=0x0000000000000000 0x0000000000000000
XMM[8]=0x0000000000000000 0x0000000000000000
XMM[9]=0x0000000000000000 0x0000000000000000
XMM[10]=0x0000000000000000 0x0000000000000000
XMM[11]=0x0000000000000000 0x0000000000000000
XMM[12]=0x0000000000000000 0x0000000000000000
XMM[13]=0x0000000000000000 0x0000000000000000
XMM[14]=0x0000000000000000 0x0000000000000000
XMM[15]=0x0000000000000000 0x0000000000000000
  MXCSR=0x00001fa0


Register to memory mapping:

RAX=0x0000000000000010 is an unknown value
RBX=0x0 is null
RCX=0xffffffffffffffff is an unknown value
RDX=0x007ff80fe22ff010 is an unknown value
RSP=0x000000422a5fee60 is pointing into the stack for thread: 0x0000017a4f98fc30
RBP=0x0000017a95f84670 points into unknown readable memory: 0x0000000711a0d580 | 80 d5 a0 11 07 00 00 00
RSI=0x000000422a5fefd0 is pointing into the stack for thread: 0x0000017a4f98fc30
RDI=0x0000017a95f84670 points into unknown readable memory: 0x0000000711a0d580 | 80 d5 a0 11 07 00 00 00
R8 =0x0000000000000042 is an unknown value
R9 =0x0000000711a0d580 is an oop: java.lang.Thread 
{0x0000000711a0d580} - klass: 'java/lang/Thread' - flags: 

 - ---- fields (total size 14 words):
 - 'threadLocalRandomProbe' 'I' @12  0 (0x00000000)
 - private volatile 'eetop' 'J' @16  1624302488608 (0x0000017a2ff90c20)
 - private final 'tid' 'J' @24  3 (0x0000000000000003)
 - 'threadLocalRandomSeed' 'J' @32  0 (0x0000000000000000)
 - injected 'jvmti_thread_state' 'J' @40  1626010345776 (0x0000017a95c4e130)
 - 'threadLocalRandomSecondarySeed' 'I' @48  0 (0x00000000)
 - injected 'jvmti_VTMS_transition_disable_count' 'I' @52  0 (0x00000000)
 - injected 'jfr_epoch' 'S' @56  0 (0x0000)
 - volatile 'interrupted' 'Z' @58  false (0x00)
 - injected 'jvmti_is_in_VTMS_transition' 'Z' @59  false (0x00)
 - private volatile 'name' 'Ljava/lang/String;' @60  "main"{0x000000071161c630} (0xe22c38c6)
 - private volatile 'contextClassLoader' 'Ljava/lang/ClassLoader;' @64  a 'jdk/internal/loader/ClassLoaders$AppClassLoader'{0x0000000711a43618} (0xe23486c3)
 - private final 'holder' 'Ljava/lang/Thread$FieldHolder;' @68  a 'java/lang/Thread$FieldHolder'{0x000000071161c660} (0xe22c38cc)
 - 'threadLocals' 'Ljava/lang/ThreadLocal$ThreadLocalMap;' @72  a 'java/lang/ThreadLocal$ThreadLocalMap'{0x000000071161c688} (0xe22c38d1)
 - 'inheritableThreadLocals' 'Ljava/lang/ThreadLocal$ThreadLocalMap;' @76  null (0x00000000)
 - private 'scopedValueBindings' 'Ljava/lang/Object;' @80  a 'java/lang/Class'{0x00000007ffe7c280} = 'java/lang/Thread' (0xfffcf850)
 - final 'interruptLock' 'Ljava/lang/Object;' @84  a 'java/lang/Object'{0x000000071161c9b8} (0xe22c3937)
 - private volatile 'parkBlocker' 'Ljava/lang/Object;' @88  a 'java/util/concurrent/CountDownLatch$Sync'{0x0000000711a0d560} (0xe2341aac)
 - private 'nioBlocker' 'Lsun/nio/ch/Interruptible;' @92  null (0x00000000)
 - private 'cont' 'Ljdk/internal/vm/Continuation;' @96  null (0x00000000)
 - private volatile 'uncaughtExceptionHandler' 'Ljava/lang/Thread$UncaughtExceptionHandler;' @100  null (0x00000000)
 - private 'container' 'Ljdk/internal/vm/ThreadContainer;' @104  null (0x00000000)
 - private volatile 'headStackableScopes' 'Ljdk/internal/vm/StackableScope;' @108  null (0x00000000)
R10=0x00007ff810099fc0 jvm.dll
R11=0x0000000000000004 is an unknown value
R12=0x000000422a5fefd0 is pointing into the stack for thread: 0x0000017a4f98fc30
R13=0x0000017a95b47820 points into unknown readable memory: 0x00007ff81000a510 | 10 a5 00 10 f8 7f 00 00
R14=0x0000017a4f98fff8 points into unknown readable memory: 0x00007ff8100017b0 | b0 17 00 10 f8 7f 00 00
R15=0x0000017a4f98fff8 points into unknown readable memory: 0x00007ff8100017b0 | b0 17 00 10 f8 7f 00 00

Top of Stack: (sp=0x000000422a5fee60)
0x000000422a5fee60:   000000422a5fefd0 0000017a95f84670   .._*B...pF..z...
0x000000422a5fee70:   0000000000000000 0000017a4f990380   ...........Oz...
0x000000422a5fee80:   0000000000000038 00007ff82d3534db   8........45-....
0x000000422a5fee90:   0000000000000000 0000017a4f98fff8   ...........Oz...
0x000000422a5feea0:   000000422a5fef01 0000000000000000   .._*B...........
0x000000422a5feeb0:   0000017a9953a310 00007ff82d352134   ..S.z...4!5-....
0x000000422a5feec0:   0000000000000000 0000000000000038   ........8.......
0x000000422a5feed0:   0000000000000000 0000000000000038   ........8.......
0x000000422a5feee0:   0000001300000002 0000017a993c6e70   ........pn<.z...
0x000000422a5feef0:   0000017a9953a310 0000017a9953a3f0   ..S.z.....S.z...
0x000000422a5fef00:   0000017a9953a40c 0000000000002cfc   ..S.z....,......
0x000000422a5fef10:   0000000000000000 0000000000000000   ................
0x000000422a5fef20:   0000000000000000 00007ff80f8658e4   .........X......
0x000000422a5fef30:   00007ff82d4aae00 0000000000004b70   ..J-....pK......
0x000000422a5fef40:   00007ff82d4aae00 00000000ffffffff   ..J-............
0x000000422a5fef50:   0000000000000000 00007ff82d3529aa   .........)5-....
0x000000422a5fef60:   0000017a4f98fff8 0000000000000000   ...Oz...........
0x000000422a5fef70:   000000422a5fefd9 0000017a95b47820   .._*B... x..z...
0x000000422a5fef80:   0000000000000004 0000000000000048   ........H.......
0x000000422a5fef90:   0000000800800310 0000000000000020   ........ .......
0x000000422a5fefa0:   0000017a4f98fff8 00007ff82d4aae00   ...Oz.....J-....
0x000000422a5fefb0:   0000017a4f9913c0 0000017a95c4e130   ...Oz...0...z...
0x000000422a5fefc0:   0000000800800390 0000017a4f98fff8   ...........Oz...
0x000000422a5fefd0:   0000017a99883920 0000017a99884020    9..z... @..z...
0x000000422a5fefe0:   0000017a99884020 00007ff82d4aae00    @..z.....J-....
0x000000422a5feff0:   0000017a95b82b68 000000422a5ff168   h+..z...h._*B...
0x000000422a5ff000:   000000422a5ff2a0 0000000000008840   .._*B...@.......
0x000000422a5ff010:   000000422a5ff480 00007ff82d4aae50   .._*B...P.J-....
0x000000422a5ff020:   0000000000989680 0000000000989680   ................
0x000000422a5ff030:   000000422a5ff140 00007ff82d34d561   @._*B...a.4-....
0x000000422a5ff040:   00007ff82d4aae00 00007ff82d4aae58   ..J-....X.J-....
0x000000422a5ff050:   00007ff800000000 00007ff800000001   ................

Instructions: (pc=0x00007ff82d353004)
  0x00007ff82d352f04:   cc cc cc cc cc cc cc cc cc cc cc cc cc cc cc cc
  0x00007ff82d352f14:   cc cc cc cc cc cc cc cc cc cc cc cc cc cc cc cc
  0x00007ff82d352f24:   cc cc cc cc cc cc cc cc cc cc cc cc cc cc cc cc
  0x00007ff82d352f34:   cc cc cc cc cc cc cc cc cc cc cc cc cc cc cc cc
  0x00007ff82d352f44:   cc cc cc cc cc cc cc cc cc cc cc cc cc cc cc cc
  0x00007ff82d352f54:   cc cc cc cc cc cc cc cc cc cc cc cc cc cc cc cc
  0x00007ff82d352f64:   cc cc cc cc cc cc cc cc cc cc cc cc cc cc cc cc
  0x00007ff82d352f74:   cc cc cc cc cc cc cc cc cc cc cc cc cc cc cc cc
  0x00007ff82d352f84:   cc cc cc cc cc cc cc cc cc cc cc cc 40 57 48 83
  0x00007ff82d352f94:   ec 20 48 8b f9 48 8b 0d 30 80 15 00 48 85 c9 74
  0x00007ff82d352fa4:   20 48 8b 01 48 8d 54 24 38 41 b8 06 00 01 00 4c
  0x00007ff82d352fb4:   8b 48 30 41 ff d1 85 c0 75 07 48 8b 4c 24 38 eb
  0x00007ff82d352fc4:   02 33 c9 4c 8b 05 0a 81 15 00 48 89 5c 24 30 4d
  0x00007ff82d352fd4:   85 c0 74 4a 48 8b 01 48 8b d7 4c 8b 88 28 03 00
  0x00007ff82d352fe4:   00 41 ff d1 48 85 c0 74 35 48 63 0d b8 3d 15 00
  0x00007ff82d352ff4:   48 8b 14 01 48 85 d2 74 15 48 63 05 bc 3d 15 00
=>0x00007ff82d353004:   8b 04 10 48 8b 5c 24 30 48 83 c4 20 5f c3 b8 ff
  0x00007ff82d353014:   ff ff ff 48 8b 5c 24 30 48 83 c4 20 5f c3 80 3d
  0x00007ff82d353024:   bb 7f 15 00 00 bb ff ff ff ff 74 20 4c 8b 0d 51
  0x00007ff82d353034:   7c 15 00 4c 8d 44 24 38 48 8b 0d 35 7c 15 00 48
  0x00007ff82d353044:   8b d7 41 ff d1 85 c0 0f 44 5c 24 38 8b c3 48 8b
  0x00007ff82d353054:   5c 24 30 48 83 c4 20 5f c3 cc cc cc cc cc cc cc
  0x00007ff82d353064:   cc cc cc cc cc cc cc cc cc cc cc cc cc cc cc cc
  0x00007ff82d353074:   cc cc cc cc cc cc cc cc cc cc cc cc cc cc cc cc
  0x00007ff82d353084:   cc cc cc cc cc cc cc cc cc cc cc cc 48 89 54 24
  0x00007ff82d353094:   10 53 55 56 57 41 56 41 57 48 83 ec 28 48 8b f2
  0x00007ff82d3530a4:   4c 8b f1 48 89 4c 24 78 45 33 ff 44 89 7c 24 68
  0x00007ff82d3530b4:   c7 44 24 60 01 00 00 00 48 8d 4c 24 68 e8 69 3c
  0x00007ff82d3530c4:   f7 ff 8b d8 48 8d 4c 24 60 e8 5d 3c f7 ff 8b e8
  0x00007ff82d3530d4:   49 8b ce e8 33 f3 f6 ff 48 8b f8 90 8b c3 f0 0f
  0x00007ff82d3530e4:   b1 2f 74 04 f3 90 eb f4 4c 89 3e 4c 89 7e 08 4c
  0x00007ff82d3530f4:   89 7e 10 49 8b 6e 08 4d 8b 76 10 49 3b ee 0f 84


Stack slot to memory mapping:

stack at sp + 0 slots: 0x000000422a5fefd0 is pointing into the stack for thread: 0x0000017a4f98fc30
stack at sp + 1 slots: 0x0000017a95f84670 points into unknown readable memory: 0x0000000711a0d580 | 80 d5 a0 11 07 00 00 00
stack at sp + 2 slots: 0x0 is null
stack at sp + 3 slots: 0x0000017a4f990380 points into unknown readable memory: 0x6e616c2e6176616a | 6a 61 76 61 2e 6c 61 6e
stack at sp + 4 slots: 0x0000000000000038 is an unknown value
stack at sp + 5 slots: 0x00007ff82d3534db libasyncProfiler.dll
stack at sp + 6 slots: 0x0 is null
stack at sp + 7 slots: 0x0000017a4f98fff8 points into unknown readable memory: 0x00007ff8100017b0 | b0 17 00 10 f8 7f 00 00

Lock stack of current Java thread (top to bottom):


---------------  P R O C E S S  ---------------

Threads class SMR info:
_java_thread_list=0x0000017a99362820, length=23, elements={
0x0000017a2ff90c20, 0x0000017a4f989d70, 0x0000017a4f98e5d0, 0x0000017a4f98f100,
0x0000017a4f98fc30, 0x0000017a4f9928e0, 0x0000017a4f993540, 0x0000017a4f9946f0,
0x0000017a4f9992d0, 0x0000017a4fa40b40, 0x0000017a4fda5100, 0x0000017a95065e30,
0x0000017a95066580, 0x0000017a95067b70, 0x0000017a95066cd0, 0x0000017a95067420,
0x0000017a950682c0, 0x0000017a950656e0, 0x0000017a95064f90, 0x0000017a98b58bc0,
0x0000017a98b57d20, 0x0000017a98b58470, 0x0000017a98b55fe0
}

Java Threads: ( => current thread )
  0x0000017a2ff90c20 JavaThread "main"                              [_thread_blocked, id=18976, stack(0x0000004229a00000,0x0000004229b00000) (1024K)]
  0x0000017a4f989d70 JavaThread "Reference Handler"          daemon [_thread_blocked, id=19396, stack(0x000000422a200000,0x000000422a300000) (1024K)]
  0x0000017a4f98e5d0 JavaThread "Finalizer"                  daemon [_thread_blocked, id=14556, stack(0x000000422a300000,0x000000422a400000) (1024K)]
  0x0000017a4f98f100 JavaThread "Signal Dispatcher"          daemon [_thread_blocked, id=15084, stack(0x000000422a400000,0x000000422a500000) (1024K)]
=>0x0000017a4f98fc30 JavaThread "Attach Listener"            daemon [_thread_in_native, id=18848, stack(0x000000422a500000,0x000000422a600000) (1024K)]
  0x0000017a4f9928e0 JavaThread "Service Thread"             daemon [_thread_blocked, id=18968, stack(0x000000422a600000,0x000000422a700000) (1024K)]
  0x0000017a4f993540 JavaThread "Monitor Deflation Thread"   daemon [_thread_blocked, id=9960, stack(0x000000422a700000,0x000000422a800000) (1024K)]
  0x0000017a4f9946f0 JavaThread "C2 CompilerThread0"         daemon [_thread_blocked, id=18052, stack(0x000000422a800000,0x000000422a900000) (1024K)]
  0x0000017a4f9992d0 JavaThread "C1 CompilerThread0"         daemon [_thread_blocked, id=8652, stack(0x000000422a900000,0x000000422aa00000) (1024K)]
  0x0000017a4fa40b40 JavaThread "Common-Cleaner"             daemon [_thread_blocked, id=6324, stack(0x000000422aa00000,0x000000422ab00000) (1024K)]
  0x0000017a4fda5100 JavaThread "Monitor Ctrl-Break"         daemon [_thread_in_native, id=3088, stack(0x000000422ad00000,0x000000422ae00000) (1024K)]
  0x0000017a95065e30 JavaThread "Notification Thread"        daemon [_thread_blocked, id=16300, stack(0x000000422ae00000,0x000000422af00000) (1024K)]
  0x0000017a95066580 JavaThread "RMI TCP Accept-0"           daemon [_thread_in_native, id=14292, stack(0x000000422af00000,0x000000422b000000) (1024K)]
  0x0000017a95067b70 JavaThread "QuantumRenderer-0"          daemon [_thread_in_native, id=17460, stack(0x000000422b000000,0x000000422b100000) (1024K)]
  0x0000017a95066cd0 JavaThread "RMI TCP Connection(1)-192.168.1.18" daemon [_thread_in_native, id=19056, stack(0x000000422b100000,0x000000422b200000) (1024K)]
  0x0000017a95067420 JavaThread "RMI Scheduler(0)"           daemon [_thread_blocked, id=1040, stack(0x000000422b200000,0x000000422b300000) (1024K)]
  0x0000017a950682c0 JavaThread "JMX server connection timeout 32" daemon [_thread_blocked, id=16344, stack(0x000000422b300000,0x000000422b400000) (1024K)]
  0x0000017a950656e0 JavaThread "JFR Recorder Thread"        daemon [_thread_in_native, id=15548, stack(0x000000422b400000,0x000000422b500000) (1024K)]
  0x0000017a95064f90 JavaThread "InvokeLaterDispatcher"      daemon [_thread_blocked, id=18388, stack(0x000000422b500000,0x000000422b600000) (1024K)]
  0x0000017a98b58bc0 JavaThread "JavaFX Application Thread"         [_thread_blocked, id=13940, stack(0x000000422b600000,0x000000422b700000) (1024K)]
  0x0000017a98b57d20 JavaThread "JFR Periodic Tasks"         daemon [_thread_blocked, id=3096, stack(0x000000422c700000,0x000000422c800000) (1024K)]
  0x0000017a98b58470 JavaThread "Thread-1"                   daemon [_thread_in_native, id=18204, stack(0x000000422c600000,0x000000422c700000) (1024K)]
  0x0000017a98b55fe0 JavaThread "JavaFX-Launcher"                   [_thread_blocked, id=17688, stack(0x000000422c800000,0x000000422c900000) (1024K)]
Total: 23

Other Threads:
  0x0000017a4f97a290 VMThread "VM Thread"                           [id=2992, stack(0x000000422a100000,0x000000422a200000) (1024K)]
  0x0000017a4f838060 WatcherThread "VM Periodic Task Thread"        [id=14348, stack(0x000000422a000000,0x000000422a100000) (1024K)]
  0x0000017a2fff53c0 WorkerThread "GC Thread#0"                     [id=15760, stack(0x0000004229b00000,0x0000004229c00000) (1024K)]
  0x0000017a99363400 WorkerThread "GC Thread#1"                     [id=1816, stack(0x000000422c900000,0x000000422ca00000) (1024K)]
  0x0000017a99602000 WorkerThread "GC Thread#2"                     [id=2692, stack(0x000000422ca00000,0x000000422cb00000) (1024K)]
  0x0000017a99495810 WorkerThread "GC Thread#3"                     [id=14236, stack(0x000000422cb00000,0x000000422cc00000) (1024K)]
  0x0000017a994945a0 WorkerThread "GC Thread#4"                     [id=8012, stack(0x000000422cc00000,0x000000422cd00000) (1024K)]
  0x0000017a99493e40 WorkerThread "GC Thread#5"                     [id=11516, stack(0x000000422cd00000,0x000000422ce00000) (1024K)]
  0x0000017a30009610 ConcurrentGCThread "G1 Main Marker"            [id=7332, stack(0x0000004229c00000,0x0000004229d00000) (1024K)]
  0x0000017a3000aae0 WorkerThread "G1 Conc#0"                       [id=1324, stack(0x0000004229d00000,0x0000004229e00000) (1024K)]
  0x0000017a4f82eab0 ConcurrentGCThread "G1 Refine#0"               [id=4752, stack(0x0000004229e00000,0x0000004229f00000) (1024K)]
  0x0000017a4f82f2e0 ConcurrentGCThread "G1 Service"                [id=6028, stack(0x0000004229f00000,0x000000422a000000) (1024K)]
Total: 12

Threads with active compile tasks:
Total: 0

VM state: not at safepoint (normal execution)

VM Mutex/Monitor currently owned by a thread: None

Heap address: 0x0000000705000000, size: 4016 MB, Compressed Oops mode: Zero based, Oop shift amount: 3

CDS archive(s) mapped at: [0x0000017a50000000-0x0000017a50d40000-0x0000017a50d40000), size 13893632, SharedBaseAddress: 0x0000017a50000000, ArchiveRelocationMode: 1.
Compressed class space mapped at: 0x0000017a51000000-0x0000017a91000000, reserved size: 1073741824
UseCompressedClassPointers 1, UseCompactObjectHeaders 0
Narrow klass pointer bits 32, Max shift 3
Narrow klass base: 0x0000017a50000000, Narrow klass shift: 0
Encoding Range: [0x0000017a50000000 - 0x0000017b50000000), (4294967296 bytes)
Klass Range:    [0x0000017a50000000 - 0x0000017a91000000), (1090519040 bytes)
Klass ID Range:  [8 - 1090519033) (1090519025)

GC Precious Log:
 CardTable entry size: 512
 Card Set container configuration: InlinePtr #cards 4 size 8 Array Of Cards #cards 16 size 48 Howl #buckets 8 coarsen threshold 3686 Howl Bitmap #cards 512 size 80 coarsen threshold 460 Card regions per heap region 1 cards per card region 4096
 CPUs: 12 total, 12 available
 Memory: 16057M
 Large Page Support: Disabled
 NUMA Support: Disabled
 Compressed Oops: Enabled (Zero based)
 Heap Region Size: 2M
 Heap Min Capacity: 8M
 Heap Initial Capacity: 252M
 Heap Max Capacity: 4016M
 Pre-touch: Disabled
 Parallel Workers: 10
 Concurrent Workers: 3
 Concurrent Refinement Workers: 10
 Periodic GC: Disabled

Heap:
 garbage-first heap   total reserved 4112384K, committed 260096K, used 29078K [0x0000000705000000, 0x0000000800000000)
  region size 2048K, 16 young (32768K), 3 survivors (6144K)
 Metaspace       used 14162K, committed 14464K, reserved 1114112K
  class space    used 1522K, committed 1664K, reserved 1048576K

Heap Regions: E=young(eden), S=young(survivor), O=old, HS=humongous(starts), HC=humongous(continues), CS=collection set, F=free, TAMS=top-at-mark-start, PB=parsable bottom
|   0|0x0000000705000000, 0x0000000705000000, 0x0000000705200000|  0%| F|  |TAMS 0x0000000705000000| PB 0x0000000705000000| Untracked |  0
|   1|0x0000000705200000, 0x0000000705200000, 0x0000000705400000|  0%| F|  |TAMS 0x0000000705200000| PB 0x0000000705200000| Untracked |  0
|   2|0x0000000705400000, 0x0000000705400000, 0x0000000705600000|  0%| F|  |TAMS 0x0000000705400000| PB 0x0000000705400000| Untracked |  0
|   3|0x0000000705600000, 0x0000000705600000, 0x0000000705800000|  0%| F|  |TAMS 0x0000000705600000| PB 0x0000000705600000| Untracked |  0
|   4|0x0000000705800000, 0x0000000705800000, 0x0000000705a00000|  0%| F|  |TAMS 0x0000000705800000| PB 0x0000000705800000| Untracked |  0
|   5|0x0000000705a00000, 0x0000000705a00000, 0x0000000705c00000|  0%| F|  |TAMS 0x0000000705a00000| PB 0x0000000705a00000| Untracked |  0
|   6|0x0000000705c00000, 0x0000000705c00000, 0x0000000705e00000|  0%| F|  |TAMS 0x0000000705c00000| PB 0x0000000705c00000| Untracked |  0
|   7|0x0000000705e00000, 0x0000000705e00000, 0x0000000706000000|  0%| F|  |TAMS 0x0000000705e00000| PB 0x0000000705e00000| Untracked |  0
|   8|0x0000000706000000, 0x0000000706000000, 0x0000000706200000|  0%| F|  |TAMS 0x0000000706000000| PB 0x0000000706000000| Untracked |  0
|   9|0x0000000706200000, 0x0000000706200000, 0x0000000706400000|  0%| F|  |TAMS 0x0000000706200000| PB 0x0000000706200000| Untracked |  0
|  10|0x0000000706400000, 0x0000000706400000, 0x0000000706600000|  0%| F|  |TAMS 0x0000000706400000| PB 0x0000000706400000| Untracked |  0
|  11|0x0000000706600000, 0x0000000706600000, 0x0000000706800000|  0%| F|  |TAMS 0x0000000706600000| PB 0x0000000706600000| Untracked |  0
|  12|0x0000000706800000, 0x0000000706800000, 0x0000000706a00000|  0%| F|  |TAMS 0x0000000706800000| PB 0x0000000706800000| Untracked |  0
|  13|0x0000000706a00000, 0x0000000706a00000, 0x0000000706c00000|  0%| F|  |TAMS 0x0000000706a00000| PB 0x0000000706a00000| Untracked |  0
|  14|0x0000000706c00000, 0x0000000706c00000, 0x0000000706e00000|  0%| F|  |TAMS 0x0000000706c00000| PB 0x0000000706c00000| Untracked |  0
|  15|0x0000000706e00000, 0x0000000706e00000, 0x0000000707000000|  0%| F|  |TAMS 0x0000000706e00000| PB 0x0000000706e00000| Untracked |  0
|  16|0x0000000707000000, 0x0000000707000000, 0x0000000707200000|  0%| F|  |TAMS 0x0000000707000000| PB 0x0000000707000000| Untracked |  0
|  17|0x0000000707200000, 0x0000000707200000, 0x0000000707400000|  0%| F|  |TAMS 0x0000000707200000| PB 0x0000000707200000| Untracked |  0
|  18|0x0000000707400000, 0x0000000707400000, 0x0000000707600000|  0%| F|  |TAMS 0x0000000707400000| PB 0x0000000707400000| Untracked |  0
|  19|0x0000000707600000, 0x0000000707600000, 0x0000000707800000|  0%| F|  |TAMS 0x0000000707600000| PB 0x0000000707600000| Untracked |  0
|  20|0x0000000707800000, 0x0000000707800000, 0x0000000707a00000|  0%| F|  |TAMS 0x0000000707800000| PB 0x0000000707800000| Untracked |  0
|  21|0x0000000707a00000, 0x0000000707a00000, 0x0000000707c00000|  0%| F|  |TAMS 0x0000000707a00000| PB 0x0000000707a00000| Untracked |  0
|  22|0x0000000707c00000, 0x0000000707c00000, 0x0000000707e00000|  0%| F|  |TAMS 0x0000000707c00000| PB 0x0000000707c00000| Untracked |  0
|  23|0x0000000707e00000, 0x0000000707e00000, 0x0000000708000000|  0%| F|  |TAMS 0x0000000707e00000| PB 0x0000000707e00000| Untracked |  0
|  24|0x0000000708000000, 0x0000000708000000, 0x0000000708200000|  0%| F|  |TAMS 0x0000000708000000| PB 0x0000000708000000| Untracked |  0
|  25|0x0000000708200000, 0x0000000708200000, 0x0000000708400000|  0%| F|  |TAMS 0x0000000708200000| PB 0x0000000708200000| Untracked |  0
|  26|0x0000000708400000, 0x0000000708400000, 0x0000000708600000|  0%| F|  |TAMS 0x0000000708400000| PB 0x0000000708400000| Untracked |  0
|  27|0x0000000708600000, 0x0000000708600000, 0x0000000708800000|  0%| F|  |TAMS 0x0000000708600000| PB 0x0000000708600000| Untracked |  0
|  28|0x0000000708800000, 0x0000000708800000, 0x0000000708a00000|  0%| F|  |TAMS 0x0000000708800000| PB 0x0000000708800000| Untracked |  0
|  29|0x0000000708a00000, 0x0000000708a00000, 0x0000000708c00000|  0%| F|  |TAMS 0x0000000708a00000| PB 0x0000000708a00000| Untracked |  0
|  30|0x0000000708c00000, 0x0000000708c00000, 0x0000000708e00000|  0%| F|  |TAMS 0x0000000708c00000| PB 0x0000000708c00000| Untracked |  0
|  31|0x0000000708e00000, 0x0000000708e00000, 0x0000000709000000|  0%| F|  |TAMS 0x0000000708e00000| PB 0x0000000708e00000| Untracked |  0
|  32|0x0000000709000000, 0x0000000709000000, 0x0000000709200000|  0%| F|  |TAMS 0x0000000709000000| PB 0x0000000709000000| Untracked |  0
|  33|0x0000000709200000, 0x0000000709200000, 0x0000000709400000|  0%| F|  |TAMS 0x0000000709200000| PB 0x0000000709200000| Untracked |  0
|  34|0x0000000709400000, 0x0000000709400000, 0x0000000709600000|  0%| F|  |TAMS 0x0000000709400000| PB 0x0000000709400000| Untracked |  0
|  35|0x0000000709600000, 0x0000000709600000, 0x0000000709800000|  0%| F|  |TAMS 0x0000000709600000| PB 0x0000000709600000| Untracked |  0
|  36|0x0000000709800000, 0x0000000709800000, 0x0000000709a00000|  0%| F|  |TAMS 0x0000000709800000| PB 0x0000000709800000| Untracked |  0
|  37|0x0000000709a00000, 0x0000000709a00000, 0x0000000709c00000|  0%| F|  |TAMS 0x0000000709a00000| PB 0x0000000709a00000| Untracked |  0
|  38|0x0000000709c00000, 0x0000000709c00000, 0x0000000709e00000|  0%| F|  |TAMS 0x0000000709c00000| PB 0x0000000709c00000| Untracked |  0
|  39|0x0000000709e00000, 0x0000000709e00000, 0x000000070a000000|  0%| F|  |TAMS 0x0000000709e00000| PB 0x0000000709e00000| Untracked |  0
|  40|0x000000070a000000, 0x000000070a000000, 0x000000070a200000|  0%| F|  |TAMS 0x000000070a000000| PB 0x000000070a000000| Untracked |  0
|  41|0x000000070a200000, 0x000000070a200000, 0x000000070a400000|  0%| F|  |TAMS 0x000000070a200000| PB 0x000000070a200000| Untracked |  0
|  42|0x000000070a400000, 0x000000070a400000, 0x000000070a600000|  0%| F|  |TAMS 0x000000070a400000| PB 0x000000070a400000| Untracked |  0
|  43|0x000000070a600000, 0x000000070a600000, 0x000000070a800000|  0%| F|  |TAMS 0x000000070a600000| PB 0x000000070a600000| Untracked |  0
|  44|0x000000070a800000, 0x000000070a800000, 0x000000070aa00000|  0%| F|  |TAMS 0x000000070a800000| PB 0x000000070a800000| Untracked |  0
|  45|0x000000070aa00000, 0x000000070aa00000, 0x000000070ac00000|  0%| F|  |TAMS 0x000000070aa00000| PB 0x000000070aa00000| Untracked |  0
|  46|0x000000070ac00000, 0x000000070ac00000, 0x000000070ae00000|  0%| F|  |TAMS 0x000000070ac00000| PB 0x000000070ac00000| Untracked |  0
|  47|0x000000070ae00000, 0x000000070ae00000, 0x000000070b000000|  0%| F|  |TAMS 0x000000070ae00000| PB 0x000000070ae00000| Untracked |  0
|  48|0x000000070b000000, 0x000000070b000000, 0x000000070b200000|  0%| F|  |TAMS 0x000000070b000000| PB 0x000000070b000000| Untracked |  0
|  49|0x000000070b200000, 0x000000070b200000, 0x000000070b400000|  0%| F|  |TAMS 0x000000070b200000| PB 0x000000070b200000| Untracked |  0
|  50|0x000000070b400000, 0x000000070b400000, 0x000000070b600000|  0%| F|  |TAMS 0x000000070b400000| PB 0x000000070b400000| Untracked |  0
|  51|0x000000070b600000, 0x000000070b600000, 0x000000070b800000|  0%| F|  |TAMS 0x000000070b600000| PB 0x000000070b600000| Untracked |  0
|  52|0x000000070b800000, 0x000000070b800000, 0x000000070ba00000|  0%| F|  |TAMS 0x000000070b800000| PB 0x000000070b800000| Untracked |  0
|  53|0x000000070ba00000, 0x000000070ba00000, 0x000000070bc00000|  0%| F|  |TAMS 0x000000070ba00000| PB 0x000000070ba00000| Untracked |  0
|  54|0x000000070bc00000, 0x000000070bc00000, 0x000000070be00000|  0%| F|  |TAMS 0x000000070bc00000| PB 0x000000070bc00000| Untracked |  0
|  55|0x000000070be00000, 0x000000070be00000, 0x000000070c000000|  0%| F|  |TAMS 0x000000070be00000| PB 0x000000070be00000| Untracked |  0
|  56|0x000000070c000000, 0x000000070c000000, 0x000000070c200000|  0%| F|  |TAMS 0x000000070c000000| PB 0x000000070c000000| Untracked |  0
|  57|0x000000070c200000, 0x000000070c200000, 0x000000070c400000|  0%| F|  |TAMS 0x000000070c200000| PB 0x000000070c200000| Untracked |  0
|  58|0x000000070c400000, 0x000000070c400000, 0x000000070c600000|  0%| F|  |TAMS 0x000000070c400000| PB 0x000000070c400000| Untracked |  0
|  59|0x000000070c600000, 0x000000070c600000, 0x000000070c800000|  0%| F|  |TAMS 0x000000070c600000| PB 0x000000070c600000| Untracked |  0
|  60|0x000000070c800000, 0x000000070c800000, 0x000000070ca00000|  0%| F|  |TAMS 0x000000070c800000| PB 0x000000070c800000| Untracked |  0
|  61|0x000000070ca00000, 0x000000070ca00000, 0x000000070cc00000|  0%| F|  |TAMS 0x000000070ca00000| PB 0x000000070ca00000| Untracked |  0
|  62|0x000000070cc00000, 0x000000070cc00000, 0x000000070ce00000|  0%| F|  |TAMS 0x000000070cc00000| PB 0x000000070cc00000| Untracked |  0
|  63|0x000000070ce00000, 0x000000070ce00000, 0x000000070d000000|  0%| F|  |TAMS 0x000000070ce00000| PB 0x000000070ce00000| Untracked |  0
|  64|0x000000070d000000, 0x000000070d000000, 0x000000070d200000|  0%| F|  |TAMS 0x000000070d000000| PB 0x000000070d000000| Untracked |  0
|  65|0x000000070d200000, 0x000000070d200000, 0x000000070d400000|  0%| F|  |TAMS 0x000000070d200000| PB 0x000000070d200000| Untracked |  0
|  66|0x000000070d400000, 0x000000070d400000, 0x000000070d600000|  0%| F|  |TAMS 0x000000070d400000| PB 0x000000070d400000| Untracked |  0
|  67|0x000000070d600000, 0x000000070d600000, 0x000000070d800000|  0%| F|  |TAMS 0x000000070d600000| PB 0x000000070d600000| Untracked |  0
|  68|0x000000070d800000, 0x000000070d800000, 0x000000070da00000|  0%| F|  |TAMS 0x000000070d800000| PB 0x000000070d800000| Untracked |  0
|  69|0x000000070da00000, 0x000000070da00000, 0x000000070dc00000|  0%| F|  |TAMS 0x000000070da00000| PB 0x000000070da00000| Untracked |  0
|  70|0x000000070dc00000, 0x000000070dc00000, 0x000000070de00000|  0%| F|  |TAMS 0x000000070dc00000| PB 0x000000070dc00000| Untracked |  0
|  71|0x000000070de00000, 0x000000070de00000, 0x000000070e000000|  0%| F|  |TAMS 0x000000070de00000| PB 0x000000070de00000| Untracked |  0
|  72|0x000000070e000000, 0x000000070e000000, 0x000000070e200000|  0%| F|  |TAMS 0x000000070e000000| PB 0x000000070e000000| Untracked |  0
|  73|0x000000070e200000, 0x000000070e200000, 0x000000070e400000|  0%| F|  |TAMS 0x000000070e200000| PB 0x000000070e200000| Untracked |  0
|  74|0x000000070e400000, 0x000000070e400000, 0x000000070e600000|  0%| F|  |TAMS 0x000000070e400000| PB 0x000000070e400000| Untracked |  0
|  75|0x000000070e600000, 0x000000070e600000, 0x000000070e800000|  0%| F|  |TAMS 0x000000070e600000| PB 0x000000070e600000| Untracked |  0
|  76|0x000000070e800000, 0x000000070e800000, 0x000000070ea00000|  0%| F|  |TAMS 0x000000070e800000| PB 0x000000070e800000| Untracked |  0
|  77|0x000000070ea00000, 0x000000070ea00000, 0x000000070ec00000|  0%| F|  |TAMS 0x000000070ea00000| PB 0x000000070ea00000| Untracked |  0
|  78|0x000000070ec00000, 0x000000070ec00000, 0x000000070ee00000|  0%| F|  |TAMS 0x000000070ec00000| PB 0x000000070ec00000| Untracked |  0
|  79|0x000000070ee00000, 0x000000070ee00000, 0x000000070f000000|  0%| F|  |TAMS 0x000000070ee00000| PB 0x000000070ee00000| Untracked |  0
|  80|0x000000070f000000, 0x000000070f000000, 0x000000070f200000|  0%| F|  |TAMS 0x000000070f000000| PB 0x000000070f000000| Untracked |  0
|  81|0x000000070f200000, 0x000000070f200000, 0x000000070f400000|  0%| F|  |TAMS 0x000000070f200000| PB 0x000000070f200000| Untracked |  0
|  82|0x000000070f400000, 0x000000070f400000, 0x000000070f600000|  0%| F|  |TAMS 0x000000070f400000| PB 0x000000070f400000| Untracked |  0
|  83|0x000000070f600000, 0x000000070f600000, 0x000000070f800000|  0%| F|  |TAMS 0x000000070f600000| PB 0x000000070f600000| Untracked |  0
|  84|0x000000070f800000, 0x000000070f800000, 0x000000070fa00000|  0%| F|  |TAMS 0x000000070f800000| PB 0x000000070f800000| Untracked |  0
|  85|0x000000070fa00000, 0x000000070fa00000, 0x000000070fc00000|  0%| F|  |TAMS 0x000000070fa00000| PB 0x000000070fa00000| Untracked |  0
|  86|0x000000070fc00000, 0x000000070fc00000, 0x000000070fe00000|  0%| F|  |TAMS 0x000000070fc00000| PB 0x000000070fc00000| Untracked |  0
|  87|0x000000070fe00000, 0x000000070fe00000, 0x0000000710000000|  0%| F|  |TAMS 0x000000070fe00000| PB 0x000000070fe00000| Untracked |  0
|  88|0x0000000710000000, 0x0000000710000000, 0x0000000710200000|  0%| F|  |TAMS 0x0000000710000000| PB 0x0000000710000000| Untracked |  0
|  89|0x0000000710200000, 0x0000000710200000, 0x0000000710400000|  0%| F|  |TAMS 0x0000000710200000| PB 0x0000000710200000| Untracked |  0
|  90|0x0000000710400000, 0x0000000710400000, 0x0000000710600000|  0%| F|  |TAMS 0x0000000710400000| PB 0x0000000710400000| Untracked |  0
|  91|0x0000000710600000, 0x0000000710600000, 0x0000000710800000|  0%| F|  |TAMS 0x0000000710600000| PB 0x0000000710600000| Untracked |  0
|  92|0x0000000710800000, 0x0000000710800000, 0x0000000710a00000|  0%| F|  |TAMS 0x0000000710800000| PB 0x0000000710800000| Untracked |  0
|  93|0x0000000710a00000, 0x0000000710a00000, 0x0000000710c00000|  0%| F|  |TAMS 0x0000000710a00000| PB 0x0000000710a00000| Untracked |  0
|  94|0x0000000710c00000, 0x0000000710c00000, 0x0000000710e00000|  0%| F|  |TAMS 0x0000000710c00000| PB 0x0000000710c00000| Untracked |  0
|  95|0x0000000710e00000, 0x0000000710e00000, 0x0000000711000000|  0%| F|  |TAMS 0x0000000710e00000| PB 0x0000000710e00000| Untracked |  0
|  96|0x0000000711000000, 0x0000000711000000, 0x0000000711200000|  0%| F|  |TAMS 0x0000000711000000| PB 0x0000000711000000| Untracked |  0
|  97|0x0000000711200000, 0x0000000711200000, 0x0000000711400000|  0%| F|  |TAMS 0x0000000711200000| PB 0x0000000711200000| Untracked |  0
|  98|0x0000000711400000, 0x0000000711400000, 0x0000000711600000|  0%| F|  |TAMS 0x0000000711400000| PB 0x0000000711400000| Untracked |  0
|  99|0x0000000711600000, 0x0000000711749520, 0x0000000711800000| 64%| S|CS|TAMS 0x0000000711600000| PB 0x0000000711600000| Complete |  0
| 100|0x0000000711800000, 0x0000000711a00000, 0x0000000711a00000|100%| S|CS|TAMS 0x0000000711800000| PB 0x0000000711800000| Complete |  0
| 101|0x0000000711a00000, 0x0000000711c00000, 0x0000000711c00000|100%| S|CS|TAMS 0x0000000711a00000| PB 0x0000000711a00000| Complete |  0
| 102|0x0000000711c00000, 0x0000000711c00000, 0x0000000711e00000|  0%| F|  |TAMS 0x0000000711c00000| PB 0x0000000711c00000| Untracked |  0
| 103|0x0000000711e00000, 0x0000000711e00000, 0x0000000712000000|  0%| F|  |TAMS 0x0000000711e00000| PB 0x0000000711e00000| Untracked |  0
| 104|0x0000000712000000, 0x0000000712000000, 0x0000000712200000|  0%| F|  |TAMS 0x0000000712000000| PB 0x0000000712000000| Untracked |  0
| 105|0x0000000712200000, 0x0000000712200000, 0x0000000712400000|  0%| F|  |TAMS 0x0000000712200000| PB 0x0000000712200000| Untracked |  0
| 106|0x0000000712400000, 0x0000000712400000, 0x0000000712600000|  0%| F|  |TAMS 0x0000000712400000| PB 0x0000000712400000| Untracked |  0
| 107|0x0000000712600000, 0x0000000712600000, 0x0000000712800000|  0%| F|  |TAMS 0x0000000712600000| PB 0x0000000712600000| Untracked |  0
| 108|0x0000000712800000, 0x0000000712800000, 0x0000000712a00000|  0%| F|  |TAMS 0x0000000712800000| PB 0x0000000712800000| Untracked |  0
| 109|0x0000000712a00000, 0x0000000712a00000, 0x0000000712c00000|  0%| F|  |TAMS 0x0000000712a00000| PB 0x0000000712a00000| Untracked |  0
| 110|0x0000000712c00000, 0x0000000712c00000, 0x0000000712e00000|  0%| F|  |TAMS 0x0000000712c00000| PB 0x0000000712c00000| Untracked |  0
| 111|0x0000000712e00000, 0x0000000712e00000, 0x0000000713000000|  0%| F|  |TAMS 0x0000000712e00000| PB 0x0000000712e00000| Untracked |  0
| 112|0x0000000713000000, 0x0000000713000000, 0x0000000713200000|  0%| F|  |TAMS 0x0000000713000000| PB 0x0000000713000000| Untracked |  0
| 113|0x0000000713200000, 0x0000000713271e58, 0x0000000713400000| 22%| E|  |TAMS 0x0000000713200000| PB 0x0000000713200000| Complete |  0
| 114|0x0000000713400000, 0x0000000713600000, 0x0000000713600000|100%| E|CS|TAMS 0x0000000713400000| PB 0x0000000713400000| Complete |  0
| 115|0x0000000713600000, 0x0000000713800000, 0x0000000713800000|100%| E|CS|TAMS 0x0000000713600000| PB 0x0000000713600000| Complete |  0
| 116|0x0000000713800000, 0x0000000713a00000, 0x0000000713a00000|100%| E|CS|TAMS 0x0000000713800000| PB 0x0000000713800000| Complete |  0
| 117|0x0000000713a00000, 0x0000000713c00000, 0x0000000713c00000|100%| E|CS|TAMS 0x0000000713a00000| PB 0x0000000713a00000| Complete |  0
| 118|0x0000000713c00000, 0x0000000713e00000, 0x0000000713e00000|100%| E|CS|TAMS 0x0000000713c00000| PB 0x0000000713c00000| Complete |  0
| 119|0x0000000713e00000, 0x0000000714000000, 0x0000000714000000|100%| E|CS|TAMS 0x0000000713e00000| PB 0x0000000713e00000| Complete |  0
| 120|0x0000000714000000, 0x0000000714200000, 0x0000000714200000|100%| E|CS|TAMS 0x0000000714000000| PB 0x0000000714000000| Complete |  0
| 121|0x0000000714200000, 0x0000000714400000, 0x0000000714400000|100%| E|CS|TAMS 0x0000000714200000| PB 0x0000000714200000| Complete |  0
| 122|0x0000000714400000, 0x0000000714600000, 0x0000000714600000|100%| E|CS|TAMS 0x0000000714400000| PB 0x0000000714400000| Complete |  0
| 123|0x0000000714600000, 0x0000000714800000, 0x0000000714800000|100%| E|  |TAMS 0x0000000714600000| PB 0x0000000714600000| Complete |  0
| 124|0x0000000714800000, 0x0000000714a00000, 0x0000000714a00000|100%| E|CS|TAMS 0x0000000714800000| PB 0x0000000714800000| Complete |  0
| 125|0x0000000714a00000, 0x0000000714c00000, 0x0000000714c00000|100%| E|CS|TAMS 0x0000000714a00000| PB 0x0000000714a00000| Complete |  0
|2007|0x00000007ffe00000, 0x00000007fff1c348, 0x0000000800000000| 55%| O|  |TAMS 0x00000007ffe00000| PB 0x00000007ffe00000| Untracked |  0

Card table byte_map: [0x0000017a48670000,0x0000017a48e50000] _byte_map_base: 0x0000017a44e48000

Marking Bits: (CMBitMap*) 0x0000017a2dc0df10
 Bits: [0x0000017a48e50000, 0x0000017a4cd10000)

Polling page: 0x0000017a2dd60000

Metaspace:

Usage:
  Non-class:     12.35 MB used.
      Class:      1.49 MB used.
       Both:     13.84 MB used.

Virtual space:
  Non-class space:       64.00 MB reserved,      12.56 MB ( 20%) committed,  1 nodes.
      Class space:        1.00 GB reserved,       1.62 MB ( <1%) committed,  1 nodes.
             Both:        1.06 GB reserved,      14.19 MB (  1%) committed. 

Chunk freelists:
   Non-Class:  3.30 MB
       Class:  14.42 MB
        Both:  17.72 MB

MaxMetaspaceSize: unlimited
CompressedClassSpaceSize: 1.00 GB
Initial GC threshold: 21.00 MB
Current GC threshold: 21.00 MB
CDS: on
 - commit_granule_bytes: 65536.
 - commit_granule_words: 8192.
 - virtual_space_node_default_size: 8388608.
 - enlarge_chunks_in_place: 1.
UseCompressedClassPointers 1, UseCompactObjectHeaders 0
Narrow klass pointer bits 32, Max shift 3
Narrow klass base: 0x0000017a50000000, Narrow klass shift: 0
Encoding Range: [0x0000017a50000000 - 0x0000017b50000000), (4294967296 bytes)
Klass Range:    [0x0000017a50000000 - 0x0000017a91000000), (1090519040 bytes)
Klass ID Range:  [8 - 1090519033) (1090519025)


Internal statistics:

num_allocs_failed_limit: 0.
num_arena_births: 264.
num_arena_deaths: 0.
num_vsnodes_births: 2.
num_vsnodes_deaths: 0.
num_space_committed: 227.
num_space_uncommitted: 0.
num_chunks_returned_to_freelist: 0.
num_chunks_taken_from_freelist: 538.
num_chunk_merges: 0.
num_chunk_splits: 368.
num_chunks_enlarged: 267.
num_inconsistent_stats: 0.

CodeHeap 'non-profiled nmethods': size=120064Kb used=884Kb max_used=884Kb free=119179Kb
 bounds [0x0000017a402f0000, 0x0000017a40560000, 0x0000017a47830000]
CodeHeap 'profiled nmethods': size=120000Kb used=3436Kb max_used=3436Kb free=116564Kb
 bounds [0x0000017a38830000, 0x0000017a38b90000, 0x0000017a3fd60000]
CodeHeap 'non-nmethods': size=5696Kb used=1605Kb max_used=1644Kb free=4090Kb
 bounds [0x0000017a3fd60000, 0x0000017a3ffd0000, 0x0000017a402f0000]
CodeCache: size=245760Kb, used=5925Kb, max_used=5964Kb, free=239833Kb
 total_blobs=3217, nmethods=2446, adapters=676, full_count=0
Compilation: enabled, stopped_count=0, restarted_count=0

Compilation events (20 events):
Event: 1.694 Thread 0x0000017a4f9992d0 nmethod 2155 0x0000017a38b10388 code [0x0000017a38b10500, 0x0000017a38b10c48]
Event: 1.694 Thread 0x0000017a4f9992d0 2156       3       jdk.internal.util.DecimalDigits::stringSize (47 bytes)
Event: 1.695 Thread 0x0000017a4f9992d0 nmethod 2156 0x0000017a38b10d08 code [0x0000017a38b10e20, 0x0000017a38b11050]
Event: 1.695 Thread 0x0000017a4f9992d0 2157       3       java.lang.StringLatin1::getChars (102 bytes)
Event: 1.696 Thread 0x0000017a4f9992d0 nmethod 2157 0x0000017a38b11088 code [0x0000017a38b111e0, 0x0000017a38b11598]
Event: 1.696 Thread 0x0000017a4f9992d0 2158       3       jdk.internal.classfile.impl.DirectFieldBuilder::<init> (42 bytes)
Event: 1.697 Thread 0x0000017a4f9992d0 nmethod 2158 0x0000017a38b11608 code [0x0000017a38b117a0, 0x0000017a38b12278]
Event: 1.697 Thread 0x0000017a4f9992d0 2159       3       jdk.internal.classfile.impl.DirectClassBuilder::withField (54 bytes)
Event: 1.697 Thread 0x0000017a4f9992d0 nmethod 2159 0x0000017a38b12308 code [0x0000017a38b12460, 0x0000017a38b129f8]
Event: 1.697 Thread 0x0000017a4f9992d0 2160       3       jdk.internal.classfile.impl.DirectFieldBuilder::writeTo (33 bytes)
Event: 1.699 Thread 0x0000017a4f9992d0 nmethod 2160 0x0000017a38b12a88 code [0x0000017a38b12e40, 0x0000017a38b15250]
Event: 1.699 Thread 0x0000017a4f9992d0 2161       1       jdk.internal.classfile.impl.UnboundAttribute$UnboundRuntimeVisibleAnnotationsAttribute::annotations (5 bytes)
Event: 1.699 Thread 0x0000017a4f9992d0 nmethod 2161 0x0000017a403b5f08 code [0x0000017a403b6000, 0x0000017a403b60c8]
Event: 1.716 Thread 0x0000017a4f9992d0 2163       3       java.nio.ByteBuffer::arrayOffset (35 bytes)
Event: 1.717 Thread 0x0000017a4f9992d0 nmethod 2163 0x0000017a38b15308 code [0x0000017a38b15440, 0x0000017a38b15708]
Event: 1.717 Thread 0x0000017a4f9992d0 2166       3       java.lang.Thread::isVirtual (5 bytes)
Event: 1.717 Thread 0x0000017a4f9992d0 nmethod 2166 0x0000017a38b15788 code [0x0000017a38b158a0, 0x0000017a38b15a80]
Event: 1.717 Thread 0x0000017a4f9992d0 2164       3       java.lang.Math::multiplyHigh (86 bytes)
Event: 1.717 Thread 0x0000017a4f9992d0 nmethod 2164 0x0000017a38b15b08 code [0x0000017a38b15c20, 0x0000017a38b15d80]
Event: 1.717 Thread 0x0000017a4f9992d0 2165       3       jdk.internal.math.ToDecimal::putChar (31 bytes)

GC Heap History (2 events):
Event: 1.503 GC heap before
{Heap before GC invocations=0 (full 0):
 garbage-first heap   total reserved 4112384K, committed 260096K, used 48240K [0x0000000705000000, 0x0000000800000000)
  region size 2048K, 24 young (49152K), 0 survivors (0K)
 Metaspace       used 10194K, committed 10432K, reserved 1114112K
  class space    used 961K, committed 1088K, reserved 1048576K
}
Event: 1.513 GC heap after
{Heap after GC invocations=1 (full 0):
 garbage-first heap   total reserved 4112384K, committed 260096K, used 6550K [0x0000000705000000, 0x0000000800000000)
  region size 2048K, 3 young (6144K), 3 survivors (6144K)
 Metaspace       used 10194K, committed 10432K, reserved 1114112K
  class space    used 961K, committed 1088K, reserved 1048576K
}

Dll operation events (20 events):
Event: 0.687 Loaded shared library C:\Users\anton\.openjfx\cache\17.0.6\api-ms-win-crt-locale-l1-1-0.dll
Event: 0.693 Loaded shared library C:\Users\anton\.openjfx\cache\17.0.6\api-ms-win-crt-math-l1-1-0.dll
Event: 0.698 Loaded shared library C:\Users\anton\.openjfx\cache\17.0.6\api-ms-win-crt-multibyte-l1-1-0.dll
Event: 0.705 Loaded shared library C:\Users\anton\.openjfx\cache\17.0.6\api-ms-win-crt-private-l1-1-0.dll
Event: 0.711 Loaded shared library C:\Users\anton\.openjfx\cache\17.0.6\api-ms-win-crt-process-l1-1-0.dll
Event: 0.717 Loaded shared library C:\Users\anton\.openjfx\cache\17.0.6\api-ms-win-crt-runtime-l1-1-0.dll
Event: 0.722 Loaded shared library C:\Users\anton\.openjfx\cache\17.0.6\api-ms-win-crt-stdio-l1-1-0.dll
Event: 0.728 Loaded shared library C:\Users\anton\.openjfx\cache\17.0.6\api-ms-win-crt-string-l1-1-0.dll
Event: 0.732 Loaded shared library C:\Users\anton\.openjfx\cache\17.0.6\api-ms-win-crt-time-l1-1-0.dll
Event: 0.740 Loaded shared library C:\Users\anton\.openjfx\cache\17.0.6\api-ms-win-crt-utility-l1-1-0.dll
Event: 0.768 Loaded shared library C:\Users\anton\.openjfx\cache\17.0.6\ucrtbase.dll
Event: 0.775 Loaded shared library C:\Users\anton\.openjfx\cache\17.0.6\vcruntime140.dll
Event: 0.784 Loaded shared library C:\Users\anton\.openjfx\cache\17.0.6\vcruntime140_1.dll
Event: 0.817 Loaded shared library C:\Users\anton\.openjfx\cache\17.0.6\msvcp140.dll
Event: 0.826 Loaded shared library C:\Users\anton\.openjfx\cache\17.0.6\msvcp140_1.dll
Event: 0.840 Loaded shared library C:\Users\anton\.openjfx\cache\17.0.6\msvcp140_2.dll
Event: 0.939 Loaded shared library C:\Users\anton\.openjfx\cache\17.0.6\prism_d3d.dll
Event: 0.971 Loaded shared library C:\Users\anton\AppData\Local\Temp\idea_libasyncProfiler_dll_temp_folder\libasyncProfiler.dll
Event: 1.174 Loaded shared library C:\Users\anton\.openjfx\cache\17.0.6\glass.dll
Event: 1.659 Loaded shared library C:\Users\anton\.openjfx\cache\17.0.6\javafx_font.dll

Deoptimization events (20 events):
Event: 1.514 Thread 0x0000017a98b58bc0 Uncommon trap: trap_request=0xffffff4d fr.pc=0x0000017a40367858 relative=0x0000000000000058
Event: 1.514 Thread 0x0000017a98b58bc0 Uncommon trap: reason=unstable_if action=reinterpret pc=0x0000017a40367858 method=java.lang.ref.ReferenceQueue.poll()Ljava/lang/ref/Reference; @ 4 c2
Event: 1.514 Thread 0x0000017a98b58bc0 DEOPT PACKING pc=0x0000017a40367858 sp=0x000000422b6fcf80
Event: 1.514 Thread 0x0000017a98b58bc0 DEOPT UNPACKING pc=0x0000017a3fe77a82 sp=0x000000422b6fcef0 mode 2
Event: 1.538 Thread 0x0000017a4f98fc30 Uncommon trap: trap_request=0xffffff4d fr.pc=0x0000017a403a83ac relative=0x000000000000020c
Event: 1.538 Thread 0x0000017a4f98fc30 Uncommon trap: reason=unstable_if action=reinterpret pc=0x0000017a403a83ac method=java.io.ByteArrayOutputStream.ensureCapacity(I)V @ 11 c2
Event: 1.538 Thread 0x0000017a4f98fc30 DEOPT PACKING pc=0x0000017a403a83ac sp=0x000000422a5fe550
Event: 1.538 Thread 0x0000017a4f98fc30 DEOPT UNPACKING pc=0x0000017a3fe77a82 sp=0x000000422a5fe488 mode 2
Event: 1.546 Thread 0x0000017a4f98fc30 Uncommon trap: trap_request=0xffffff4d fr.pc=0x0000017a403a8c70 relative=0x00000000000003d0
Event: 1.546 Thread 0x0000017a4f98fc30 Uncommon trap: reason=unstable_if action=reinterpret pc=0x0000017a403a8c70 method=java.io.ByteArrayOutputStream.ensureCapacity(I)V @ 11 c2
Event: 1.546 Thread 0x0000017a4f98fc30 DEOPT PACKING pc=0x0000017a403a8c70 sp=0x000000422a5fe4b0
Event: 1.546 Thread 0x0000017a4f98fc30 DEOPT UNPACKING pc=0x0000017a3fe77a82 sp=0x000000422a5fe390 mode 2
Event: 1.547 Thread 0x0000017a98b58bc0 Uncommon trap: trap_request=0xffffff4d fr.pc=0x0000017a403960b0 relative=0x00000000000000b0
Event: 1.547 Thread 0x0000017a98b58bc0 Uncommon trap: reason=unstable_if action=reinterpret pc=0x0000017a403960b0 method=java.lang.ref.SoftReference.get()Ljava/lang/Object; @ 17 c2
Event: 1.547 Thread 0x0000017a98b58bc0 DEOPT PACKING pc=0x0000017a403960b0 sp=0x000000422b6fd0c0
Event: 1.547 Thread 0x0000017a98b58bc0 DEOPT UNPACKING pc=0x0000017a3fe77a82 sp=0x000000422b6fd050 mode 2
Event: 1.650 Thread 0x0000017a98b58bc0 Uncommon trap: trap_request=0xffffff4d fr.pc=0x0000017a4039569c relative=0x00000000000000fc
Event: 1.650 Thread 0x0000017a98b58bc0 Uncommon trap: reason=unstable_if action=reinterpret pc=0x0000017a4039569c method=java.lang.ref.SoftReference.get()Ljava/lang/Object; @ 17 c2
Event: 1.650 Thread 0x0000017a98b58bc0 DEOPT PACKING pc=0x0000017a4039569c sp=0x000000422b6fd040
Event: 1.650 Thread 0x0000017a98b58bc0 DEOPT UNPACKING pc=0x0000017a3fe77a82 sp=0x000000422b6fcf68 mode 2

Classes loaded (20 events):
Event: 1.527 Loading class jdk/jfr/internal/consumer/StringParser$Encoding
Event: 1.527 Loading class jdk/jfr/internal/consumer/StringParser$Encoding done
Event: 1.553 Loading class jdk/jfr/internal/consumer/RepositoryFiles
Event: 1.554 Loading class jdk/jfr/internal/consumer/RepositoryFiles done
Event: 1.560 Loading class jdk/jfr/internal/SettingsManager$InternalSetting
Event: 1.560 Loading class jdk/jfr/internal/SettingsManager$InternalSetting done
Event: 1.564 Loading class jdk/jfr/internal/util/Rate
Event: 1.564 Loading class jdk/jfr/internal/util/Rate done
Event: 1.565 Loading class jdk/jfr/internal/util/TimespanUnit
Event: 1.565 Loading class jdk/jfr/internal/util/TimespanUnit done
Event: 1.566 Loading class jdk/jfr/internal/util/ValueParser
Event: 1.566 Loading class jdk/jfr/internal/util/ValueParser done
Event: 1.570 Loading class jdk/jfr/internal/periodic/PeriodicType
Event: 1.570 Loading class jdk/jfr/internal/periodic/PeriodicType done
Event: 1.640 Loading class java/io/FilePermission
Event: 1.640 Loading class java/io/FilePermission done
Event: 1.647 Loading class java/io/FilenameFilter
Event: 1.647 Loading class java/io/FilenameFilter done
Event: 1.690 Loading class java/lang/Math$RandomNumberGeneratorHolder
Event: 1.690 Loading class java/lang/Math$RandomNumberGeneratorHolder done

Classes unloaded (0 events):
No events

Classes redefined (0 events):
No events

Internal exceptions (20 events):
Event: 1.063 Thread 0x0000017a4f98fc30 Exception <a 'java/lang/NoSuchMethodError'{0x0000000712fe3aa8}: 'java.lang.Object java.lang.invoke.DirectMethodHandle$Holder.invokeStatic(java.lang.Object, int, java.lang.Object)'> (0x0000000712fe3aa8) 
thrown [s\open\src\hotspot\share\interpreter\linkResolver.cpp, line 805]
Event: 1.091 Thread 0x0000017a4f98fc30 Exception <a 'java/lang/NoSuchMethodError'{0x0000000712d254a0}: 'void java.lang.invoke.DirectMethodHandle$Holder.invokeStaticInit(java.lang.Object)'> (0x0000000712d254a0) 
thrown [s\open\src\hotspot\share\interpreter\linkResolver.cpp, line 805]
Event: 1.117 Thread 0x0000017a4f98fc30 Exception <a 'java/lang/NoSuchMethodError'{0x0000000712d83c08}: 'java.lang.Object java.lang.invoke.DirectMethodHandle$Holder.newInvokeSpecial(java.lang.Object, java.lang.Object, java.lang.Object, java.lang.Object, java.lang.Object)'> (0x0000000712d83c08) 
thrown [s\open\src\hotspot\share\interpreter\linkResolver.cpp, line 805]
Event: 1.122 Thread 0x0000017a2ff90c20 Exception <a 'java/lang/NoSuchMethodError'{0x0000000712df47f0}: 'int java.lang.invoke.DirectMethodHandle$Holder.invokeStaticInit(java.lang.Object, java.lang.Object, java.lang.Object)'> (0x0000000712df47f0) 
thrown [s\open\src\hotspot\share\interpreter\linkResolver.cpp, line 805]
Event: 1.161 Thread 0x0000017a2ff90c20 Exception <a 'java/io/IOException'{0x0000000712ad1d20}> (0x0000000712ad1d20) 
thrown [s\open\src\hotspot\share\prims\jni.cpp, line 518]
Event: 1.189 Thread 0x0000017a2ff90c20 Exception <a 'java/lang/NoSuchMethodError'{0x000000071280de98}: 'java.lang.Object java.lang.invoke.DirectMethodHandle$Holder.newInvokeSpecial(java.lang.Object, java.lang.Object, int, java.lang.Object)'> (0x000000071280de98) 
thrown [s\open\src\hotspot\share\interpreter\linkResolver.cpp, line 805]
Event: 1.211 Thread 0x0000017a4f98fc30 Exception <a 'java/lang/NoSuchMethodError'{0x000000071261c0f8}: 'long java.lang.invoke.DirectMethodHandle$Holder.invokeVirtual(java.lang.Object, java.lang.Object)'> (0x000000071261c0f8) 
thrown [s\open\src\hotspot\share\interpreter\linkResolver.cpp, line 805]
Event: 1.213 Thread 0x0000017a4f98fc30 Exception <a 'java/lang/NoSuchMethodError'{0x000000071262b618}: 'int java.lang.invoke.DirectMethodHandle$Holder.invokeStatic(java.lang.Object, java.lang.Object, java.lang.Object, java.lang.Object)'> (0x000000071262b618) 
thrown [s\open\src\hotspot\share\interpreter\linkResolver.cpp, line 805]
Event: 1.433 Thread 0x0000017a2ff90c20 Exception <a 'java/lang/NoSuchMethodError'{0x0000000712835a50}: 'java.lang.Object java.lang.invoke.DirectMethodHandle$Holder.newInvokeSpecial(java.lang.Object, java.lang.Object, java.lang.Object, java.lang.Object, java.lang.Object, java.lang.Object)'> (0x0000000712835a50) 
thrown [s\open\src\hotspot\share\interpreter\linkResolver.cpp, line 805]
Event: 1.448 Thread 0x0000017a4f98fc30 Exception <a 'java/lang/NoSuchMethodError'{0x0000000712128520}: 'void java.lang.invoke.DirectMethodHandle$Holder.invokeSpecial(java.lang.Object, java.lang.Object, int)'> (0x0000000712128520) 
thrown [s\open\src\hotspot\share\interpreter\linkResolver.cpp, line 805]
Event: 1.449 Thread 0x0000017a4f98fc30 Exception <a 'java/lang/NoSuchMethodError'{0x0000000712130140}: 'void java.lang.invoke.Invokers$Holder.invokeExact_MT(java.lang.Object, int, java.lang.Object)'> (0x0000000712130140) 
thrown [s\open\src\hotspot\share\interpreter\linkResolver.cpp, line 805]
Event: 1.454 Thread 0x0000017a4f98fc30 Exception <a 'java/lang/NoSuchMethodError'{0x000000071214a608}: 'void java.lang.invoke.DirectMethodHandle$Holder.invokeStatic(java.lang.Object, java.lang.Object, int)'> (0x000000071214a608) 
thrown [s\open\src\hotspot\share\interpreter\linkResolver.cpp, line 805]
Event: 1.456 Thread 0x0000017a4f98fc30 Exception <a 'java/lang/NoSuchMethodError'{0x0000000712159510}: 'java.lang.Object java.lang.invoke.DirectMethodHandle$Holder.newInvokeSpecial(java.lang.Object, java.lang.Object, int)'> (0x0000000712159510) 
thrown [s\open\src\hotspot\share\interpreter\linkResolver.cpp, line 805]
Event: 1.469 Thread 0x0000017a4f98fc30 Exception <a 'sun/nio/fs/WindowsException'{0x000000071218d528}> (0x000000071218d528) 
thrown [s\open\src\hotspot\share\prims\jni.cpp, line 518]
Event: 1.475 Thread 0x0000017a4f98fc30 Exception <a 'sun/nio/fs/WindowsException'{0x000000071219a330}> (0x000000071219a330) 
thrown [s\open\src\hotspot\share\prims\jni.cpp, line 518]
Event: 1.483 Thread 0x0000017a4f98fc30 Exception <a 'sun/nio/fs/WindowsException'{0x00000007121ac0c8}> (0x00000007121ac0c8) 
thrown [s\open\src\hotspot\share\prims\jni.cpp, line 518]
Event: 1.600 Thread 0x0000017a98b58bc0 Exception <a 'java/lang/NoSuchMethodError'{0x0000000714447c88}: 'java.lang.Object java.lang.invoke.DirectMethodHandle$Holder.invokeStaticInit(java.lang.Object, java.lang.Object, java.lang.Object, java.lang.Object)'> (0x0000000714447c88) 
thrown [s\open\src\hotspot\share\interpreter\linkResolver.cpp, line 805]
Event: 1.653 Thread 0x0000017a98b58bc0 Exception <a 'java/io/IOException'{0x0000000714217520}> (0x0000000714217520) 
thrown [s\open\src\hotspot\share\prims\jni.cpp, line 518]
Event: 1.692 Thread 0x0000017a98b58bc0 Exception <a 'java/lang/NoSuchMethodError'{0x00000007142c05e8}: 'java.lang.Object java.lang.invoke.DirectMethodHandle$Holder.invokeSpecial(java.lang.Object, java.lang.Object, double, double)'> (0x00000007142c05e8) 
thrown [s\open\src\hotspot\share\interpreter\linkResolver.cpp, line 805]
Event: 1.694 Thread 0x0000017a98b58bc0 Exception <a 'java/lang/NoSuchMethodError'{0x00000007142d0a80}: 'java.lang.Object java.lang.invoke.DelegatingMethodHandle$Holder.reinvoke_L(java.lang.Object, java.lang.Object, double, double)'> (0x00000007142d0a80) 
thrown [s\open\src\hotspot\share\interpreter\linkResolver.cpp, line 805]

VM Operations (20 events):
Event: 0.222 Executing VM operation: HandshakeAllThreads (Deoptimize)
Event: 0.222 Executing VM operation: HandshakeAllThreads (Deoptimize) done
Event: 0.356 Executing VM operation: HandshakeAllThreads (Deoptimize)
Event: 0.356 Executing VM operation: HandshakeAllThreads (Deoptimize) done
Event: 0.464 Executing VM operation: HandshakeAllThreads (Deoptimize)
Event: 0.464 Executing VM operation: HandshakeAllThreads (Deoptimize) done
Event: 0.833 Executing VM operation: HandshakeAllThreads (Deoptimize)
Event: 0.833 Executing VM operation: HandshakeAllThreads (Deoptimize) done
Event: 0.979 Executing VM operation: HandshakeAllThreads (Deoptimize)
Event: 0.988 Executing VM operation: HandshakeAllThreads (Deoptimize) done
Event: 1.158 Executing VM operation: HandshakeAllThreads (Deoptimize)
Event: 1.158 Executing VM operation: HandshakeAllThreads (Deoptimize) done
Event: 1.434 Executing VM operation: HandshakeAllThreads (Deoptimize)
Event: 1.434 Executing VM operation: HandshakeAllThreads (Deoptimize) done
Event: 1.461 Executing VM operation: HandshakeAllThreads (Deoptimize)
Event: 1.461 Executing VM operation: HandshakeAllThreads (Deoptimize) done
Event: 1.502 Executing VM operation: G1CollectForAllocation (G1 Evacuation Pause)
Event: 1.513 Executing VM operation: G1CollectForAllocation (G1 Evacuation Pause) done
Event: 1.555 Executing VM operation: JFRSafepointClear
Event: 1.555 Executing VM operation: JFRSafepointClear done

Memory protections (0 events):
No events

Nmethod flushes (0 events):
No events

Events (20 events):
Event: 0.058 Thread 0x0000017a2ff90c20 Thread added: 0x0000017a4f9928e0
Event: 0.058 Thread 0x0000017a2ff90c20 Thread added: 0x0000017a4f993540
Event: 0.058 Thread 0x0000017a2ff90c20 Thread added: 0x0000017a4f9946f0
Event: 0.058 Thread 0x0000017a2ff90c20 Thread added: 0x0000017a4f9992d0
Event: 0.090 Thread 0x0000017a2ff90c20 Thread added: 0x0000017a4fa40b40
Event: 0.150 Thread 0x0000017a4f9992d0 Thread added: 0x0000017a4fac7e40
Event: 0.173 Thread 0x0000017a4f9992d0 Thread added: 0x0000017a4fbae780
Event: 0.282 Thread 0x0000017a2ff90c20 Thread added: 0x0000017a4fda5100
Event: 0.282 Thread 0x0000017a2ff90c20 Thread added: 0x0000017a95065e30
Event: 0.900 Thread 0x0000017a4f98fc30 Thread added: 0x0000017a95066580
Event: 0.913 Thread 0x0000017a2ff90c20 Thread added: 0x0000017a95067b70
Event: 0.933 Thread 0x0000017a95066580 Thread added: 0x0000017a95066cd0
Event: 0.970 Thread 0x0000017a95066cd0 Thread added: 0x0000017a95067420
Event: 0.977 Thread 0x0000017a95066cd0 Thread added: 0x0000017a950682c0
Event: 1.085 Thread 0x0000017a4f98fc30 Thread added: 0x0000017a950656e0
Event: 1.181 Thread 0x0000017a2ff90c20 Thread added: 0x0000017a95064f90
Event: 1.196 Thread 0x0000017a2ff90c20 Thread added: 0x0000017a98b58bc0
Event: 1.458 Thread 0x0000017a4f98fc30 Thread added: 0x0000017a98b57d20
Event: 1.461 Thread 0x0000017a98b58470 Thread added: 0x0000017a98b58470
Event: 1.480 Thread 0x0000017a2ff90c20 Thread added: 0x0000017a98b55fe0


Dynamic libraries:
0x00007ff796f00000 - 0x00007ff796f0e000 	C:\Users\anton\.jdks\openjdk-24\bin\java.exe
0x00007ff8cc580000 - 0x00007ff8cc7e3000 	C:\WINDOWS\SYSTEM32\ntdll.dll
0x00007ff8cc3d0000 - 0x00007ff8cc497000 	C:\WINDOWS\System32\KERNEL32.DLL
0x00007ff8c9ce0000 - 0x00007ff8ca0a9000 	C:\WINDOWS\System32\KERNELBASE.dll
0x00007ff8c9780000 - 0x00007ff8c98cc000 	C:\WINDOWS\System32\ucrtbase.dll
0x00007ff8967c0000 - 0x00007ff8967d6000 	C:\Users\anton\.jdks\openjdk-24\bin\jli.dll
0x00007ff8b5850000 - 0x00007ff8b586b000 	C:\Users\anton\.jdks\openjdk-24\bin\VCRUNTIME140.dll
0x00007ff8cbef0000 - 0x00007ff8cc0ba000 	C:\WINDOWS\System32\USER32.dll
0x00007ff8c9960000 - 0x00007ff8c9987000 	C:\WINDOWS\System32\win32u.dll
0x00007ff8a7ea0000 - 0x00007ff8a8130000 	C:\WINDOWS\WinSxS\amd64_microsoft.windows.common-controls_6595b64144ccf1df_6.0.26100.3323_none_3e088096e3344490\COMCTL32.dll
0x00007ff8cb860000 - 0x00007ff8cb909000 	C:\WINDOWS\System32\msvcrt.dll
0x00007ff8cc0c0000 - 0x00007ff8cc0ea000 	C:\WINDOWS\System32\GDI32.dll
0x00007ff8c9990000 - 0x00007ff8c9ac1000 	C:\WINDOWS\System32\gdi32full.dll
0x00007ff8c9ad0000 - 0x00007ff8c9b73000 	C:\WINDOWS\System32\msvcp_win.dll
0x00007ff8cc500000 - 0x00007ff8cc52f000 	C:\WINDOWS\System32\IMM32.DLL
0x00007ff8c3c60000 - 0x00007ff8c3c6c000 	C:\Users\anton\.jdks\openjdk-24\bin\vcruntime140_1.dll
0x00007ff859350000 - 0x00007ff8593de000 	C:\Users\anton\.jdks\openjdk-24\bin\msvcp140.dll
0x00007ff80f3d0000 - 0x00007ff810172000 	C:\Users\anton\.jdks\openjdk-24\bin\server\jvm.dll
0x00007ff8ca540000 - 0x00007ff8ca5f2000 	C:\WINDOWS\System32\ADVAPI32.dll
0x00007ff8caa60000 - 0x00007ff8cab06000 	C:\WINDOWS\System32\sechost.dll
0x00007ff8ca7e0000 - 0x00007ff8ca8f6000 	C:\WINDOWS\System32\RPCRT4.dll
0x00007ff8ca9e0000 - 0x00007ff8caa54000 	C:\WINDOWS\System32\WS2_32.dll
0x00007ff8c9610000 - 0x00007ff8c965e000 	C:\WINDOWS\SYSTEM32\POWRPROF.dll
0x00007ff8bd700000 - 0x00007ff8bd736000 	C:\WINDOWS\SYSTEM32\WINMM.dll
0x00007ff8b2a60000 - 0x00007ff8b2a6b000 	C:\WINDOWS\SYSTEM32\VERSION.dll
0x00007ff8c95f0000 - 0x00007ff8c9604000 	C:\WINDOWS\SYSTEM32\UMPDC.dll
0x00007ff8c85a0000 - 0x00007ff8c85ba000 	C:\WINDOWS\SYSTEM32\kernel.appcore.dll
0x00007ff896b70000 - 0x00007ff896b7a000 	C:\Users\anton\.jdks\openjdk-24\bin\jimage.dll
0x00007ff8c6800000 - 0x00007ff8c6a41000 	C:\WINDOWS\SYSTEM32\DBGHELP.DLL
0x00007ff8cab10000 - 0x00007ff8cae92000 	C:\WINDOWS\System32\combase.dll
0x00007ff8cc100000 - 0x00007ff8cc1d6000 	C:\WINDOWS\System32\OLEAUT32.dll
0x00007ff846e00000 - 0x00007ff846e39000 	C:\WINDOWS\SYSTEM32\dbgcore.DLL
0x00007ff8c9c40000 - 0x00007ff8c9cd9000 	C:\WINDOWS\System32\bcryptPrimitives.dll
0x00007ff8c1f20000 - 0x00007ff8c1f2f000 	C:\Users\anton\.jdks\openjdk-24\bin\instrument.dll
0x00007ff896620000 - 0x00007ff89663e000 	C:\Users\anton\.jdks\openjdk-24\bin\java.dll
0x00007ff8cb6c0000 - 0x00007ff8cb855000 	C:\WINDOWS\System32\ole32.dll
0x00007ff8caea0000 - 0x00007ff8cb5b5000 	C:\WINDOWS\System32\SHELL32.dll
0x00007ff8ca0b0000 - 0x00007ff8ca218000 	C:\WINDOWS\System32\wintypes.dll
0x00007ff8c7430000 - 0x00007ff8c7c75000 	C:\WINDOWS\SYSTEM32\windows.storage.dll
0x00007ff8ca3a0000 - 0x00007ff8ca48b000 	C:\WINDOWS\System32\SHCORE.dll
0x00007ff8cc4a0000 - 0x00007ff8cc4fd000 	C:\WINDOWS\System32\shlwapi.dll
0x00007ff8c9690000 - 0x00007ff8c96bf000 	C:\WINDOWS\SYSTEM32\profapi.dll
0x00007ff845db0000 - 0x00007ff845e87000 	C:\Users\anton\.jdks\openjdk-24\bin\jsvml.dll
0x00007ff8966d0000 - 0x00007ff8966e0000 	C:\Users\anton\.jdks\openjdk-24\bin\net.dll
0x00007ff8c8ac0000 - 0x00007ff8c8b2a000 	C:\WINDOWS\system32\mswsock.dll
0x00007ff892f60000 - 0x00007ff892f76000 	C:\Users\anton\.jdks\openjdk-24\bin\nio.dll
0x00007ff88ddf0000 - 0x00007ff88de07000 	C:\Users\anton\.jdks\openjdk-24\bin\zip.dll
0x00007ff8c8090000 - 0x00007ff8c81b5000 	C:\WINDOWS\SYSTEM32\DNSAPI.dll
0x00007ff8c8050000 - 0x00007ff8c8083000 	C:\WINDOWS\SYSTEM32\IPHLPAPI.DLL
0x00007ff8cc3c0000 - 0x00007ff8cc3ca000 	C:\WINDOWS\System32\NSI.dll
0x00007ff8bd3b0000 - 0x00007ff8bd3bb000 	C:\Windows\System32\rasadhlp.dll
0x00007ff8c0c40000 - 0x00007ff8c0cc5000 	C:\WINDOWS\System32\fwpuclnt.dll
0x00007ff897280000 - 0x00007ff89728a000 	C:\Users\anton\.jdks\openjdk-24\bin\management.dll
0x00007ff897260000 - 0x00007ff89726b000 	C:\Users\anton\.jdks\openjdk-24\bin\management_ext.dll
0x00007ff8cc0f0000 - 0x00007ff8cc0f8000 	C:\WINDOWS\System32\PSAPI.DLL
0x0000017a2f5c0000 - 0x0000017a2f5c3000 	C:\Users\anton\.openjfx\cache\17.0.6\api-ms-win-core-console-l1-1-0.dll
0x0000017a2f5d0000 - 0x0000017a2f5d3000 	C:\Users\anton\.openjfx\cache\17.0.6\api-ms-win-core-console-l1-2-0.dll
0x0000017a2f5e0000 - 0x0000017a2f5e3000 	C:\Users\anton\.openjfx\cache\17.0.6\api-ms-win-core-datetime-l1-1-0.dll
0x0000017a2f5f0000 - 0x0000017a2f5f3000 	C:\Users\anton\.openjfx\cache\17.0.6\api-ms-win-core-debug-l1-1-0.dll
0x0000017a2f600000 - 0x0000017a2f603000 	C:\Users\anton\.openjfx\cache\17.0.6\api-ms-win-core-errorhandling-l1-1-0.dll
0x0000017a2f610000 - 0x0000017a2f614000 	C:\Users\anton\.openjfx\cache\17.0.6\api-ms-win-core-file-l1-1-0.dll
0x0000017a2f620000 - 0x0000017a2f623000 	C:\Users\anton\.openjfx\cache\17.0.6\api-ms-win-core-file-l1-2-0.dll
0x0000017a4fed0000 - 0x0000017a4fed3000 	C:\Users\anton\.openjfx\cache\17.0.6\api-ms-win-core-file-l2-1-0.dll
0x0000017a4fee0000 - 0x0000017a4fee3000 	C:\Users\anton\.openjfx\cache\17.0.6\api-ms-win-core-handle-l1-1-0.dll
0x0000017a4fef0000 - 0x0000017a4fef3000 	C:\Users\anton\.openjfx\cache\17.0.6\api-ms-win-core-heap-l1-1-0.dll
0x0000017a4ff00000 - 0x0000017a4ff03000 	C:\Users\anton\.openjfx\cache\17.0.6\api-ms-win-core-interlocked-l1-1-0.dll
0x0000017a4ff10000 - 0x0000017a4ff13000 	C:\Users\anton\.openjfx\cache\17.0.6\api-ms-win-core-libraryloader-l1-1-0.dll
0x0000017a4ff20000 - 0x0000017a4ff23000 	C:\Users\anton\.openjfx\cache\17.0.6\api-ms-win-core-localization-l1-2-0.dll
0x0000017a4ff30000 - 0x0000017a4ff33000 	C:\Users\anton\.openjfx\cache\17.0.6\api-ms-win-core-memory-l1-1-0.dll
0x0000017a4ff40000 - 0x0000017a4ff43000 	C:\Users\anton\.openjfx\cache\17.0.6\api-ms-win-core-namedpipe-l1-1-0.dll
0x0000017a4ff50000 - 0x0000017a4ff53000 	C:\Users\anton\.openjfx\cache\17.0.6\api-ms-win-core-processenvironment-l1-1-0.dll
0x0000017a4ff60000 - 0x0000017a4ff63000 	C:\Users\anton\.openjfx\cache\17.0.6\api-ms-win-core-processthreads-l1-1-0.dll
0x0000017a4ff70000 - 0x0000017a4ff73000 	C:\Users\anton\.openjfx\cache\17.0.6\api-ms-win-core-processthreads-l1-1-1.dll
0x0000017a4ff80000 - 0x0000017a4ff83000 	C:\Users\anton\.openjfx\cache\17.0.6\api-ms-win-core-profile-l1-1-0.dll
0x0000017a4ff90000 - 0x0000017a4ff93000 	C:\Users\anton\.openjfx\cache\17.0.6\api-ms-win-core-rtlsupport-l1-1-0.dll
0x0000017a4ffa0000 - 0x0000017a4ffa3000 	C:\Users\anton\.openjfx\cache\17.0.6\api-ms-win-core-string-l1-1-0.dll
0x0000017a4ffb0000 - 0x0000017a4ffb3000 	C:\Users\anton\.openjfx\cache\17.0.6\api-ms-win-core-synch-l1-1-0.dll
0x0000017a4ffc0000 - 0x0000017a4ffc3000 	C:\Users\anton\.openjfx\cache\17.0.6\api-ms-win-core-synch-l1-2-0.dll
0x0000017a4ffd0000 - 0x0000017a4ffd3000 	C:\Users\anton\.openjfx\cache\17.0.6\api-ms-win-core-sysinfo-l1-1-0.dll
0x0000017a4ffe0000 - 0x0000017a4ffe3000 	C:\Users\anton\.openjfx\cache\17.0.6\api-ms-win-core-timezone-l1-1-0.dll
0x0000017a4fff0000 - 0x0000017a4fff3000 	C:\Users\anton\.openjfx\cache\17.0.6\api-ms-win-core-util-l1-1-0.dll
0x0000017a96b10000 - 0x0000017a96b13000 	C:\Users\anton\.openjfx\cache\17.0.6\api-ms-win-crt-conio-l1-1-0.dll
0x0000017a96b20000 - 0x0000017a96b24000 	C:\Users\anton\.openjfx\cache\17.0.6\api-ms-win-crt-convert-l1-1-0.dll
0x0000017a96b30000 - 0x0000017a96b33000 	C:\Users\anton\.openjfx\cache\17.0.6\api-ms-win-crt-environment-l1-1-0.dll
0x0000017a96b40000 - 0x0000017a96b43000 	C:\Users\anton\.openjfx\cache\17.0.6\api-ms-win-crt-filesystem-l1-1-0.dll
0x0000017a96b50000 - 0x0000017a96b53000 	C:\Users\anton\.openjfx\cache\17.0.6\api-ms-win-crt-heap-l1-1-0.dll
0x0000017a96b60000 - 0x0000017a96b63000 	C:\Users\anton\.openjfx\cache\17.0.6\api-ms-win-crt-locale-l1-1-0.dll
0x0000017a96b70000 - 0x0000017a96b75000 	C:\Users\anton\.openjfx\cache\17.0.6\api-ms-win-crt-math-l1-1-0.dll
0x0000017a96b80000 - 0x0000017a96b85000 	C:\Users\anton\.openjfx\cache\17.0.6\api-ms-win-crt-multibyte-l1-1-0.dll
0x0000017a96b90000 - 0x0000017a96ba0000 	C:\Users\anton\.openjfx\cache\17.0.6\api-ms-win-crt-private-l1-1-0.dll
0x0000017a96ba0000 - 0x0000017a96ba3000 	C:\Users\anton\.openjfx\cache\17.0.6\api-ms-win-crt-process-l1-1-0.dll
0x0000017a96bb0000 - 0x0000017a96bb4000 	C:\Users\anton\.openjfx\cache\17.0.6\api-ms-win-crt-runtime-l1-1-0.dll
0x0000017a96bc0000 - 0x0000017a96bc4000 	C:\Users\anton\.openjfx\cache\17.0.6\api-ms-win-crt-stdio-l1-1-0.dll
0x0000017a96bd0000 - 0x0000017a96bd4000 	C:\Users\anton\.openjfx\cache\17.0.6\api-ms-win-crt-string-l1-1-0.dll
0x0000017a96be0000 - 0x0000017a96be3000 	C:\Users\anton\.openjfx\cache\17.0.6\api-ms-win-crt-time-l1-1-0.dll
0x0000017a96bf0000 - 0x0000017a96bf3000 	C:\Users\anton\.openjfx\cache\17.0.6\api-ms-win-crt-utility-l1-1-0.dll
0x00007ff858580000 - 0x00007ff85867c000 	C:\Users\anton\.openjfx\cache\17.0.6\ucrtbase.dll
0x00007ff895560000 - 0x00007ff89557a000 	C:\Users\anton\.openjfx\cache\17.0.6\vcruntime140.dll
0x00007ff895680000 - 0x00007ff89568c000 	C:\Users\anton\.openjfx\cache\17.0.6\vcruntime140_1.dll
0x00007ff859410000 - 0x00007ff85949d000 	C:\Users\anton\.openjfx\cache\17.0.6\msvcp140.dll
0x00007ff8c8d60000 - 0x00007ff8c8d7c000 	C:\WINDOWS\SYSTEM32\CRYPTSP.dll
0x00007ff8c8500000 - 0x00007ff8c853a000 	C:\WINDOWS\system32\rsaenh.dll
0x00007ff895060000 - 0x00007ff895069000 	C:\Users\anton\.openjfx\cache\17.0.6\msvcp140_1.dll
0x00007ff8c8b60000 - 0x00007ff8c8b8b000 	C:\WINDOWS\SYSTEM32\USERENV.dll
0x00007ff8c8fa0000 - 0x00007ff8c8fc6000 	C:\WINDOWS\SYSTEM32\bcrypt.dll
0x00007ff8c8d80000 - 0x00007ff8c8d8c000 	C:\WINDOWS\SYSTEM32\CRYPTBASE.dll
0x00007ff88df00000 - 0x00007ff88df2f000 	C:\Users\anton\.openjfx\cache\17.0.6\msvcp140_2.dll
0x00007ff8b47b0000 - 0x00007ff8b47c8000 	C:\WINDOWS\system32\napinsp.dll
0x00007ff8b4790000 - 0x00007ff8b47a2000 	C:\WINDOWS\System32\winrnr.dll
0x00007ff846c20000 - 0x00007ff846c42000 	C:\WINDOWS\system32\nlansp_c.dll
0x00007ff8bc980000 - 0x00007ff8bc996000 	C:\WINDOWS\system32\wshbth.dll
0x00007ff88ded0000 - 0x00007ff88defa000 	C:\Users\anton\.openjfx\cache\17.0.6\prism_d3d.dll
0x00007ff884ba0000 - 0x00007ff884d4c000 	C:\WINDOWS\system32\d3d9.dll
0x00007ff8c6d90000 - 0x00007ff8c6dc5000 	C:\WINDOWS\SYSTEM32\dwmapi.dll
0x00007ff8c6d40000 - 0x00007ff8c6d87000 	C:\WINDOWS\SYSTEM32\dxcore.dll
0x00007ff82d2c0000 - 0x00007ff82d4ce000 	C:\Users\anton\AppData\Local\Temp\idea_libasyncProfiler_dll_temp_folder\libasyncProfiler.dll
0x00007ff8c6610000 - 0x00007ff8c66be000 	C:\WINDOWS\system32\uxtheme.dll
0x00007ff884770000 - 0x00007ff884a0f000 	C:\WINDOWS\System32\DriverStore\FileRepository\iigd_dch.inf_amd64_93ef8799804349ae\igdumdim64.dll
0x00007ff880fb0000 - 0x00007ff882a2f000 	C:\WINDOWS\System32\DriverStore\FileRepository\iigd_dch.inf_amd64_93ef8799804349ae\igd9trinity64.dll
0x00007ff8c6bb0000 - 0x00007ff8c6cde000 	C:\WINDOWS\system32\dxgi.dll
0x00007ff8c6b50000 - 0x00007ff8c6bad000 	C:\WINDOWS\SYSTEM32\directxdatabasehelper.dll
0x00007ff8c92d0000 - 0x00007ff8c932f000 	C:\WINDOWS\SYSTEM32\cfgmgr32.dll
0x00007ff8bc9d0000 - 0x00007ff8bcf60000 	C:\WINDOWS\System32\DriverStore\FileRepository\iigd_dch.inf_amd64_93ef8799804349ae\igdgmm64.dll
0x00007ff8b76e0000 - 0x00007ff8bc604000 	C:\WINDOWS\System32\DriverStore\FileRepository\iigd_dch.inf_amd64_93ef8799804349ae\igc64.dll
0x00007ff884720000 - 0x00007ff88476d000 	C:\WINDOWS\SYSTEM32\ControlLib.dll
0x00007ff8874f0000 - 0x00007ff887596000 	C:\WINDOWS\System32\DriverStore\FileRepository\iigd_dch.inf_amd64_93ef8799804349ae\IntelControlLib.dll
0x00007ff87f810000 - 0x00007ff880e7c000 	C:\WINDOWS\System32\DriverStore\FileRepository\iigd_dch.inf_amd64_93ef8799804349ae\igd9dxva64.dll
0x00007ff8cb9f0000 - 0x00007ff8cbe76000 	C:\WINDOWS\System32\SETUPAPI.dll

dbghelp: loaded successfully - version: 4.0.5 - missing functions: none
symbol engine: initialized successfully - sym options: 0x614 - pdb path: .;C:\Users\anton\.jdks\openjdk-24\bin;C:\WINDOWS\SYSTEM32;C:\WINDOWS\WinSxS\amd64_microsoft.windows.common-controls_6595b64144ccf1df_6.0.26100.3323_none_3e088096e3344490;C:\Users\anton\.jdks\openjdk-24\bin\server;C:\Users\anton\.openjfx\cache\17.0.6;C:\Users\anton\AppData\Local\Temp\idea_libasyncProfiler_dll_temp_folder;C:\WINDOWS\System32\DriverStore\FileRepository\iigd_dch.inf_amd64_93ef8799804349ae;C:\Program Files\Common Files\Microsoft Shared\Ink

VM Arguments:
jvm_args: -javaagent:C:\Program Files\JetBrains\IntelliJ IDEA 2024.3.5\lib\idea_rt.jar=61270 -Dfile.encoding=UTF-8 -Dsun.stdout.encoding=UTF-8 -Dsun.stderr.encoding=UTF-8 --module-path=C:\Users\anton\.m2\repository\org\openjfx\javafx-fxml\17.0.6\javafx-fxml-17.0.6-win.jar;C:\Users\anton\IdeaProjects\ALVE0\target\classes;C:\Users\anton\.m2\repository\org\openjfx\javafx-graphics\17.0.6\javafx-graphics-17.0.6-win.jar;C:\Users\anton\.m2\repository\org\openjfx\javafx-base\17.0.6\javafx-base-17.0.6-win.jar;C:\Users\anton\.m2\repository\org\openjfx\javafx-controls\17.0.6\javafx-controls-17.0.6-win.jar;C:\Users\anton\.m2\repository\org\controlsfx\controlsfx\11.2.1\controlsfx-11.2.1.jar -Djdk.module.main=com.alve.alve0 
java_command: com.alve.alve0/com.alve.alve0.Main
java_class_path (initial): C:\Users\anton\.m2\repository\org\openjfx\javafx-controls\17.0.6\javafx-controls-17.0.6.jar;C:\Users\anton\.m2\repository\org\openjfx\javafx-graphics\17.0.6\javafx-graphics-17.0.6.jar;C:\Users\anton\.m2\repository\org\openjfx\javafx-base\17.0.6\javafx-base-17.0.6.jar;C:\Users\anton\.m2\repository\org\openjfx\javafx-fxml\17.0.6\javafx-fxml-17.0.6.jar
Launcher Type: SUN_STANDARD

[Global flags]
     intx CICompilerCount                          = 4                                         {product} {ergonomic}
     uint ConcGCThreads                            = 3                                         {product} {ergonomic}
     bool FlightRecorder                           = true                                      {product} {management}
     uint G1ConcRefinementThreads                  = 10                                        {product} {ergonomic}
   size_t G1HeapRegionSize                         = 2097152                                   {product} {ergonomic}
   size_t InitialHeapSize                          = 264241152                                 {product} {ergonomic}
   size_t MarkStackSize                            = 4194304                                   {product} {ergonomic}
   size_t MarkStackSizeMax                         = 536870912                                 {product} {ergonomic}
   size_t MaxHeapSize                              = 4211081216                                {product} {ergonomic}
   size_t MaxNewSize                               = 2524971008                                {product} {ergonomic}
   size_t MinHeapDeltaBytes                        = 2097152                                   {product} {ergonomic}
   size_t MinHeapSize                              = 8388608                                   {product} {ergonomic}
    uintx NonNMethodCodeHeapSize                   = 5832704                                {pd product} {ergonomic}
    uintx NonProfiledCodeHeapSize                  = 122945536                              {pd product} {ergonomic}
    uintx ProfiledCodeHeapSize                     = 122880000                              {pd product} {ergonomic}
    uintx ReservedCodeCacheSize                    = 251658240                              {pd product} {ergonomic}
     bool SegmentedCodeCache                       = true                                      {product} {ergonomic}
   size_t SoftMaxHeapSize                          = 4211081216                             {manageable} {ergonomic}
     bool UseCompressedOops                        = true                           {product lp64_product} {ergonomic}
     bool UseG1GC                                  = true                                      {product} {ergonomic}
     bool UseLargePagesIndividualAllocation        = false                                  {pd product} {ergonomic}

Logging:
Log output configuration:
 #0: stdout all=warning uptime,level,tags foldmultilines=false
 #1: stderr all=off uptime,level,tags foldmultilines=false

Environment Variables:
PATH=C:\Program Files (x86)\VMware\VMware Player\bin\;C:\Program Files (x86)\Common Files\Oracle\Java\java8path;C:\Program Files (x86)\Common Files\Oracle\Java\javapath;C:\WINDOWS\system32;C:\WINDOWS;C:\WINDOWS\System32\Wbem;C:\WINDOWS\System32\WindowsPowerShell\v1.0\;C:\WINDOWS\System32\OpenSSH\;C:\Program Files\Git\cmd;C:\Users\anton\AppData\Local\Microsoft\WindowsApps;C:\Users\anton\AppData\Local\Programs\Microsoft VS Code\bin;C:\Users\anton\AppData\Local\Programs\MiKTeX\miktex\bin\x64\;C:\Users\anton\AppData\Local\Microsoft\WindowsApps;;C:\Program Files\JetBrains\IntelliJ IDEA 2024.3.5\bin;
USERNAME=anton
OS=Windows_NT
PROCESSOR_IDENTIFIER=Intel64 Family 6 Model 186 Stepping 2, GenuineIntel
TMP=C:\Users\anton\AppData\Local\Temp
TEMP=C:\Users\anton\AppData\Local\Temp




Periodic native trim disabled

---------------  S Y S T E M  ---------------

OS:
 Windows 11 , 64 bit Build 26100 (10.0.26100.3323)
OS uptime: 0 days 7:30 hours
Hyper-V role detected

CPU: total 12 (initial active 12) (6 cores per cpu, 2 threads per core) family 6 model 186 stepping 2 microcode 0x4121, cx8, cmov, fxsr, ht, mmx, 3dnowpref, sse, sse2, sse3, ssse3, sse4.1, sse4.2, popcnt, lzcnt, tsc, tscinvbit, avx, avx2, aes, erms, clmul, bmi1, bmi2, adx, sha, fma, vzeroupper, clflush, clflushopt, clwb, hv, serialize, rdtscp, rdpid, fsrm, gfni, f16c, cet_ibt, cet_ss
Processor Information for processor 0
  Max Mhz: 2100, Current Mhz: 2100, Mhz Limit: 2100
Processor Information for processor 1
  Max Mhz: 2100, Current Mhz: 2100, Mhz Limit: 2100
Processor Information for processor 2
  Max Mhz: 2100, Current Mhz: 2100, Mhz Limit: 2100
Processor Information for processor 3
  Max Mhz: 2100, Current Mhz: 2100, Mhz Limit: 2100
Processor Information for processor 4
  Max Mhz: 2100, Current Mhz: 2100, Mhz Limit: 2100
Processor Information for processor 5
  Max Mhz: 2100, Current Mhz: 2100, Mhz Limit: 2100
Processor Information for processor 6
  Max Mhz: 2100, Current Mhz: 2100, Mhz Limit: 2100
Processor Information for processor 7
  Max Mhz: 2100, Current Mhz: 2100, Mhz Limit: 2100
Processor Information for processor 8
  Max Mhz: 2100, Current Mhz: 1100, Mhz Limit: 1491
Processor Information for processor 9
  Max Mhz: 2100, Current Mhz: 1100, Mhz Limit: 1491
Processor Information for processor 10
  Max Mhz: 2100, Current Mhz: 1100, Mhz Limit: 1491
Processor Information for processor 11
  Max Mhz: 2100, Current Mhz: 1100, Mhz Limit: 1491

Memory: 4k page, system-wide physical 16057M (2524M free)
TotalPageFile size 19154M (AvailPageFile size 1329M)
current process WorkingSet (physical memory assigned to process): 200M, peak: 200M
current process commit charge ("private bytes"): 478M, peak: 478M

vm_info: OpenJDK 64-Bit Server VM (24+36-3646) for windows-amd64 JRE (24+36-3646), built on 2025-02-06T00:20:43Z with MS VC++ 17.6 (VS2022)

END.
