#
# A fatal error has been detected by the Java Runtime Environment:
#
#  EXCEPTION_ACCESS_VIOLATION (0xc0000005) at pc=0x00007ff8461f3004, pid=3820, tid=13252
#
# JRE version: OpenJDK Runtime Environment (24.0+36) (build 24+36-3646)
# Java VM: OpenJDK 64-Bit Server VM (24+36-3646, mixed mode, sharing, tiered, compressed oops, compressed class ptrs, g1 gc, windows-amd64)
# Problematic frame:
# C  0x00007ff8461f3004
#
# No core dump will be written. Minidumps are not enabled by default on client versions of Windows
#
# JFR recording file will be written. Location: C:\Users\anton\IdeaProjects\ALVE0\hs_err_pid3820.jfr
#
# If you would like to submit a bug report, please visit:
#   https://bugreport.java.com/bugreport/crash.jsp
# The crash happened outside the Java Virtual Machine in native code.
# See problematic frame for where to report the bug.
#

---------------  S U M M A R Y ------------

Command Line: -javaagent:C:\Program Files\JetBrains\IntelliJ IDEA 2024.3.5\lib\idea_rt.jar=62011 -Dfile.encoding=UTF-8 -Dsun.stdout.encoding=UTF-8 -Dsun.stderr.encoding=UTF-8 --module-path=C:\Users\anton\.m2\repository\org\openjfx\javafx-fxml\17.0.6\javafx-fxml-17.0.6-win.jar;C:\Users\anton\IdeaProjects\ALVE0\target\classes;C:\Users\anton\.m2\repository\org\openjfx\javafx-graphics\17.0.6\javafx-graphics-17.0.6-win.jar;C:\Users\anton\.m2\repository\org\openjfx\javafx-base\17.0.6\javafx-base-17.0.6-win.jar;C:\Users\anton\.m2\repository\org\openjfx\javafx-controls\17.0.6\javafx-controls-17.0.6-win.jar;C:\Users\anton\.m2\repository\org\controlsfx\controlsfx\11.2.1\controlsfx-11.2.1.jar -Djdk.module.main=com.alve.alve0 com.alve.alve0/com.alve.alve0.Main

Host: 13th Gen Intel(R) Core(TM) i5-13420H, 12 cores, 15G,  Windows 11 , 64 bit Build 26100 (10.0.26100.3323)
Time: Thu Apr 10 19:25:50 2025 W. Europe Daylight Time elapsed time: 8.380303 seconds (0d 0h 0m 8s)

---------------  T H R E A D  ---------------

Current thread (0x00000244fb965af0):  JavaThread "Attach Listener" daemon [_thread_in_native, id=13252, stack(0x0000009ca8800000,0x0000009ca8900000) (1024K)]

Stack: [0x0000009ca8800000,0x0000009ca8900000],  sp=0x0000009ca88ff330,  free space=1020k
Native frames: (J=compiled Java code, j=interpreted, Vv=VM code, C=native code)
C  0x00007ff8461f3004  (no source info available)
C  0x00007ff8461f34db  (no source info available)
C  0x00007ff8461f2134  (no source info available)
C  0x00007ff8461f29aa  (no source info available)
C  0x00007ff8461ed561  (no source info available)
C  0x00007ff8461def21  (no source info available)
C  0x00007ff8461ddc38  (no source info available)
C  0x00007ff8461ddb20  (no source info available)
C  0x00007ff8461e4af9  (no source info available)
V  [jvm.dll+0x57f1b7]  (no source info available)
V  [jvm.dll+0x57ff2c]  (no source info available)
V  [jvm.dll+0x14c9b7]  (no source info available)
V  [jvm.dll+0x14df81]  (no source info available)
V  [jvm.dll+0x42f566]  (no source info available)
V  [jvm.dll+0x87d8fb]  (no source info available)
V  [jvm.dll+0x72efe5]  (no source info available)
C  [ucrtbase.dll+0x37b0]  (no source info available)
C  [KERNEL32.DLL+0x2e8d7]  (no source info available)
C  [ntdll.dll+0xbbf6c]  (no source info available)


siginfo: EXCEPTION_ACCESS_VIOLATION (0xc0000005), reading address 0xffffffffffffffff


Registers:
RAX=0x0000000000000010, RBX=0x0000000000000000, RCX=0xffffffffffffffff, RDX=0x007ff80fe22ff010
RSP=0x0000009ca88ff330, RBP=0x00000244d4a06348, RSI=0x0000009ca88ff4a0, RDI=0x00000244d4a06348
R8 =0x0000000000000042, R9 =0x000000070ba1ecb8, R10=0x00007ff810099fc0, R11=0x000000000000000c
R12=0x0000009ca88ff4a0, R13=0x00000244db3d43b0, R14=0x00000244fb965eb8, R15=0x00000244fb965eb8
RIP=0x00007ff8461f3004, EFLAGS=0x0000000000010202

XMM[0]=0x0000000000000000 0x0000000000000000
XMM[1]=0x0000000000000000 0x0000000000000000
XMM[2]=0x0000000000000000 0x0000000000000000
XMM[3]=0x0000000000000000 0x0000000000000000
XMM[4]=0x0000000000000000 0x0000000000000000
XMM[5]=0x0000000000000000 0x0000000000000000
XMM[6]=0x0000000000000000 0x0000000000000000
XMM[7]=0x0000000000000000 0x0000000000000000
XMM[8]=0x0000000000000000 0x0000000000000000
XMM[9]=0x0000000000000000 0x0000000000000000
XMM[10]=0x0000000000000000 0x0000000000000000
XMM[11]=0x0000000000000000 0x0000000000000000
XMM[12]=0x0000000000000000 0x0000000000000000
XMM[13]=0x0000000000000000 0x0000000000000000
XMM[14]=0x0000000000000000 0x0000000000000000
XMM[15]=0x0000000000000000 0x0000000000000000
  MXCSR=0x00001fa0


Register to memory mapping:

RAX=0x0000000000000010 is an unknown value
RBX=0x0 is null
RCX=0xffffffffffffffff is an unknown value
RDX=0x007ff80fe22ff010 is an unknown value
RSP=0x0000009ca88ff330 is pointing into the stack for thread: 0x00000244fb965af0
RBP=0x00000244d4a06348 points into unknown readable memory: 0x000000070ba1ecb8 | b8 ec a1 0b 07 00 00 00
RSI=0x0000009ca88ff4a0 is pointing into the stack for thread: 0x00000244fb965af0
RDI=0x00000244d4a06348 points into unknown readable memory: 0x000000070ba1ecb8 | b8 ec a1 0b 07 00 00 00
R8 =0x0000000000000042 is an unknown value
R9 =0x000000070ba1ecb8 is an oop: java.lang.Thread 
{0x000000070ba1ecb8} - klass: 'java/lang/Thread' - flags: 

 - ---- fields (total size 14 words):
 - 'threadLocalRandomProbe' 'I' @12  0 (0x00000000)
 - private volatile 'eetop' 'J' @16  2495022999744 (0x00000244eaf5a8c0)
 - private final 'tid' 'J' @24  3 (0x0000000000000003)
 - 'threadLocalRandomSeed' 'J' @32  0 (0x0000000000000000)
 - injected 'jvmti_thread_state' 'J' @40  2494759961328 (0x00000244db4802f0)
 - 'threadLocalRandomSecondarySeed' 'I' @48  0 (0x00000000)
 - injected 'jvmti_VTMS_transition_disable_count' 'I' @52  0 (0x00000000)
 - injected 'jfr_epoch' 'S' @56  0 (0x0000)
 - volatile 'interrupted' 'Z' @58  false (0x00)
 - injected 'jvmti_is_in_VTMS_transition' 'Z' @59  false (0x00)
 - private volatile 'name' 'Ljava/lang/String;' @60  "main"{0x000000070b0c9dd8} (0xe16193bb)
 - private volatile 'contextClassLoader' 'Ljava/lang/ClassLoader;' @64  a 'jdk/internal/loader/ClassLoaders$AppClassLoader'{0x000000070ba069b0} (0xe1740d36)
 - private final 'holder' 'Ljava/lang/Thread$FieldHolder;' @68  a 'java/lang/Thread$FieldHolder'{0x000000070b0c9d48} (0xe16193a9)
 - 'threadLocals' 'Ljava/lang/ThreadLocal$ThreadLocalMap;' @72  a 'java/lang/ThreadLocal$ThreadLocalMap'{0x000000070b0c9a18} (0xe1619343)
 - 'inheritableThreadLocals' 'Ljava/lang/ThreadLocal$ThreadLocalMap;' @76  null (0x00000000)
 - private 'scopedValueBindings' 'Ljava/lang/Object;' @80  a 'java/lang/Class'{0x00000007ffe7c280} = 'java/lang/Thread' (0xfffcf850)
 - final 'interruptLock' 'Ljava/lang/Object;' @84  a 'java/lang/Object'{0x000000070b0c9a08} (0xe1619341)
 - private volatile 'parkBlocker' 'Ljava/lang/Object;' @88  a 'java/util/concurrent/CountDownLatch$Sync'{0x000000070ba1ec98} (0xe1743d93)
 - private 'nioBlocker' 'Lsun/nio/ch/Interruptible;' @92  null (0x00000000)
 - private 'cont' 'Ljdk/internal/vm/Continuation;' @96  null (0x00000000)
 - private volatile 'uncaughtExceptionHandler' 'Ljava/lang/Thread$UncaughtExceptionHandler;' @100  null (0x00000000)
 - private 'container' 'Ljdk/internal/vm/ThreadContainer;' @104  null (0x00000000)
 - private volatile 'headStackableScopes' 'Ljdk/internal/vm/StackableScope;' @108  null (0x00000000)
R10=0x00007ff810099fc0 jvm.dll
R11=0x000000000000000c is an unknown value
R12=0x0000009ca88ff4a0 is pointing into the stack for thread: 0x00000244fb965af0
R13=0x00000244db3d43b0 points into unknown readable memory: 0x00007ff81000a510 | 10 a5 00 10 f8 7f 00 00
R14=0x00000244fb965eb8 points into unknown readable memory: 0x00007ff8100017b0 | b0 17 00 10 f8 7f 00 00
R15=0x00000244fb965eb8 points into unknown readable memory: 0x00007ff8100017b0 | b0 17 00 10 f8 7f 00 00

Top of Stack: (sp=0x0000009ca88ff330)
0x0000009ca88ff330:   0000009ca88ff4a0 00000244d4a06348   ........Hc..D...
0x0000009ca88ff340:   0000000000000000 00000244fb966240   ........@b..D...
0x0000009ca88ff350:   000000000000003d 00007ff8461f34db   =........4.F....
0x0000009ca88ff360:   0000000000000000 00000244fb965eb8   .........^..D...
0x0000009ca88ff370:   0000009ca88ff401 0000000000000000   ................
0x0000009ca88ff380:   00000244dea326d0 00007ff8461f2134   .&..D...4!.F....
0x0000009ca88ff390:   0000000000000000 000000000000003d   ........=.......
0x0000009ca88ff3a0:   0000000000000000 000000000000003d   ........=.......
0x0000009ca88ff3b0:   0000001300000002 00000244ded9baf0   ............D...
0x0000009ca88ff3c0:   00000244dea326d0 00000244dea327c4   .&..D....'..D...
0x0000009ca88ff3d0:   00000244dea327cc 0000000000004768   .'..D...hG......
0x0000009ca88ff3e0:   0000000000000000 0000000000000000   ................
0x0000009ca88ff3f0:   0000000000000000 00007ff80f8658e4   .........X......
0x0000009ca88ff400:   00007ff84634ae00 0000000000000eec   ..4F............
0x0000009ca88ff410:   00007ff84634ae00 00000000ffffffff   ..4F............
0x0000009ca88ff420:   0000000000000000 00007ff8461f29aa   .........).F....
0x0000009ca88ff430:   00000244fb965eb8 0000000000000000   .^..D...........
0x0000009ca88ff440:   0000009ca88ff4a9 00000244db3d43b0   .........C=.D...
0x0000009ca88ff450:   0000000000000004 0000000000000048   ........H.......
0x0000009ca88ff460:   0000000800800310 0000000000000020   ........ .......
0x0000009ca88ff470:   00000244fb965eb8 00007ff84634ae00   .^..D.....4F....
0x0000009ca88ff480:   00000244fb7fbf00 00000244db4802f0   ....D.....H.D...
0x0000009ca88ff490:   0000000800800390 00000244fb965eb8   .........^..D...
0x0000009ca88ff4a0:   00000244d4b92030 00000244d4b927d0   0 ..D....'..D...
0x0000009ca88ff4b0:   00000244d4b927d0 00007ff84634ae00   .'..D.....4F....
0x0000009ca88ff4c0:   00000244d46e0c68 0000009ca88ff638   h.n.D...8.......
0x0000009ca88ff4d0:   0000009ca88ff770 0000000000008840   p.......@.......
0x0000009ca88ff4e0:   0000009ca88ff950 00007ff84634ae50   P.......P.4F....
0x0000009ca88ff4f0:   0000000000989680 0000000000989680   ................
0x0000009ca88ff500:   0000009ca88ff610 00007ff8461ed561   ........a..F....
0x0000009ca88ff510:   00007ff84634ae00 00007ff84634ae58   ..4F....X.4F....
0x0000009ca88ff520:   00007ff800000000 00007ff800000001   ................

Instructions: (pc=0x00007ff8461f3004)
  0x00007ff8461f2f04:   cc cc cc cc cc cc cc cc cc cc cc cc cc cc cc cc
  0x00007ff8461f2f14:   cc cc cc cc cc cc cc cc cc cc cc cc cc cc cc cc
  0x00007ff8461f2f24:   cc cc cc cc cc cc cc cc cc cc cc cc cc cc cc cc
  0x00007ff8461f2f34:   cc cc cc cc cc cc cc cc cc cc cc cc cc cc cc cc
  0x00007ff8461f2f44:   cc cc cc cc cc cc cc cc cc cc cc cc cc cc cc cc
  0x00007ff8461f2f54:   cc cc cc cc cc cc cc cc cc cc cc cc cc cc cc cc
  0x00007ff8461f2f64:   cc cc cc cc cc cc cc cc cc cc cc cc cc cc cc cc
  0x00007ff8461f2f74:   cc cc cc cc cc cc cc cc cc cc cc cc cc cc cc cc
  0x00007ff8461f2f84:   cc cc cc cc cc cc cc cc cc cc cc cc 40 57 48 83
  0x00007ff8461f2f94:   ec 20 48 8b f9 48 8b 0d 30 80 15 00 48 85 c9 74
  0x00007ff8461f2fa4:   20 48 8b 01 48 8d 54 24 38 41 b8 06 00 01 00 4c
  0x00007ff8461f2fb4:   8b 48 30 41 ff d1 85 c0 75 07 48 8b 4c 24 38 eb
  0x00007ff8461f2fc4:   02 33 c9 4c 8b 05 0a 81 15 00 48 89 5c 24 30 4d
  0x00007ff8461f2fd4:   85 c0 74 4a 48 8b 01 48 8b d7 4c 8b 88 28 03 00
  0x00007ff8461f2fe4:   00 41 ff d1 48 85 c0 74 35 48 63 0d b8 3d 15 00
  0x00007ff8461f2ff4:   48 8b 14 01 48 85 d2 74 15 48 63 05 bc 3d 15 00
=>0x00007ff8461f3004:   8b 04 10 48 8b 5c 24 30 48 83 c4 20 5f c3 b8 ff
  0x00007ff8461f3014:   ff ff ff 48 8b 5c 24 30 48 83 c4 20 5f c3 80 3d
  0x00007ff8461f3024:   bb 7f 15 00 00 bb ff ff ff ff 74 20 4c 8b 0d 51
  0x00007ff8461f3034:   7c 15 00 4c 8d 44 24 38 48 8b 0d 35 7c 15 00 48
  0x00007ff8461f3044:   8b d7 41 ff d1 85 c0 0f 44 5c 24 38 8b c3 48 8b
  0x00007ff8461f3054:   5c 24 30 48 83 c4 20 5f c3 cc cc cc cc cc cc cc
  0x00007ff8461f3064:   cc cc cc cc cc cc cc cc cc cc cc cc cc cc cc cc
  0x00007ff8461f3074:   cc cc cc cc cc cc cc cc cc cc cc cc cc cc cc cc
  0x00007ff8461f3084:   cc cc cc cc cc cc cc cc cc cc cc cc 48 89 54 24
  0x00007ff8461f3094:   10 53 55 56 57 41 56 41 57 48 83 ec 28 48 8b f2
  0x00007ff8461f30a4:   4c 8b f1 48 89 4c 24 78 45 33 ff 44 89 7c 24 68
  0x00007ff8461f30b4:   c7 44 24 60 01 00 00 00 48 8d 4c 24 68 e8 69 3c
  0x00007ff8461f30c4:   f7 ff 8b d8 48 8d 4c 24 60 e8 5d 3c f7 ff 8b e8
  0x00007ff8461f30d4:   49 8b ce e8 33 f3 f6 ff 48 8b f8 90 8b c3 f0 0f
  0x00007ff8461f30e4:   b1 2f 74 04 f3 90 eb f4 4c 89 3e 4c 89 7e 08 4c
  0x00007ff8461f30f4:   89 7e 10 49 8b 6e 08 4d 8b 76 10 49 3b ee 0f 84


Stack slot to memory mapping:

stack at sp + 0 slots: 0x0000009ca88ff4a0 is pointing into the stack for thread: 0x00000244fb965af0
stack at sp + 1 slots: 0x00000244d4a06348 points into unknown readable memory: 0x000000070ba1ecb8 | b8 ec a1 0b 07 00 00 00
stack at sp + 2 slots: 0x0 is null
stack at sp + 3 slots: 0x00000244fb966240 points into unknown readable memory: 0x6e616c2e6176616a | 6a 61 76 61 2e 6c 61 6e
stack at sp + 4 slots: 0x000000000000003d is an unknown value
stack at sp + 5 slots: 0x00007ff8461f34db points into unknown readable memory: 44 8b d8 83 f8
stack at sp + 6 slots: 0x0 is null
stack at sp + 7 slots: 0x00000244fb965eb8 points into unknown readable memory: 0x00007ff8100017b0 | b0 17 00 10 f8 7f 00 00

Lock stack of current Java thread (top to bottom):


---------------  P R O C E S S  ---------------

Threads class SMR info:
_java_thread_list=0x00000244d4e888f0, length=23, elements={
0x00000244eaf5a8c0, 0x00000244fb95f7a0, 0x00000244fb9600e0, 0x00000244fb964d60,
0x00000244fb965af0, 0x00000244fb966880, 0x00000244fb967700, 0x00000244d40188f0,
0x00000244d4019470, 0x00000244d40cb010, 0x00000244d45b6130, 0x00000244d49f4150,
0x00000244d49f5e90, 0x00000244d49f65e0, 0x00000244d49f6d30, 0x00000244d49f48a0,
0x00000244d49f5740, 0x00000244d49f3a00, 0x00000244d49f4ff0, 0x00000244db36bdf0,
0x00000244db36a800, 0x00000244db36a0b0, 0x00000244db36d3e0
}

Java Threads: ( => current thread )
  0x00000244eaf5a8c0 JavaThread "main"                              [_thread_blocked, id=18860, stack(0x0000009ca7d00000,0x0000009ca7e00000) (1024K)]
  0x00000244fb95f7a0 JavaThread "Reference Handler"          daemon [_thread_blocked, id=3000, stack(0x0000009ca8500000,0x0000009ca8600000) (1024K)]
  0x00000244fb9600e0 JavaThread "Finalizer"                  daemon [_thread_blocked, id=17856, stack(0x0000009ca8600000,0x0000009ca8700000) (1024K)]
  0x00000244fb964d60 JavaThread "Signal Dispatcher"          daemon [_thread_blocked, id=16256, stack(0x0000009ca8700000,0x0000009ca8800000) (1024K)]
=>0x00000244fb965af0 JavaThread "Attach Listener"            daemon [_thread_in_native, id=13252, stack(0x0000009ca8800000,0x0000009ca8900000) (1024K)]
  0x00000244fb966880 JavaThread "Service Thread"             daemon [_thread_blocked, id=18380, stack(0x0000009ca8900000,0x0000009ca8a00000) (1024K)]
  0x00000244fb967700 JavaThread "Monitor Deflation Thread"   daemon [_thread_blocked, id=4388, stack(0x0000009ca8a00000,0x0000009ca8b00000) (1024K)]
  0x00000244d40188f0 JavaThread "C2 CompilerThread0"         daemon [_thread_blocked, id=1092, stack(0x0000009ca8b00000,0x0000009ca8c00000) (1024K)]
  0x00000244d4019470 JavaThread "C1 CompilerThread0"         daemon [_thread_blocked, id=12572, stack(0x0000009ca8c00000,0x0000009ca8d00000) (1024K)]
  0x00000244d40cb010 JavaThread "Common-Cleaner"             daemon [_thread_blocked, id=4472, stack(0x0000009ca8d00000,0x0000009ca8e00000) (1024K)]
  0x00000244d45b6130 JavaThread "Monitor Ctrl-Break"         daemon [_thread_in_native, id=2244, stack(0x0000009ca9000000,0x0000009ca9100000) (1024K)]
  0x00000244d49f4150 JavaThread "Notification Thread"        daemon [_thread_blocked, id=13232, stack(0x0000009ca9100000,0x0000009ca9200000) (1024K)]
  0x00000244d49f5e90 JavaThread "QuantumRenderer-0"          daemon [_thread_blocked, id=19076, stack(0x0000009ca9200000,0x0000009ca9300000) (1024K)]
  0x00000244d49f65e0 JavaThread "RMI TCP Accept-0"           daemon [_thread_in_native, id=19008, stack(0x0000009ca9300000,0x0000009ca9400000) (1024K)]
  0x00000244d49f6d30 JavaThread "RMI TCP Connection(1)-192.168.1.18" daemon [_thread_in_native, id=12492, stack(0x0000009ca9400000,0x0000009ca9500000) (1024K)]
  0x00000244d49f48a0 JavaThread "RMI Scheduler(0)"           daemon [_thread_blocked, id=4560, stack(0x0000009ca9500000,0x0000009ca9600000) (1024K)]
  0x00000244d49f5740 JavaThread "JMX server connection timeout 32" daemon [_thread_blocked, id=16964, stack(0x0000009ca9600000,0x0000009ca9700000) (1024K)]
  0x00000244d49f3a00 JavaThread "InvokeLaterDispatcher"      daemon [_thread_blocked, id=13540, stack(0x0000009ca9700000,0x0000009ca9800000) (1024K)]
  0x00000244d49f4ff0 JavaThread "JavaFX Application Thread"         [_thread_in_native, id=9512, stack(0x0000009ca9800000,0x0000009ca9900000) (1024K)]
  0x00000244db36bdf0 JavaThread "Thread-1"                   daemon [_thread_in_native, id=14348, stack(0x0000009ca8e00000,0x0000009ca8f00000) (1024K)]
  0x00000244db36a800 JavaThread "JavaFX-Launcher"                   [_thread_blocked, id=15416, stack(0x0000009ca8f00000,0x0000009ca9000000) (1024K)]
  0x00000244db36a0b0 JavaThread "JFR Recorder Thread"        daemon [_thread_in_native, id=15316, stack(0x0000009cab300000,0x0000009cab400000) (1024K)]
  0x00000244db36d3e0 JavaThread "JFR Periodic Tasks"         daemon [_thread_blocked, id=18280, stack(0x0000009cab500000,0x0000009cab600000) (1024K)]
Total: 23

Other Threads:
  0x00000244fb94ecb0 VMThread "VM Thread"                           [id=19372, stack(0x0000009ca8400000,0x0000009ca8500000) (1024K)]
  0x00000244fb806a80 WatcherThread "VM Periodic Task Thread"        [id=12304, stack(0x0000009ca8300000,0x0000009ca8400000) (1024K)]
  0x00000244eafc4010 WorkerThread "GC Thread#0"                     [id=14044, stack(0x0000009ca7e00000,0x0000009ca7f00000) (1024K)]
  0x00000244db2f6fb0 WorkerThread "GC Thread#1"                     [id=14476, stack(0x0000009caa800000,0x0000009caa900000) (1024K)]
  0x00000244db43bcd0 WorkerThread "GC Thread#2"                     [id=9340, stack(0x0000009caa900000,0x0000009caaa00000) (1024K)]
  0x00000244db3ef0e0 WorkerThread "GC Thread#3"                     [id=14308, stack(0x0000009caaa00000,0x0000009caab00000) (1024K)]
  0x00000244db4319b0 WorkerThread "GC Thread#4"                     [id=5260, stack(0x0000009caab00000,0x0000009caac00000) (1024K)]
  0x00000244db431d60 WorkerThread "GC Thread#5"                     [id=16112, stack(0x0000009caac00000,0x0000009caad00000) (1024K)]
  0x00000244db431600 WorkerThread "GC Thread#6"                     [id=14168, stack(0x0000009cab000000,0x0000009cab100000) (1024K)]
  0x00000244db431250 WorkerThread "GC Thread#7"                     [id=19440, stack(0x0000009cab100000,0x0000009cab200000) (1024K)]
  0x00000244eafd8930 ConcurrentGCThread "G1 Main Marker"            [id=10500, stack(0x0000009ca7f00000,0x0000009ca8000000) (1024K)]
  0x00000244eafda240 WorkerThread "G1 Conc#0"                       [id=12880, stack(0x0000009ca8000000,0x0000009ca8100000) (1024K)]
  0x00000244fb7f59f0 ConcurrentGCThread "G1 Refine#0"               [id=10920, stack(0x0000009ca8100000,0x0000009ca8200000) (1024K)]
  0x00000244fb7f6380 ConcurrentGCThread "G1 Service"                [id=18972, stack(0x0000009ca8200000,0x0000009ca8300000) (1024K)]
Total: 14

Threads with active compile tasks:
Total: 0

VM state: not at safepoint (normal execution)

VM Mutex/Monitor currently owned by a thread: None

Heap address: 0x0000000705000000, size: 4016 MB, Compressed Oops mode: Zero based, Oop shift amount: 3

CDS archive(s) mapped at: [0x000002448f000000-0x000002448fd40000-0x000002448fd40000), size 13893632, SharedBaseAddress: 0x000002448f000000, ArchiveRelocationMode: 1.
Compressed class space mapped at: 0x0000024490000000-0x00000244d0000000, reserved size: 1073741824
UseCompressedClassPointers 1, UseCompactObjectHeaders 0
Narrow klass pointer bits 32, Max shift 3
Narrow klass base: 0x000002448f000000, Narrow klass shift: 0
Encoding Range: [0x000002448f000000 - 0x000002458f000000), (4294967296 bytes)
Klass Range:    [0x000002448f000000 - 0x00000244d0000000), (1090519040 bytes)
Klass ID Range:  [8 - 1090519033) (1090519025)

GC Precious Log:
 CardTable entry size: 512
 Card Set container configuration: InlinePtr #cards 4 size 8 Array Of Cards #cards 16 size 48 Howl #buckets 8 coarsen threshold 3686 Howl Bitmap #cards 512 size 80 coarsen threshold 460 Card regions per heap region 1 cards per card region 4096
 CPUs: 12 total, 12 available
 Memory: 16057M
 Large Page Support: Disabled
 NUMA Support: Disabled
 Compressed Oops: Enabled (Zero based)
 Heap Region Size: 2M
 Heap Min Capacity: 8M
 Heap Initial Capacity: 252M
 Heap Max Capacity: 4016M
 Pre-touch: Disabled
 Parallel Workers: 10
 Concurrent Workers: 3
 Concurrent Refinement Workers: 10
 Periodic GC: Disabled

Heap:
 garbage-first heap   total reserved 4112384K, committed 260096K, used 125901K [0x0000000705000000, 0x0000000800000000)
  region size 2048K, 62 young (126976K), 3 survivors (6144K)
 Metaspace       used 14336K, committed 14656K, reserved 1114112K
  class space    used 1514K, committed 1664K, reserved 1048576K

Heap Regions: E=young(eden), S=young(survivor), O=old, HS=humongous(starts), HC=humongous(continues), CS=collection set, F=free, TAMS=top-at-mark-start, PB=parsable bottom
|   0|0x0000000705000000, 0x0000000705000000, 0x0000000705200000|  0%| F|  |TAMS 0x0000000705000000| PB 0x0000000705000000| Untracked |  0
|   1|0x0000000705200000, 0x0000000705200000, 0x0000000705400000|  0%| F|  |TAMS 0x0000000705200000| PB 0x0000000705200000| Untracked |  0
|   2|0x0000000705400000, 0x0000000705400000, 0x0000000705600000|  0%| F|  |TAMS 0x0000000705400000| PB 0x0000000705400000| Untracked |  0
|   3|0x0000000705600000, 0x0000000705600000, 0x0000000705800000|  0%| F|  |TAMS 0x0000000705600000| PB 0x0000000705600000| Untracked |  0
|   4|0x0000000705800000, 0x0000000705800000, 0x0000000705a00000|  0%| F|  |TAMS 0x0000000705800000| PB 0x0000000705800000| Untracked |  0
|   5|0x0000000705a00000, 0x0000000705a00000, 0x0000000705c00000|  0%| F|  |TAMS 0x0000000705a00000| PB 0x0000000705a00000| Untracked |  0
|   6|0x0000000705c00000, 0x0000000705c00000, 0x0000000705e00000|  0%| F|  |TAMS 0x0000000705c00000| PB 0x0000000705c00000| Untracked |  0
|   7|0x0000000705e00000, 0x0000000705e00000, 0x0000000706000000|  0%| F|  |TAMS 0x0000000705e00000| PB 0x0000000705e00000| Untracked |  0
|   8|0x0000000706000000, 0x0000000706000000, 0x0000000706200000|  0%| F|  |TAMS 0x0000000706000000| PB 0x0000000706000000| Untracked |  0
|   9|0x0000000706200000, 0x0000000706200000, 0x0000000706400000|  0%| F|  |TAMS 0x0000000706200000| PB 0x0000000706200000| Untracked |  0
|  10|0x0000000706400000, 0x0000000706400000, 0x0000000706600000|  0%| F|  |TAMS 0x0000000706400000| PB 0x0000000706400000| Untracked |  0
|  11|0x0000000706600000, 0x0000000706600000, 0x0000000706800000|  0%| F|  |TAMS 0x0000000706600000| PB 0x0000000706600000| Untracked |  0
|  12|0x0000000706800000, 0x0000000706800000, 0x0000000706a00000|  0%| F|  |TAMS 0x0000000706800000| PB 0x0000000706800000| Untracked |  0
|  13|0x0000000706a00000, 0x0000000706a00000, 0x0000000706c00000|  0%| F|  |TAMS 0x0000000706a00000| PB 0x0000000706a00000| Untracked |  0
|  14|0x0000000706c00000, 0x0000000706c00000, 0x0000000706e00000|  0%| F|  |TAMS 0x0000000706c00000| PB 0x0000000706c00000| Untracked |  0
|  15|0x0000000706e00000, 0x0000000706e00000, 0x0000000707000000|  0%| F|  |TAMS 0x0000000706e00000| PB 0x0000000706e00000| Untracked |  0
|  16|0x0000000707000000, 0x0000000707000000, 0x0000000707200000|  0%| F|  |TAMS 0x0000000707000000| PB 0x0000000707000000| Untracked |  0
|  17|0x0000000707200000, 0x0000000707200000, 0x0000000707400000|  0%| F|  |TAMS 0x0000000707200000| PB 0x0000000707200000| Untracked |  0
|  18|0x0000000707400000, 0x0000000707400000, 0x0000000707600000|  0%| F|  |TAMS 0x0000000707400000| PB 0x0000000707400000| Untracked |  0
|  19|0x0000000707600000, 0x0000000707600000, 0x0000000707800000|  0%| F|  |TAMS 0x0000000707600000| PB 0x0000000707600000| Untracked |  0
|  20|0x0000000707800000, 0x0000000707800000, 0x0000000707a00000|  0%| F|  |TAMS 0x0000000707800000| PB 0x0000000707800000| Untracked |  0
|  21|0x0000000707a00000, 0x0000000707a00000, 0x0000000707c00000|  0%| F|  |TAMS 0x0000000707a00000| PB 0x0000000707a00000| Untracked |  0
|  22|0x0000000707c00000, 0x0000000707c00000, 0x0000000707e00000|  0%| F|  |TAMS 0x0000000707c00000| PB 0x0000000707c00000| Untracked |  0
|  23|0x0000000707e00000, 0x0000000707e00000, 0x0000000708000000|  0%| F|  |TAMS 0x0000000707e00000| PB 0x0000000707e00000| Untracked |  0
|  24|0x0000000708000000, 0x0000000708000000, 0x0000000708200000|  0%| F|  |TAMS 0x0000000708000000| PB 0x0000000708000000| Untracked |  0
|  25|0x0000000708200000, 0x0000000708200000, 0x0000000708400000|  0%| F|  |TAMS 0x0000000708200000| PB 0x0000000708200000| Untracked |  0
|  26|0x0000000708400000, 0x0000000708400000, 0x0000000708600000|  0%| F|  |TAMS 0x0000000708400000| PB 0x0000000708400000| Untracked |  0
|  27|0x0000000708600000, 0x0000000708600000, 0x0000000708800000|  0%| F|  |TAMS 0x0000000708600000| PB 0x0000000708600000| Untracked |  0
|  28|0x0000000708800000, 0x0000000708800000, 0x0000000708a00000|  0%| F|  |TAMS 0x0000000708800000| PB 0x0000000708800000| Untracked |  0
|  29|0x0000000708a00000, 0x0000000708a00000, 0x0000000708c00000|  0%| F|  |TAMS 0x0000000708a00000| PB 0x0000000708a00000| Untracked |  0
|  30|0x0000000708c00000, 0x0000000708c00000, 0x0000000708e00000|  0%| F|  |TAMS 0x0000000708c00000| PB 0x0000000708c00000| Untracked |  0
|  31|0x0000000708e00000, 0x0000000708e00000, 0x0000000709000000|  0%| F|  |TAMS 0x0000000708e00000| PB 0x0000000708e00000| Untracked |  0
|  32|0x0000000709000000, 0x0000000709000000, 0x0000000709200000|  0%| F|  |TAMS 0x0000000709000000| PB 0x0000000709000000| Untracked |  0
|  33|0x0000000709200000, 0x0000000709200000, 0x0000000709400000|  0%| F|  |TAMS 0x0000000709200000| PB 0x0000000709200000| Untracked |  0
|  34|0x0000000709400000, 0x0000000709400000, 0x0000000709600000|  0%| F|  |TAMS 0x0000000709400000| PB 0x0000000709400000| Untracked |  0
|  35|0x0000000709600000, 0x0000000709600000, 0x0000000709800000|  0%| F|  |TAMS 0x0000000709600000| PB 0x0000000709600000| Untracked |  0
|  36|0x0000000709800000, 0x0000000709800000, 0x0000000709a00000|  0%| F|  |TAMS 0x0000000709800000| PB 0x0000000709800000| Untracked |  0
|  37|0x0000000709a00000, 0x0000000709a00000, 0x0000000709c00000|  0%| F|  |TAMS 0x0000000709a00000| PB 0x0000000709a00000| Untracked |  0
|  38|0x0000000709c00000, 0x0000000709c00000, 0x0000000709e00000|  0%| F|  |TAMS 0x0000000709c00000| PB 0x0000000709c00000| Untracked |  0
|  39|0x0000000709e00000, 0x0000000709e00000, 0x000000070a000000|  0%| F|  |TAMS 0x0000000709e00000| PB 0x0000000709e00000| Untracked |  0
|  40|0x000000070a000000, 0x000000070a000000, 0x000000070a200000|  0%| F|  |TAMS 0x000000070a000000| PB 0x000000070a000000| Untracked |  0
|  41|0x000000070a200000, 0x000000070a200000, 0x000000070a400000|  0%| F|  |TAMS 0x000000070a200000| PB 0x000000070a200000| Untracked |  0
|  42|0x000000070a400000, 0x000000070a400000, 0x000000070a600000|  0%| F|  |TAMS 0x000000070a400000| PB 0x000000070a400000| Untracked |  0
|  43|0x000000070a600000, 0x000000070a600000, 0x000000070a800000|  0%| F|  |TAMS 0x000000070a600000| PB 0x000000070a600000| Untracked |  0
|  44|0x000000070a800000, 0x000000070a800000, 0x000000070aa00000|  0%| F|  |TAMS 0x000000070a800000| PB 0x000000070a800000| Untracked |  0
|  45|0x000000070aa00000, 0x000000070aa00000, 0x000000070ac00000|  0%| F|  |TAMS 0x000000070aa00000| PB 0x000000070aa00000| Untracked |  0
|  46|0x000000070ac00000, 0x000000070ac00000, 0x000000070ae00000|  0%| F|  |TAMS 0x000000070ac00000| PB 0x000000070ac00000| Untracked |  0
|  47|0x000000070ae00000, 0x000000070ae00000, 0x000000070b000000|  0%| F|  |TAMS 0x000000070ae00000| PB 0x000000070ae00000| Untracked |  0
|  48|0x000000070b000000, 0x000000070b1d7198, 0x000000070b200000| 92%| S|CS|TAMS 0x000000070b000000| PB 0x000000070b000000| Complete |  0
|  49|0x000000070b200000, 0x000000070b200000, 0x000000070b400000|  0%| F|  |TAMS 0x000000070b200000| PB 0x000000070b200000| Untracked |  0
|  50|0x000000070b400000, 0x000000070b400000, 0x000000070b600000|  0%| F|  |TAMS 0x000000070b400000| PB 0x000000070b400000| Untracked |  0
|  51|0x000000070b600000, 0x000000070b600000, 0x000000070b800000|  0%| F|  |TAMS 0x000000070b600000| PB 0x000000070b600000| Untracked |  0
|  52|0x000000070b800000, 0x000000070ba00000, 0x000000070ba00000|100%| S|CS|TAMS 0x000000070b800000| PB 0x000000070b800000| Complete |  0
|  53|0x000000070ba00000, 0x000000070bc00000, 0x000000070bc00000|100%| S|CS|TAMS 0x000000070ba00000| PB 0x000000070ba00000| Complete |  0
|  54|0x000000070bc00000, 0x000000070bc00000, 0x000000070be00000|  0%| F|  |TAMS 0x000000070bc00000| PB 0x000000070bc00000| Untracked |  0
|  55|0x000000070be00000, 0x000000070be00000, 0x000000070c000000|  0%| F|  |TAMS 0x000000070be00000| PB 0x000000070be00000| Untracked |  0
|  56|0x000000070c000000, 0x000000070c000000, 0x000000070c200000|  0%| F|  |TAMS 0x000000070c000000| PB 0x000000070c000000| Untracked |  0
|  57|0x000000070c200000, 0x000000070c200000, 0x000000070c400000|  0%| F|  |TAMS 0x000000070c200000| PB 0x000000070c200000| Untracked |  0
|  58|0x000000070c400000, 0x000000070c400000, 0x000000070c600000|  0%| F|  |TAMS 0x000000070c400000| PB 0x000000070c400000| Untracked |  0
|  59|0x000000070c600000, 0x000000070c600000, 0x000000070c800000|  0%| F|  |TAMS 0x000000070c600000| PB 0x000000070c600000| Untracked |  0
|  60|0x000000070c800000, 0x000000070c800000, 0x000000070ca00000|  0%| F|  |TAMS 0x000000070c800000| PB 0x000000070c800000| Untracked |  0
|  61|0x000000070ca00000, 0x000000070ca00000, 0x000000070cc00000|  0%| F|  |TAMS 0x000000070ca00000| PB 0x000000070ca00000| Untracked |  0
|  62|0x000000070cc00000, 0x000000070cc00000, 0x000000070ce00000|  0%| F|  |TAMS 0x000000070cc00000| PB 0x000000070cc00000| Untracked |  0
|  63|0x000000070ce00000, 0x000000070ce00000, 0x000000070d000000|  0%| F|  |TAMS 0x000000070ce00000| PB 0x000000070ce00000| Untracked |  0
|  64|0x000000070d000000, 0x000000070d000000, 0x000000070d200000|  0%| F|  |TAMS 0x000000070d000000| PB 0x000000070d000000| Untracked |  0
|  65|0x000000070d200000, 0x000000070d200000, 0x000000070d400000|  0%| F|  |TAMS 0x000000070d200000| PB 0x000000070d200000| Untracked |  0
|  66|0x000000070d400000, 0x000000070d400000, 0x000000070d600000|  0%| F|  |TAMS 0x000000070d400000| PB 0x000000070d400000| Untracked |  0
|  67|0x000000070d600000, 0x000000070d700000, 0x000000070d800000| 50%| E|  |TAMS 0x000000070d600000| PB 0x000000070d600000| Complete |  0
|  68|0x000000070d800000, 0x000000070da00000, 0x000000070da00000|100%| E|CS|TAMS 0x000000070d800000| PB 0x000000070d800000| Complete |  0
|  69|0x000000070da00000, 0x000000070dc00000, 0x000000070dc00000|100%| E|CS|TAMS 0x000000070da00000| PB 0x000000070da00000| Complete |  0
|  70|0x000000070dc00000, 0x000000070de00000, 0x000000070de00000|100%| E|CS|TAMS 0x000000070dc00000| PB 0x000000070dc00000| Complete |  0
|  71|0x000000070de00000, 0x000000070e000000, 0x000000070e000000|100%| E|CS|TAMS 0x000000070de00000| PB 0x000000070de00000| Complete |  0
|  72|0x000000070e000000, 0x000000070e200000, 0x000000070e200000|100%| E|CS|TAMS 0x000000070e000000| PB 0x000000070e000000| Complete |  0
|  73|0x000000070e200000, 0x000000070e400000, 0x000000070e400000|100%| E|CS|TAMS 0x000000070e200000| PB 0x000000070e200000| Complete |  0
|  74|0x000000070e400000, 0x000000070e600000, 0x000000070e600000|100%| E|CS|TAMS 0x000000070e400000| PB 0x000000070e400000| Complete |  0
|  75|0x000000070e600000, 0x000000070e800000, 0x000000070e800000|100%| E|CS|TAMS 0x000000070e600000| PB 0x000000070e600000| Complete |  0
|  76|0x000000070e800000, 0x000000070ea00000, 0x000000070ea00000|100%| E|CS|TAMS 0x000000070e800000| PB 0x000000070e800000| Complete |  0
|  77|0x000000070ea00000, 0x000000070ec00000, 0x000000070ec00000|100%| E|CS|TAMS 0x000000070ea00000| PB 0x000000070ea00000| Complete |  0
|  78|0x000000070ec00000, 0x000000070ee00000, 0x000000070ee00000|100%| E|CS|TAMS 0x000000070ec00000| PB 0x000000070ec00000| Complete |  0
|  79|0x000000070ee00000, 0x000000070f000000, 0x000000070f000000|100%| E|CS|TAMS 0x000000070ee00000| PB 0x000000070ee00000| Complete |  0
|  80|0x000000070f000000, 0x000000070f200000, 0x000000070f200000|100%| E|CS|TAMS 0x000000070f000000| PB 0x000000070f000000| Complete |  0
|  81|0x000000070f200000, 0x000000070f400000, 0x000000070f400000|100%| E|CS|TAMS 0x000000070f200000| PB 0x000000070f200000| Complete |  0
|  82|0x000000070f400000, 0x000000070f600000, 0x000000070f600000|100%| E|CS|TAMS 0x000000070f400000| PB 0x000000070f400000| Complete |  0
|  83|0x000000070f600000, 0x000000070f800000, 0x000000070f800000|100%| E|CS|TAMS 0x000000070f600000| PB 0x000000070f600000| Complete |  0
|  84|0x000000070f800000, 0x000000070fa00000, 0x000000070fa00000|100%| E|CS|TAMS 0x000000070f800000| PB 0x000000070f800000| Complete |  0
|  85|0x000000070fa00000, 0x000000070fc00000, 0x000000070fc00000|100%| E|CS|TAMS 0x000000070fa00000| PB 0x000000070fa00000| Complete |  0
|  86|0x000000070fc00000, 0x000000070fe00000, 0x000000070fe00000|100%| E|CS|TAMS 0x000000070fc00000| PB 0x000000070fc00000| Complete |  0
|  87|0x000000070fe00000, 0x0000000710000000, 0x0000000710000000|100%| E|CS|TAMS 0x000000070fe00000| PB 0x000000070fe00000| Complete |  0
|  88|0x0000000710000000, 0x0000000710200000, 0x0000000710200000|100%| E|CS|TAMS 0x0000000710000000| PB 0x0000000710000000| Complete |  0
|  89|0x0000000710200000, 0x0000000710400000, 0x0000000710400000|100%| E|CS|TAMS 0x0000000710200000| PB 0x0000000710200000| Complete |  0
|  90|0x0000000710400000, 0x0000000710600000, 0x0000000710600000|100%| E|CS|TAMS 0x0000000710400000| PB 0x0000000710400000| Complete |  0
|  91|0x0000000710600000, 0x0000000710800000, 0x0000000710800000|100%| E|CS|TAMS 0x0000000710600000| PB 0x0000000710600000| Complete |  0
|  92|0x0000000710800000, 0x0000000710a00000, 0x0000000710a00000|100%| E|CS|TAMS 0x0000000710800000| PB 0x0000000710800000| Complete |  0
|  93|0x0000000710a00000, 0x0000000710c00000, 0x0000000710c00000|100%| E|CS|TAMS 0x0000000710a00000| PB 0x0000000710a00000| Complete |  0
|  94|0x0000000710c00000, 0x0000000710e00000, 0x0000000710e00000|100%| E|CS|TAMS 0x0000000710c00000| PB 0x0000000710c00000| Complete |  0
|  95|0x0000000710e00000, 0x0000000711000000, 0x0000000711000000|100%| E|CS|TAMS 0x0000000710e00000| PB 0x0000000710e00000| Complete |  0
|  96|0x0000000711000000, 0x0000000711200000, 0x0000000711200000|100%| E|CS|TAMS 0x0000000711000000| PB 0x0000000711000000| Complete |  0
|  97|0x0000000711200000, 0x0000000711400000, 0x0000000711400000|100%| E|CS|TAMS 0x0000000711200000| PB 0x0000000711200000| Complete |  0
|  98|0x0000000711400000, 0x0000000711600000, 0x0000000711600000|100%| E|CS|TAMS 0x0000000711400000| PB 0x0000000711400000| Complete |  0
|  99|0x0000000711600000, 0x0000000711800000, 0x0000000711800000|100%| E|CS|TAMS 0x0000000711600000| PB 0x0000000711600000| Complete |  0
| 100|0x0000000711800000, 0x0000000711a00000, 0x0000000711a00000|100%| E|CS|TAMS 0x0000000711800000| PB 0x0000000711800000| Complete |  0
| 101|0x0000000711a00000, 0x0000000711c00000, 0x0000000711c00000|100%| E|CS|TAMS 0x0000000711a00000| PB 0x0000000711a00000| Complete |  0
| 102|0x0000000711c00000, 0x0000000711e00000, 0x0000000711e00000|100%| E|CS|TAMS 0x0000000711c00000| PB 0x0000000711c00000| Complete |  0
| 103|0x0000000711e00000, 0x0000000712000000, 0x0000000712000000|100%| E|CS|TAMS 0x0000000711e00000| PB 0x0000000711e00000| Complete |  0
| 104|0x0000000712000000, 0x0000000712200000, 0x0000000712200000|100%| E|CS|TAMS 0x0000000712000000| PB 0x0000000712000000| Complete |  0
| 105|0x0000000712200000, 0x0000000712400000, 0x0000000712400000|100%| E|CS|TAMS 0x0000000712200000| PB 0x0000000712200000| Complete |  0
| 106|0x0000000712400000, 0x0000000712600000, 0x0000000712600000|100%| E|CS|TAMS 0x0000000712400000| PB 0x0000000712400000| Complete |  0
| 107|0x0000000712600000, 0x0000000712800000, 0x0000000712800000|100%| E|CS|TAMS 0x0000000712600000| PB 0x0000000712600000| Complete |  0
| 108|0x0000000712800000, 0x0000000712a00000, 0x0000000712a00000|100%| E|CS|TAMS 0x0000000712800000| PB 0x0000000712800000| Complete |  0
| 109|0x0000000712a00000, 0x0000000712c00000, 0x0000000712c00000|100%| E|CS|TAMS 0x0000000712a00000| PB 0x0000000712a00000| Complete |  0
| 110|0x0000000712c00000, 0x0000000712e00000, 0x0000000712e00000|100%| E|CS|TAMS 0x0000000712c00000| PB 0x0000000712c00000| Complete |  0
| 111|0x0000000712e00000, 0x0000000713000000, 0x0000000713000000|100%| E|CS|TAMS 0x0000000712e00000| PB 0x0000000712e00000| Complete |  0
| 112|0x0000000713000000, 0x0000000713200000, 0x0000000713200000|100%| E|CS|TAMS 0x0000000713000000| PB 0x0000000713000000| Complete |  0
| 113|0x0000000713200000, 0x0000000713400000, 0x0000000713400000|100%| E|CS|TAMS 0x0000000713200000| PB 0x0000000713200000| Complete |  0
| 114|0x0000000713400000, 0x0000000713600000, 0x0000000713600000|100%| E|CS|TAMS 0x0000000713400000| PB 0x0000000713400000| Complete |  0
| 115|0x0000000713600000, 0x0000000713800000, 0x0000000713800000|100%| E|CS|TAMS 0x0000000713600000| PB 0x0000000713600000| Complete |  0
| 116|0x0000000713800000, 0x0000000713a00000, 0x0000000713a00000|100%| E|CS|TAMS 0x0000000713800000| PB 0x0000000713800000| Complete |  0
| 117|0x0000000713a00000, 0x0000000713c00000, 0x0000000713c00000|100%| E|CS|TAMS 0x0000000713a00000| PB 0x0000000713a00000| Complete |  0
| 118|0x0000000713c00000, 0x0000000713e00000, 0x0000000713e00000|100%| E|CS|TAMS 0x0000000713c00000| PB 0x0000000713c00000| Complete |  0
| 119|0x0000000713e00000, 0x0000000714000000, 0x0000000714000000|100%| E|CS|TAMS 0x0000000713e00000| PB 0x0000000713e00000| Complete |  0
| 120|0x0000000714000000, 0x0000000714200000, 0x0000000714200000|100%| E|CS|TAMS 0x0000000714000000| PB 0x0000000714000000| Complete |  0
| 121|0x0000000714200000, 0x0000000714400000, 0x0000000714400000|100%| E|CS|TAMS 0x0000000714200000| PB 0x0000000714200000| Complete |  0
| 122|0x0000000714400000, 0x0000000714600000, 0x0000000714600000|100%| E|CS|TAMS 0x0000000714400000| PB 0x0000000714400000| Complete |  0
| 123|0x0000000714600000, 0x0000000714800000, 0x0000000714800000|100%| E|CS|TAMS 0x0000000714600000| PB 0x0000000714600000| Complete |  0
| 124|0x0000000714800000, 0x0000000714a00000, 0x0000000714a00000|100%| E|CS|TAMS 0x0000000714800000| PB 0x0000000714800000| Complete |  0
| 125|0x0000000714a00000, 0x0000000714c00000, 0x0000000714c00000|100%| E|CS|TAMS 0x0000000714a00000| PB 0x0000000714a00000| Complete |  0
|2007|0x00000007ffe00000, 0x00000007fff1c348, 0x0000000800000000| 55%| O|  |TAMS 0x00000007ffe00000| PB 0x00000007ffe00000| Untracked |  0

Card table byte_map: [0x00000244f4650000,0x00000244f4e30000] _byte_map_base: 0x00000244f0e28000

Marking Bits: (CMBitMap*) 0x00000244eafc4630
 Bits: [0x00000244f4e30000, 0x00000244f8cf0000)

Polling page: 0x00000244e8d60000

Metaspace:

Usage:
  Non-class:     12.52 MB used.
      Class:      1.48 MB used.
       Both:     14.00 MB used.

Virtual space:
  Non-class space:       64.00 MB reserved,      12.69 MB ( 20%) committed,  1 nodes.
      Class space:        1.00 GB reserved,       1.62 MB ( <1%) committed,  1 nodes.
             Both:        1.06 GB reserved,      14.31 MB (  1%) committed. 

Chunk freelists:
   Non-Class:  2.97 MB
       Class:  14.24 MB
        Both:  17.21 MB

MaxMetaspaceSize: unlimited
CompressedClassSpaceSize: 1.00 GB
Initial GC threshold: 21.00 MB
Current GC threshold: 21.00 MB
CDS: on
 - commit_granule_bytes: 65536.
 - commit_granule_words: 8192.
 - virtual_space_node_default_size: 8388608.
 - enlarge_chunks_in_place: 1.
UseCompressedClassPointers 1, UseCompactObjectHeaders 0
Narrow klass pointer bits 32, Max shift 3
Narrow klass base: 0x000002448f000000, Narrow klass shift: 0
Encoding Range: [0x000002448f000000 - 0x000002458f000000), (4294967296 bytes)
Klass Range:    [0x000002448f000000 - 0x00000244d0000000), (1090519040 bytes)
Klass ID Range:  [8 - 1090519033) (1090519025)


Internal statistics:

num_allocs_failed_limit: 0.
num_arena_births: 262.
num_arena_deaths: 0.
num_vsnodes_births: 2.
num_vsnodes_deaths: 0.
num_space_committed: 229.
num_space_uncommitted: 0.
num_chunks_returned_to_freelist: 0.
num_chunks_taken_from_freelist: 582.
num_chunk_merges: 0.
num_chunk_splits: 376.
num_chunks_enlarged: 263.
num_inconsistent_stats: 0.

CodeHeap 'non-profiled nmethods': size=120064Kb used=1199Kb max_used=1199Kb free=118864Kb
 bounds [0x0000024487ac0000, 0x0000024487d30000, 0x000002448f000000]
CodeHeap 'profiled nmethods': size=120000Kb used=4197Kb max_used=4197Kb free=115802Kb
 bounds [0x0000024480000000, 0x0000024480420000, 0x0000024487530000]
CodeHeap 'non-nmethods': size=5696Kb used=1612Kb max_used=1684Kb free=4083Kb
 bounds [0x0000024487530000, 0x00000244877a0000, 0x0000024487ac0000]
CodeCache: size=245760Kb, used=7008Kb, max_used=7080Kb, free=238749Kb
 total_blobs=3722, nmethods=2945, adapters=682, full_count=0
Compilation: enabled, stopped_count=0, restarted_count=0

Compilation events (20 events):
Event: 8.270 Thread 0x00000244d4019470 nmethod 2934 0x0000024487be7308 code [0x0000024487be7400, 0x0000024487be74c8]
Event: 8.270 Thread 0x00000244d4019470 2935   !   3       jdk.jfr.internal.Control::setValue (102 bytes)
Event: 8.271 Thread 0x00000244d47d5930 2894       4       java.util.LinkedHashMap::get (29 bytes)
Event: 8.271 Thread 0x00000244d47d60c0 2870       4       java.lang.StringLatin1::writeDigitPair (21 bytes)
Event: 8.273 Thread 0x00000244d4019470 nmethod 2935 0x0000024480415188 code [0x0000024480415420, 0x0000024480416878]
Event: 8.273 Thread 0x00000244d47d60c0 nmethod 2870 0x0000024487be7608 code [0x0000024487be7720, 0x0000024487be7838]
Event: 8.273 Thread 0x00000244d47d60c0 2921       4       java.util.LinkedHashMap::linkNodeAtEnd (76 bytes)
Event: 8.276 Thread 0x00000244d47d60c0 nmethod 2921 0x0000024487be7908 code [0x0000024487be7a20, 0x0000024487be7f48]
Event: 8.280 Thread 0x00000244d47d5930 nmethod 2894 0x0000024487be7f88 code [0x0000024487be80c0, 0x0000024487be8448]
Event: 8.283 Thread 0x00000244d40188f0 nmethod 2888 0x0000024487be8488 code [0x0000024487be8680, 0x0000024487be9e68]
Event: 8.287 Thread 0x00000244d4019470 2936       1       jdk.jfr.internal.periodic.EventTask::getEventType (5 bytes)
Event: 8.287 Thread 0x00000244d4019470 nmethod 2936 0x0000024487be9f08 code [0x0000024487bea000, 0x0000024487bea0c8]
Event: 8.287 Thread 0x00000244d4019470 2937       1       jdk.jfr.internal.periodic.PeriodicTask::getPeriod (5 bytes)
Event: 8.287 Thread 0x00000244d4019470 nmethod 2937 0x0000024487bea208 code [0x0000024487bea300, 0x0000024487bea3c8]
Event: 8.287 Thread 0x00000244d4019470 2938       3       java.util.Comparator$$Lambda/0x0000024490179238::compare (10 bytes)
Event: 8.288 Thread 0x00000244d4019470 nmethod 2938 0x0000024480416908 code [0x0000024480416a60, 0x0000024480416ed8]
Event: 8.288 Thread 0x00000244d4019470 2939       3       java.util.Comparator::lambda$comparingLong$6043328a$1 (18 bytes)
Event: 8.288 Thread 0x00000244d4019470 nmethod 2939 0x0000024480416f08 code [0x0000024480417060, 0x0000024480417440]
Event: 8.288 Thread 0x00000244d47d60c0 2940       4       java.lang.invoke.DirectMethodHandle::allocateInstance (16 bytes)
Event: 8.291 Thread 0x00000244d47d60c0 nmethod 2940 0x0000024487bea508 code [0x0000024487bea620, 0x0000024487bea818]

GC Heap History (10 events):
Event: 1.270 GC heap before
{Heap before GC invocations=0 (full 0):
 garbage-first heap   total reserved 4112384K, committed 260096K, used 48240K [0x0000000705000000, 0x0000000800000000)
  region size 2048K, 24 young (49152K), 0 survivors (0K)
 Metaspace       used 10467K, committed 10752K, reserved 1114112K
  class space    used 1057K, committed 1152K, reserved 1048576K
}
Event: 1.277 GC heap after
{Heap after GC invocations=1 (full 0):
 garbage-first heap   total reserved 4112384K, committed 260096K, used 5232K [0x0000000705000000, 0x0000000800000000)
  region size 2048K, 2 young (4096K), 2 survivors (4096K)
 Metaspace       used 10467K, committed 10752K, reserved 1114112K
  class space    used 1057K, committed 1152K, reserved 1048576K
}
Event: 2.960 GC heap before
{Heap before GC invocations=1 (full 0):
 garbage-first heap   total reserved 4112384K, committed 260096K, used 117872K [0x0000000705000000, 0x0000000800000000)
  region size 2048K, 57 young (116736K), 2 survivors (4096K)
 Metaspace       used 12719K, committed 12992K, reserved 1114112K
  class space    used 1346K, committed 1472K, reserved 1048576K
}
Event: 2.966 GC heap after
{Heap after GC invocations=2 (full 0):
 garbage-first heap   total reserved 4112384K, committed 260096K, used 6007K [0x0000000705000000, 0x0000000800000000)
  region size 2048K, 3 young (6144K), 3 survivors (6144K)
 Metaspace       used 12719K, committed 12992K, reserved 1114112K
  class space    used 1346K, committed 1472K, reserved 1048576K
}
Event: 4.767 GC heap before
{Heap before GC invocations=2 (full 0):
 garbage-first heap   total reserved 4112384K, committed 260096K, used 135031K [0x0000000705000000, 0x0000000800000000)
  region size 2048K, 66 young (135168K), 3 survivors (6144K)
 Metaspace       used 12779K, committed 13056K, reserved 1114112K
  class space    used 1346K, committed 1472K, reserved 1048576K
}
Event: 4.772 GC heap after
{Heap after GC invocations=3 (full 0):
 garbage-first heap   total reserved 4112384K, committed 260096K, used 6326K [0x0000000705000000, 0x0000000800000000)
  region size 2048K, 3 young (6144K), 3 survivors (6144K)
 Metaspace       used 12779K, committed 13056K, reserved 1114112K
  class space    used 1346K, committed 1472K, reserved 1048576K
}
Event: 6.131 GC heap before
{Heap before GC invocations=3 (full 0):
 garbage-first heap   total reserved 4112384K, committed 260096K, used 151734K [0x0000000705000000, 0x0000000800000000)
  region size 2048K, 74 young (151552K), 3 survivors (6144K)
 Metaspace       used 12810K, committed 13056K, reserved 1114112K
  class space    used 1346K, committed 1472K, reserved 1048576K
}
Event: 6.135 GC heap after
{Heap after GC invocations=4 (full 0):
 garbage-first heap   total reserved 4112384K, committed 260096K, used 6528K [0x0000000705000000, 0x0000000800000000)
  region size 2048K, 3 young (6144K), 3 survivors (6144K)
 Metaspace       used 12810K, committed 13056K, reserved 1114112K
  class space    used 1346K, committed 1472K, reserved 1048576K
}
Event: 7.399 GC heap before
{Heap before GC invocations=4 (full 0):
 garbage-first heap   total reserved 4112384K, committed 260096K, used 153984K [0x0000000705000000, 0x0000000800000000)
  region size 2048K, 75 young (153600K), 3 survivors (6144K)
 Metaspace       used 12887K, committed 13120K, reserved 1114112K
  class space    used 1355K, committed 1472K, reserved 1048576K
}
Event: 7.404 GC heap after
{Heap after GC invocations=5 (full 0):
 garbage-first heap   total reserved 4112384K, committed 260096K, used 7117K [0x0000000705000000, 0x0000000800000000)
  region size 2048K, 3 young (6144K), 3 survivors (6144K)
 Metaspace       used 12887K, committed 13120K, reserved 1114112K
  class space    used 1355K, committed 1472K, reserved 1048576K
}

Dll operation events (20 events):
Event: 0.602 Loaded shared library C:\Users\anton\.openjfx\cache\17.0.6\api-ms-win-crt-locale-l1-1-0.dll
Event: 0.607 Loaded shared library C:\Users\anton\.openjfx\cache\17.0.6\api-ms-win-crt-math-l1-1-0.dll
Event: 0.611 Loaded shared library C:\Users\anton\.openjfx\cache\17.0.6\api-ms-win-crt-multibyte-l1-1-0.dll
Event: 0.617 Loaded shared library C:\Users\anton\.openjfx\cache\17.0.6\api-ms-win-crt-private-l1-1-0.dll
Event: 0.622 Loaded shared library C:\Users\anton\.openjfx\cache\17.0.6\api-ms-win-crt-process-l1-1-0.dll
Event: 0.626 Loaded shared library C:\Users\anton\.openjfx\cache\17.0.6\api-ms-win-crt-runtime-l1-1-0.dll
Event: 0.630 Loaded shared library C:\Users\anton\.openjfx\cache\17.0.6\api-ms-win-crt-stdio-l1-1-0.dll
Event: 0.635 Loaded shared library C:\Users\anton\.openjfx\cache\17.0.6\api-ms-win-crt-string-l1-1-0.dll
Event: 0.639 Loaded shared library C:\Users\anton\.openjfx\cache\17.0.6\api-ms-win-crt-time-l1-1-0.dll
Event: 0.643 Loaded shared library C:\Users\anton\.openjfx\cache\17.0.6\api-ms-win-crt-utility-l1-1-0.dll
Event: 0.671 Loaded shared library C:\Users\anton\.openjfx\cache\17.0.6\ucrtbase.dll
Event: 0.677 Loaded shared library C:\Users\anton\.openjfx\cache\17.0.6\vcruntime140.dll
Event: 0.682 Loaded shared library C:\Users\anton\.openjfx\cache\17.0.6\vcruntime140_1.dll
Event: 0.697 Loaded shared library C:\Users\anton\.openjfx\cache\17.0.6\msvcp140.dll
Event: 0.701 Loaded shared library C:\Users\anton\.openjfx\cache\17.0.6\msvcp140_1.dll
Event: 0.708 Loaded shared library C:\Users\anton\.openjfx\cache\17.0.6\msvcp140_2.dll
Event: 0.787 Loaded shared library C:\Users\anton\.openjfx\cache\17.0.6\prism_d3d.dll
Event: 0.926 Loaded shared library C:\Users\anton\.openjfx\cache\17.0.6\glass.dll
Event: 1.191 Loaded shared library C:\Users\anton\.openjfx\cache\17.0.6\javafx_font.dll
Event: 7.842 Loaded shared library C:\Users\anton\AppData\Local\Temp\idea_libasyncProfiler_dll_temp_folder\libasyncProfiler.dll

Deoptimization events (20 events):
Event: 8.180 Thread 0x00000244d49f4ff0 Uncommon trap: trap_request=0xffffff4d fr.pc=0x0000024487b7c1a4 relative=0x0000000000000824
Event: 8.180 Thread 0x00000244d49f4ff0 Uncommon trap: reason=unstable_if action=reinterpret pc=0x0000024487b7c1a4 method=java.io.FileOutputStream.write([BII)V @ 17 c2
Event: 8.180 Thread 0x00000244d49f4ff0 DEOPT PACKING pc=0x0000024487b7c1a4 sp=0x0000009ca98fe440
Event: 8.180 Thread 0x00000244d49f4ff0 DEOPT UNPACKING pc=0x0000024487646782 sp=0x0000009ca98fe258 mode 2
Event: 8.194 Thread 0x00000244fb965af0 Uncommon trap: trap_request=0xffffff4d fr.pc=0x0000024487b732e4 relative=0x0000000000000944
Event: 8.194 Thread 0x00000244fb965af0 Uncommon trap: reason=unstable_if action=reinterpret pc=0x0000024487b732e4 method=java.io.BufferedWriter.flushBuffer()V @ 15 c2
Event: 8.194 Thread 0x00000244fb965af0 DEOPT PACKING pc=0x0000024487b732e4 sp=0x0000009ca88fee50
Event: 8.194 Thread 0x00000244fb965af0 DEOPT UNPACKING pc=0x0000024487646782 sp=0x0000009ca88fee50 mode 2
Event: 8.194 Thread 0x00000244fb965af0 Uncommon trap: trap_request=0xffffff4d fr.pc=0x0000024487b83a50 relative=0x0000000000000370
Event: 8.194 Thread 0x00000244fb965af0 Uncommon trap: reason=unstable_if action=reinterpret pc=0x0000024487b83a50 method=java.nio.charset.CharsetEncoder.encode(Ljava/nio/CharBuffer;Ljava/nio/ByteBuffer;Z)Ljava/nio/charset/CoderResult; @ 1 c2
Event: 8.194 Thread 0x00000244fb965af0 DEOPT PACKING pc=0x0000024487b83a50 sp=0x0000009ca88feca0
Event: 8.194 Thread 0x00000244fb965af0 DEOPT UNPACKING pc=0x0000024487646782 sp=0x0000009ca88fec68 mode 2
Event: 8.240 Thread 0x00000244fb965af0 Uncommon trap: trap_request=0xffffff4d fr.pc=0x0000024487bdf92c relative=0x000000000000020c
Event: 8.240 Thread 0x00000244fb965af0 Uncommon trap: reason=unstable_if action=reinterpret pc=0x0000024487bdf92c method=java.io.ByteArrayOutputStream.ensureCapacity(I)V @ 11 c2
Event: 8.240 Thread 0x00000244fb965af0 DEOPT PACKING pc=0x0000024487bdf92c sp=0x0000009ca88fea20
Event: 8.240 Thread 0x00000244fb965af0 DEOPT UNPACKING pc=0x0000024487646782 sp=0x0000009ca88fe958 mode 2
Event: 8.249 Thread 0x00000244fb965af0 Uncommon trap: trap_request=0xffffff4d fr.pc=0x0000024487bdf164 relative=0x0000000000000064
Event: 8.249 Thread 0x00000244fb965af0 Uncommon trap: reason=unstable_if action=reinterpret pc=0x0000024487bdf164 method=java.io.ByteArrayOutputStream.ensureCapacity(I)V @ 11 c2
Event: 8.249 Thread 0x00000244fb965af0 DEOPT PACKING pc=0x0000024487bdf164 sp=0x0000009ca88fe910
Event: 8.249 Thread 0x00000244fb965af0 DEOPT UNPACKING pc=0x0000024487646782 sp=0x0000009ca88fe890 mode 2

Classes loaded (20 events):
Event: 8.208 Loading class jdk/jfr/internal/MetadataWriter
Event: 8.209 Loading class jdk/jfr/internal/MetadataWriter done
Event: 8.209 Loading class jdk/jfr/internal/MetadataDescriptor$Element
Event: 8.209 Loading class jdk/jfr/internal/MetadataDescriptor$Element done
Event: 8.209 Loading class jdk/jfr/internal/MetadataDescriptor$Attribute
Event: 8.210 Loading class jdk/jfr/internal/MetadataDescriptor$Attribute done
Event: 8.229 Loading class jdk/jfr/internal/consumer/StringParser$Encoding
Event: 8.229 Loading class jdk/jfr/internal/consumer/StringParser$Encoding done
Event: 8.255 Loading class jdk/jfr/internal/consumer/RepositoryFiles
Event: 8.255 Loading class jdk/jfr/internal/consumer/RepositoryFiles done
Event: 8.261 Loading class jdk/jfr/internal/SettingsManager$InternalSetting
Event: 8.261 Loading class jdk/jfr/internal/SettingsManager$InternalSetting done
Event: 8.263 Loading class jdk/jfr/internal/util/Rate
Event: 8.264 Loading class jdk/jfr/internal/util/Rate done
Event: 8.264 Loading class jdk/jfr/internal/util/TimespanUnit
Event: 8.264 Loading class jdk/jfr/internal/util/TimespanUnit done
Event: 8.265 Loading class jdk/jfr/internal/util/ValueParser
Event: 8.265 Loading class jdk/jfr/internal/util/ValueParser done
Event: 8.270 Loading class jdk/jfr/internal/periodic/PeriodicType
Event: 8.270 Loading class jdk/jfr/internal/periodic/PeriodicType done

Classes unloaded (0 events):
No events

Classes redefined (0 events):
No events

Internal exceptions (20 events):
Event: 1.231 Thread 0x00000244d49f4ff0 Exception <a 'java/lang/NoSuchMethodError'{0x0000000711f34c20}: 'java.lang.Object java.lang.invoke.DelegatingMethodHandle$Holder.reinvoke_L(java.lang.Object, java.lang.Object, double, double)'> (0x0000000711f34c20) 
thrown [s\open\src\hotspot\share\interpreter\linkResolver.cpp, line 805]
Event: 1.250 Thread 0x00000244d49f4ff0 Exception <a 'java/lang/NullPointerException'{0x0000000711fee898}> (0x0000000711fee898) 
thrown [s\open\src\hotspot\share\interpreter\linkResolver.cpp, line 1417]
Event: 1.311 Thread 0x00000244d49f6d30 Exception <a 'java/lang/NoSuchMethodError'{0x00000007149b1290}: 'long java.lang.invoke.DirectMethodHandle$Holder.invokeVirtual(java.lang.Object, java.lang.Object)'> (0x00000007149b1290) 
thrown [s\open\src\hotspot\share\interpreter\linkResolver.cpp, line 805]
Event: 1.311 Thread 0x00000244d49f6d30 Exception <a 'java/lang/NoSuchMethodError'{0x00000007149b9580}: 'java.lang.Object java.lang.invoke.DirectMethodHandle$Holder.invokeStatic(java.lang.Object, long)'> (0x00000007149b9580) 
thrown [s\open\src\hotspot\share\interpreter\linkResolver.cpp, line 805]
Event: 1.312 Thread 0x00000244d49f6d30 Exception <a 'java/lang/NoSuchMethodError'{0x00000007149c9628}: 'long java.lang.invoke.DelegatingMethodHandle$Holder.reinvoke_L(java.lang.Object, java.lang.Object)'> (0x00000007149c9628) 
thrown [s\open\src\hotspot\share\interpreter\linkResolver.cpp, line 805]
Event: 1.441 Thread 0x00000244d49f4ff0 Exception <a 'java/lang/NoSuchMethodError'{0x0000000714338e78}: 'java.lang.Object java.lang.invoke.DirectMethodHandle$Holder.newInvokeSpecial(java.lang.Object, java.lang.Object, int)'> (0x0000000714338e78) 
thrown [s\open\src\hotspot\share\interpreter\linkResolver.cpp, line 805]
Event: 1.459 Thread 0x00000244d49f4ff0 Exception <a 'java/lang/NoSuchMethodError'{0x0000000714375060}: 'long java.lang.invoke.DirectMethodHandle$Holder.invokeStatic(java.lang.Object, java.lang.Object, java.lang.Object)'> (0x0000000714375060) 
thrown [s\open\src\hotspot\share\interpreter\linkResolver.cpp, line 805]
Event: 1.460 Thread 0x00000244d49f4ff0 Exception <a 'java/lang/NoSuchMethodError'{0x000000071437cec0}: 'long java.lang.invoke.DirectMethodHandle$Holder.invokeStaticInit(java.lang.Object, java.lang.Object, java.lang.Object)'> (0x000000071437cec0) 
thrown [s\open\src\hotspot\share\interpreter\linkResolver.cpp, line 805]
Event: 1.466 Thread 0x00000244d49f4ff0 Exception <a 'java/lang/NoSuchMethodError'{0x000000071408f030}: 'java.lang.Object java.lang.invoke.DirectMethodHandle$Holder.newInvokeSpecial(java.lang.Object, java.lang.Object, long)'> (0x000000071408f030) 
thrown [s\open\src\hotspot\share\interpreter\linkResolver.cpp, line 805]
Event: 1.511 Thread 0x00000244d49f5e90 Exception <a 'java/lang/NoSuchMethodError'{0x0000000713e0e478}: 'int java.lang.invoke.DirectMethodHandle$Holder.invokeStaticInit(java.lang.Object, java.lang.Object)'> (0x0000000713e0e478) 
thrown [s\open\src\hotspot\share\interpreter\linkResolver.cpp, line 805]
Event: 7.887 Thread 0x00000244fb965af0 Exception <a 'sun/nio/fs/WindowsException'{0x0000000711cd28c0}> (0x0000000711cd28c0) 
thrown [s\open\src\hotspot\share\prims\jni.cpp, line 518]
Event: 7.891 Thread 0x00000244fb965af0 Implicit null exception at 0x0000024487af55d6 to 0x0000024487af5676
Event: 7.895 Thread 0x00000244fb965af0 Exception <a 'java/lang/NoSuchMethodError'{0x0000000711cef938}: 'java.lang.Object java.lang.invoke.DirectMethodHandle$Holder.invokeStatic(java.lang.Object, int, java.lang.Object)'> (0x0000000711cef938) 
thrown [s\open\src\hotspot\share\interpreter\linkResolver.cpp, line 805]
Event: 7.998 Thread 0x00000244fb965af0 Exception <a 'java/lang/NoSuchMethodError'{0x0000000711268670}: 'int java.lang.invoke.DirectMethodHandle$Holder.invokeStatic(java.lang.Object, java.lang.Object, java.lang.Object, java.lang.Object)'> (0x0000000711268670) 
thrown [s\open\src\hotspot\share\interpreter\linkResolver.cpp, line 805]
Event: 8.177 Thread 0x00000244fb965af0 Exception <a 'java/lang/NoSuchMethodError'{0x0000000710659820}: 'void java.lang.invoke.DirectMethodHandle$Holder.invokeSpecial(java.lang.Object, java.lang.Object, int)'> (0x0000000710659820) 
thrown [s\open\src\hotspot\share\interpreter\linkResolver.cpp, line 805]
Event: 8.177 Thread 0x00000244fb965af0 Exception <a 'java/lang/NoSuchMethodError'{0x0000000710661440}: 'void java.lang.invoke.Invokers$Holder.invokeExact_MT(java.lang.Object, int, java.lang.Object)'> (0x0000000710661440) 
thrown [s\open\src\hotspot\share\interpreter\linkResolver.cpp, line 805]
Event: 8.183 Thread 0x00000244fb965af0 Exception <a 'java/lang/NoSuchMethodError'{0x000000071067b838}: 'void java.lang.invoke.DirectMethodHandle$Holder.invokeStatic(java.lang.Object, java.lang.Object, int)'> (0x000000071067b838) 
thrown [s\open\src\hotspot\share\interpreter\linkResolver.cpp, line 805]
Event: 8.192 Thread 0x00000244fb965af0 Exception <a 'sun/nio/fs/WindowsException'{0x00000007106b6508}> (0x00000007106b6508) 
thrown [s\open\src\hotspot\share\prims\jni.cpp, line 518]
Event: 8.198 Thread 0x00000244fb965af0 Exception <a 'sun/nio/fs/WindowsException'{0x00000007106c3310}> (0x00000007106c3310) 
thrown [s\open\src\hotspot\share\prims\jni.cpp, line 518]
Event: 8.205 Thread 0x00000244fb965af0 Exception <a 'sun/nio/fs/WindowsException'{0x00000007106d5080}> (0x00000007106d5080) 
thrown [s\open\src\hotspot\share\prims\jni.cpp, line 518]

VM Operations (20 events):
Event: 0.752 Executing VM operation: HandshakeAllThreads (Deoptimize)
Event: 0.752 Executing VM operation: HandshakeAllThreads (Deoptimize) done
Event: 0.862 Executing VM operation: HandshakeAllThreads (Deoptimize)
Event: 0.862 Executing VM operation: HandshakeAllThreads (Deoptimize) done
Event: 0.912 Executing VM operation: HandshakeAllThreads (Deoptimize)
Event: 0.913 Executing VM operation: HandshakeAllThreads (Deoptimize) done
Event: 1.270 Executing VM operation: G1CollectForAllocation (G1 Evacuation Pause)
Event: 1.277 Executing VM operation: G1CollectForAllocation (G1 Evacuation Pause) done
Event: 2.960 Executing VM operation: G1CollectForAllocation (G1 Evacuation Pause)
Event: 2.966 Executing VM operation: G1CollectForAllocation (G1 Evacuation Pause) done
Event: 4.767 Executing VM operation: G1CollectForAllocation (G1 Evacuation Pause)
Event: 4.772 Executing VM operation: G1CollectForAllocation (G1 Evacuation Pause) done
Event: 6.131 Executing VM operation: G1CollectForAllocation (G1 Evacuation Pause)
Event: 6.135 Executing VM operation: G1CollectForAllocation (G1 Evacuation Pause) done
Event: 7.399 Executing VM operation: G1CollectForAllocation (G1 Evacuation Pause)
Event: 7.404 Executing VM operation: G1CollectForAllocation (G1 Evacuation Pause) done
Event: 8.188 Executing VM operation: HandshakeAllThreads (Deoptimize)
Event: 8.189 Executing VM operation: HandshakeAllThreads (Deoptimize) done
Event: 8.256 Executing VM operation: JFRSafepointClear
Event: 8.256 Executing VM operation: JFRSafepointClear done

Memory protections (0 events):
No events

Nmethod flushes (0 events):
No events

Events (20 events):
Event: 0.270 Thread 0x00000244eaf5a8c0 Thread added: 0x00000244d49f4150
Event: 0.766 Thread 0x00000244eaf5a8c0 Thread added: 0x00000244d49f5e90
Event: 0.796 Thread 0x00000244fb965af0 Thread added: 0x00000244d49f65e0
Event: 0.828 Thread 0x00000244d49f65e0 Thread added: 0x00000244d49f6d30
Event: 0.853 Thread 0x00000244d49f6d30 Thread added: 0x00000244d49f48a0
Event: 0.860 Thread 0x00000244d49f6d30 Thread added: 0x00000244d49f5740
Event: 0.930 Thread 0x00000244eaf5a8c0 Thread added: 0x00000244d49f3a00
Event: 0.937 Thread 0x00000244eaf5a8c0 Thread added: 0x00000244d49f4ff0
Event: 1.046 Thread 0x00000244d41e7260 Thread exited: 0x00000244d41e7260
Event: 1.046 Thread 0x00000244d4127f50 Thread exited: 0x00000244d4127f50
Event: 1.114 Thread 0x00000244db36bdf0 Thread added: 0x00000244db36bdf0
Event: 1.116 Thread 0x00000244eaf5a8c0 Thread added: 0x00000244db36a800
Event: 1.584 Thread 0x00000244d4019470 Thread added: 0x00000244db34aab0
Event: 1.711 Thread 0x00000244d40188f0 Thread added: 0x00000244db34b240
Event: 2.089 Thread 0x00000244db34b240 Thread exited: 0x00000244db34b240
Event: 2.089 Thread 0x00000244db34aab0 Thread exited: 0x00000244db34aab0
Event: 7.866 Thread 0x00000244d4019470 Thread added: 0x00000244d47d5930
Event: 7.909 Thread 0x00000244fb965af0 Thread added: 0x00000244db36a0b0
Event: 8.009 Thread 0x00000244d4019470 Thread added: 0x00000244d47d60c0
Event: 8.185 Thread 0x00000244fb965af0 Thread added: 0x00000244db36d3e0


Dynamic libraries:
0x00007ff796f00000 - 0x00007ff796f0e000 	C:\Users\anton\.jdks\openjdk-24\bin\java.exe
0x00007ff8cc580000 - 0x00007ff8cc7e3000 	C:\WINDOWS\SYSTEM32\ntdll.dll
0x00007ff8cc3d0000 - 0x00007ff8cc497000 	C:\WINDOWS\System32\KERNEL32.DLL
0x00007ff8c9ce0000 - 0x00007ff8ca0a9000 	C:\WINDOWS\System32\KERNELBASE.dll
0x00007ff8c9780000 - 0x00007ff8c98cc000 	C:\WINDOWS\System32\ucrtbase.dll
0x00007ff8967c0000 - 0x00007ff8967d6000 	C:\Users\anton\.jdks\openjdk-24\bin\jli.dll
0x00007ff8b5850000 - 0x00007ff8b586b000 	C:\Users\anton\.jdks\openjdk-24\bin\VCRUNTIME140.dll
0x00007ff8cbef0000 - 0x00007ff8cc0ba000 	C:\WINDOWS\System32\USER32.dll
0x00007ff8a7ea0000 - 0x00007ff8a8130000 	C:\WINDOWS\WinSxS\amd64_microsoft.windows.common-controls_6595b64144ccf1df_6.0.26100.3323_none_3e088096e3344490\COMCTL32.dll
0x00007ff8c9960000 - 0x00007ff8c9987000 	C:\WINDOWS\System32\win32u.dll
0x00007ff8cc0c0000 - 0x00007ff8cc0ea000 	C:\WINDOWS\System32\GDI32.dll
0x00007ff8cb860000 - 0x00007ff8cb909000 	C:\WINDOWS\System32\msvcrt.dll
0x00007ff8c9990000 - 0x00007ff8c9ac1000 	C:\WINDOWS\System32\gdi32full.dll
0x00007ff8c9ad0000 - 0x00007ff8c9b73000 	C:\WINDOWS\System32\msvcp_win.dll
0x00007ff8cc500000 - 0x00007ff8cc52f000 	C:\WINDOWS\System32\IMM32.DLL
0x00007ff8c3c60000 - 0x00007ff8c3c6c000 	C:\Users\anton\.jdks\openjdk-24\bin\vcruntime140_1.dll
0x00007ff859350000 - 0x00007ff8593de000 	C:\Users\anton\.jdks\openjdk-24\bin\msvcp140.dll
0x00007ff80f3d0000 - 0x00007ff810172000 	C:\Users\anton\.jdks\openjdk-24\bin\server\jvm.dll
0x00007ff8ca540000 - 0x00007ff8ca5f2000 	C:\WINDOWS\System32\ADVAPI32.dll
0x00007ff8caa60000 - 0x00007ff8cab06000 	C:\WINDOWS\System32\sechost.dll
0x00007ff8ca7e0000 - 0x00007ff8ca8f6000 	C:\WINDOWS\System32\RPCRT4.dll
0x00007ff8ca9e0000 - 0x00007ff8caa54000 	C:\WINDOWS\System32\WS2_32.dll
0x00007ff8c9610000 - 0x00007ff8c965e000 	C:\WINDOWS\SYSTEM32\POWRPROF.dll
0x00007ff8bd700000 - 0x00007ff8bd736000 	C:\WINDOWS\SYSTEM32\WINMM.dll
0x00007ff8b2a60000 - 0x00007ff8b2a6b000 	C:\WINDOWS\SYSTEM32\VERSION.dll
0x00007ff8c95f0000 - 0x00007ff8c9604000 	C:\WINDOWS\SYSTEM32\UMPDC.dll
0x00007ff8c85a0000 - 0x00007ff8c85ba000 	C:\WINDOWS\SYSTEM32\kernel.appcore.dll
0x00007ff896b70000 - 0x00007ff896b7a000 	C:\Users\anton\.jdks\openjdk-24\bin\jimage.dll
0x00007ff8c6800000 - 0x00007ff8c6a41000 	C:\WINDOWS\SYSTEM32\DBGHELP.DLL
0x00007ff8cab10000 - 0x00007ff8cae92000 	C:\WINDOWS\System32\combase.dll
0x00007ff8cc100000 - 0x00007ff8cc1d6000 	C:\WINDOWS\System32\OLEAUT32.dll
0x00007ff846e00000 - 0x00007ff846e39000 	C:\WINDOWS\SYSTEM32\dbgcore.DLL
0x00007ff8c9c40000 - 0x00007ff8c9cd9000 	C:\WINDOWS\System32\bcryptPrimitives.dll
0x00007ff8c1f20000 - 0x00007ff8c1f2f000 	C:\Users\anton\.jdks\openjdk-24\bin\instrument.dll
0x00007ff896620000 - 0x00007ff89663e000 	C:\Users\anton\.jdks\openjdk-24\bin\java.dll
0x00007ff8cb6c0000 - 0x00007ff8cb855000 	C:\WINDOWS\System32\ole32.dll
0x00007ff8caea0000 - 0x00007ff8cb5b5000 	C:\WINDOWS\System32\SHELL32.dll
0x00007ff8ca0b0000 - 0x00007ff8ca218000 	C:\WINDOWS\System32\wintypes.dll
0x00007ff8c7430000 - 0x00007ff8c7c75000 	C:\WINDOWS\SYSTEM32\windows.storage.dll
0x00007ff8ca3a0000 - 0x00007ff8ca48b000 	C:\WINDOWS\System32\SHCORE.dll
0x00007ff8cc4a0000 - 0x00007ff8cc4fd000 	C:\WINDOWS\System32\shlwapi.dll
0x00007ff8c9690000 - 0x00007ff8c96bf000 	C:\WINDOWS\SYSTEM32\profapi.dll
0x00007ff845db0000 - 0x00007ff845e87000 	C:\Users\anton\.jdks\openjdk-24\bin\jsvml.dll
0x00007ff8966d0000 - 0x00007ff8966e0000 	C:\Users\anton\.jdks\openjdk-24\bin\net.dll
0x00007ff8c8ac0000 - 0x00007ff8c8b2a000 	C:\WINDOWS\system32\mswsock.dll
0x00007ff892f60000 - 0x00007ff892f76000 	C:\Users\anton\.jdks\openjdk-24\bin\nio.dll
0x00007ff88ddf0000 - 0x00007ff88de07000 	C:\Users\anton\.jdks\openjdk-24\bin\zip.dll
0x00007ff8c8090000 - 0x00007ff8c81b5000 	C:\WINDOWS\SYSTEM32\DNSAPI.dll
0x00007ff8c8050000 - 0x00007ff8c8083000 	C:\WINDOWS\SYSTEM32\IPHLPAPI.DLL
0x00007ff8cc3c0000 - 0x00007ff8cc3ca000 	C:\WINDOWS\System32\NSI.dll
0x00007ff8bd3b0000 - 0x00007ff8bd3bb000 	C:\Windows\System32\rasadhlp.dll
0x00007ff8c0c40000 - 0x00007ff8c0cc5000 	C:\WINDOWS\System32\fwpuclnt.dll
0x00007ff8b63e0000 - 0x00007ff8b63ea000 	C:\Users\anton\.jdks\openjdk-24\bin\management.dll
0x00007ff897280000 - 0x00007ff89728b000 	C:\Users\anton\.jdks\openjdk-24\bin\management_ext.dll
0x00007ff8cc0f0000 - 0x00007ff8cc0f8000 	C:\WINDOWS\System32\PSAPI.DLL
0x00000244d5be0000 - 0x00000244d5be3000 	C:\Users\anton\.openjfx\cache\17.0.6\api-ms-win-core-console-l1-1-0.dll
0x00000244d5bf0000 - 0x00000244d5bf3000 	C:\Users\anton\.openjfx\cache\17.0.6\api-ms-win-core-console-l1-2-0.dll
0x00000244d6050000 - 0x00000244d6053000 	C:\Users\anton\.openjfx\cache\17.0.6\api-ms-win-core-datetime-l1-1-0.dll
0x00000244d6060000 - 0x00000244d6063000 	C:\Users\anton\.openjfx\cache\17.0.6\api-ms-win-core-debug-l1-1-0.dll
0x00000244d6070000 - 0x00000244d6073000 	C:\Users\anton\.openjfx\cache\17.0.6\api-ms-win-core-errorhandling-l1-1-0.dll
0x00000244d6080000 - 0x00000244d6084000 	C:\Users\anton\.openjfx\cache\17.0.6\api-ms-win-core-file-l1-1-0.dll
0x00000244d6090000 - 0x00000244d6093000 	C:\Users\anton\.openjfx\cache\17.0.6\api-ms-win-core-file-l1-2-0.dll
0x00000244d60a0000 - 0x00000244d60a3000 	C:\Users\anton\.openjfx\cache\17.0.6\api-ms-win-core-file-l2-1-0.dll
0x00000244d60b0000 - 0x00000244d60b3000 	C:\Users\anton\.openjfx\cache\17.0.6\api-ms-win-core-handle-l1-1-0.dll
0x00000244d60c0000 - 0x00000244d60c3000 	C:\Users\anton\.openjfx\cache\17.0.6\api-ms-win-core-heap-l1-1-0.dll
0x00000244d60d0000 - 0x00000244d60d3000 	C:\Users\anton\.openjfx\cache\17.0.6\api-ms-win-core-interlocked-l1-1-0.dll
0x00000244d60e0000 - 0x00000244d60e3000 	C:\Users\anton\.openjfx\cache\17.0.6\api-ms-win-core-libraryloader-l1-1-0.dll
0x00000244d60f0000 - 0x00000244d60f3000 	C:\Users\anton\.openjfx\cache\17.0.6\api-ms-win-core-localization-l1-2-0.dll
0x00000244d6100000 - 0x00000244d6103000 	C:\Users\anton\.openjfx\cache\17.0.6\api-ms-win-core-memory-l1-1-0.dll
0x00000244d6110000 - 0x00000244d6113000 	C:\Users\anton\.openjfx\cache\17.0.6\api-ms-win-core-namedpipe-l1-1-0.dll
0x00000244d6120000 - 0x00000244d6123000 	C:\Users\anton\.openjfx\cache\17.0.6\api-ms-win-core-processenvironment-l1-1-0.dll
0x00000244d6130000 - 0x00000244d6133000 	C:\Users\anton\.openjfx\cache\17.0.6\api-ms-win-core-processthreads-l1-1-0.dll
0x00000244d6140000 - 0x00000244d6143000 	C:\Users\anton\.openjfx\cache\17.0.6\api-ms-win-core-processthreads-l1-1-1.dll
0x00000244d6150000 - 0x00000244d6153000 	C:\Users\anton\.openjfx\cache\17.0.6\api-ms-win-core-profile-l1-1-0.dll
0x00000244d6160000 - 0x00000244d6163000 	C:\Users\anton\.openjfx\cache\17.0.6\api-ms-win-core-rtlsupport-l1-1-0.dll
0x00000244d6170000 - 0x00000244d6173000 	C:\Users\anton\.openjfx\cache\17.0.6\api-ms-win-core-string-l1-1-0.dll
0x00000244d6180000 - 0x00000244d6183000 	C:\Users\anton\.openjfx\cache\17.0.6\api-ms-win-core-synch-l1-1-0.dll
0x00000244d6190000 - 0x00000244d6193000 	C:\Users\anton\.openjfx\cache\17.0.6\api-ms-win-core-synch-l1-2-0.dll
0x00000244d61a0000 - 0x00000244d61a3000 	C:\Users\anton\.openjfx\cache\17.0.6\api-ms-win-core-sysinfo-l1-1-0.dll
0x00000244d61b0000 - 0x00000244d61b3000 	C:\Users\anton\.openjfx\cache\17.0.6\api-ms-win-core-timezone-l1-1-0.dll
0x00000244d61c0000 - 0x00000244d61c3000 	C:\Users\anton\.openjfx\cache\17.0.6\api-ms-win-core-util-l1-1-0.dll
0x00000244d61d0000 - 0x00000244d61d3000 	C:\Users\anton\.openjfx\cache\17.0.6\api-ms-win-crt-conio-l1-1-0.dll
0x00000244d61e0000 - 0x00000244d61e4000 	C:\Users\anton\.openjfx\cache\17.0.6\api-ms-win-crt-convert-l1-1-0.dll
0x00000244d61f0000 - 0x00000244d61f3000 	C:\Users\anton\.openjfx\cache\17.0.6\api-ms-win-crt-environment-l1-1-0.dll
0x00000244d6200000 - 0x00000244d6203000 	C:\Users\anton\.openjfx\cache\17.0.6\api-ms-win-crt-filesystem-l1-1-0.dll
0x00000244d6210000 - 0x00000244d6213000 	C:\Users\anton\.openjfx\cache\17.0.6\api-ms-win-crt-heap-l1-1-0.dll
0x00000244d6220000 - 0x00000244d6223000 	C:\Users\anton\.openjfx\cache\17.0.6\api-ms-win-crt-locale-l1-1-0.dll
0x00000244d6230000 - 0x00000244d6235000 	C:\Users\anton\.openjfx\cache\17.0.6\api-ms-win-crt-math-l1-1-0.dll
0x00000244d6240000 - 0x00000244d6245000 	C:\Users\anton\.openjfx\cache\17.0.6\api-ms-win-crt-multibyte-l1-1-0.dll
0x00000244d6250000 - 0x00000244d6260000 	C:\Users\anton\.openjfx\cache\17.0.6\api-ms-win-crt-private-l1-1-0.dll
0x00000244d6260000 - 0x00000244d6263000 	C:\Users\anton\.openjfx\cache\17.0.6\api-ms-win-crt-process-l1-1-0.dll
0x00000244d6270000 - 0x00000244d6274000 	C:\Users\anton\.openjfx\cache\17.0.6\api-ms-win-crt-runtime-l1-1-0.dll
0x00000244d6280000 - 0x00000244d6284000 	C:\Users\anton\.openjfx\cache\17.0.6\api-ms-win-crt-stdio-l1-1-0.dll
0x00000244d6290000 - 0x00000244d6294000 	C:\Users\anton\.openjfx\cache\17.0.6\api-ms-win-crt-string-l1-1-0.dll
0x00000244d62a0000 - 0x00000244d62a3000 	C:\Users\anton\.openjfx\cache\17.0.6\api-ms-win-crt-time-l1-1-0.dll
0x00000244d62b0000 - 0x00000244d62b3000 	C:\Users\anton\.openjfx\cache\17.0.6\api-ms-win-crt-utility-l1-1-0.dll
0x00007ff88e190000 - 0x00007ff88e28c000 	C:\Users\anton\.openjfx\cache\17.0.6\ucrtbase.dll
0x00007ff8966e0000 - 0x00007ff8966fa000 	C:\Users\anton\.openjfx\cache\17.0.6\vcruntime140.dll
0x00007ff897260000 - 0x00007ff89726c000 	C:\Users\anton\.openjfx\cache\17.0.6\vcruntime140_1.dll
0x00007ff88e100000 - 0x00007ff88e18d000 	C:\Users\anton\.openjfx\cache\17.0.6\msvcp140.dll
0x00007ff896720000 - 0x00007ff896729000 	C:\Users\anton\.openjfx\cache\17.0.6\msvcp140_1.dll
0x00007ff895040000 - 0x00007ff89506f000 	C:\Users\anton\.openjfx\cache\17.0.6\msvcp140_2.dll
0x00007ff8c8d60000 - 0x00007ff8c8d7c000 	C:\WINDOWS\SYSTEM32\CRYPTSP.dll
0x00007ff8c8500000 - 0x00007ff8c853a000 	C:\WINDOWS\system32\rsaenh.dll
0x00007ff8c8b60000 - 0x00007ff8c8b8b000 	C:\WINDOWS\SYSTEM32\USERENV.dll
0x00007ff8c8fa0000 - 0x00007ff8c8fc6000 	C:\WINDOWS\SYSTEM32\bcrypt.dll
0x00007ff8c8d80000 - 0x00007ff8c8d8c000 	C:\WINDOWS\SYSTEM32\CRYPTBASE.dll
0x00007ff8b47b0000 - 0x00007ff8b47c8000 	C:\WINDOWS\system32\napinsp.dll
0x00007ff8b4790000 - 0x00007ff8b47a2000 	C:\WINDOWS\System32\winrnr.dll
0x00007ff846c20000 - 0x00007ff846c42000 	C:\WINDOWS\system32\nlansp_c.dll
0x00007ff8bc980000 - 0x00007ff8bc996000 	C:\WINDOWS\system32\wshbth.dll
0x00007ff88e0d0000 - 0x00007ff88e0fa000 	C:\Users\anton\.openjfx\cache\17.0.6\prism_d3d.dll
0x00007ff884ba0000 - 0x00007ff884d4c000 	C:\WINDOWS\system32\d3d9.dll
0x00007ff8c6d90000 - 0x00007ff8c6dc5000 	C:\WINDOWS\SYSTEM32\dwmapi.dll
0x00007ff8c6d40000 - 0x00007ff8c6d87000 	C:\WINDOWS\SYSTEM32\dxcore.dll
0x00007ff8c6610000 - 0x00007ff8c66be000 	C:\WINDOWS\system32\uxtheme.dll
0x00007ff884770000 - 0x00007ff884a0f000 	C:\WINDOWS\System32\DriverStore\FileRepository\iigd_dch.inf_amd64_93ef8799804349ae\igdumdim64.dll
0x00007ff880fb0000 - 0x00007ff882a2f000 	C:\WINDOWS\System32\DriverStore\FileRepository\iigd_dch.inf_amd64_93ef8799804349ae\igd9trinity64.dll
0x00007ff8c6bb0000 - 0x00007ff8c6cde000 	C:\WINDOWS\system32\dxgi.dll
0x00007ff8c6b50000 - 0x00007ff8c6bad000 	C:\WINDOWS\SYSTEM32\directxdatabasehelper.dll
0x00007ff8c92d0000 - 0x00007ff8c932f000 	C:\WINDOWS\SYSTEM32\cfgmgr32.dll
0x00007ff8bc9d0000 - 0x00007ff8bcf60000 	C:\WINDOWS\System32\DriverStore\FileRepository\iigd_dch.inf_amd64_93ef8799804349ae\igdgmm64.dll
0x00007ff8b76e0000 - 0x00007ff8bc604000 	C:\WINDOWS\System32\DriverStore\FileRepository\iigd_dch.inf_amd64_93ef8799804349ae\igc64.dll
0x00007ff884720000 - 0x00007ff88476d000 	C:\WINDOWS\SYSTEM32\ControlLib.dll
0x00007ff8874f0000 - 0x00007ff887596000 	C:\WINDOWS\System32\DriverStore\FileRepository\iigd_dch.inf_amd64_93ef8799804349ae\IntelControlLib.dll
0x00007ff87f810000 - 0x00007ff880e7c000 	C:\WINDOWS\System32\DriverStore\FileRepository\iigd_dch.inf_amd64_93ef8799804349ae\igd9dxva64.dll
0x00007ff8cb9f0000 - 0x00007ff8cbe76000 	C:\WINDOWS\System32\SETUPAPI.dll
0x00007ff8adee0000 - 0x00007ff8aff45000 	C:\WINDOWS\System32\DriverStore\FileRepository\iigd_dch.inf_amd64_93ef8799804349ae\media_bin_64.dll

dbghelp: loaded successfully - version: 4.0.5 - missing functions: none
symbol engine: initialized successfully - sym options: 0x614 - pdb path: .;C:\Users\anton\.jdks\openjdk-24\bin;C:\WINDOWS\SYSTEM32;C:\WINDOWS\WinSxS\amd64_microsoft.windows.common-controls_6595b64144ccf1df_6.0.26100.3323_none_3e088096e3344490;C:\Users\anton\.jdks\openjdk-24\bin\server;C:\Users\anton\.openjfx\cache\17.0.6;C:\WINDOWS\System32\DriverStore\FileRepository\iigd_dch.inf_amd64_93ef8799804349ae;C:\Program Files\Common Files\Microsoft Shared\Ink;C:\Users\anton\AppData\Local\Temp\idea_libasyncProfiler_dll_temp_folder

VM Arguments:
jvm_args: -javaagent:C:\Program Files\JetBrains\IntelliJ IDEA 2024.3.5\lib\idea_rt.jar=62011 -Dfile.encoding=UTF-8 -Dsun.stdout.encoding=UTF-8 -Dsun.stderr.encoding=UTF-8 --module-path=C:\Users\anton\.m2\repository\org\openjfx\javafx-fxml\17.0.6\javafx-fxml-17.0.6-win.jar;C:\Users\anton\IdeaProjects\ALVE0\target\classes;C:\Users\anton\.m2\repository\org\openjfx\javafx-graphics\17.0.6\javafx-graphics-17.0.6-win.jar;C:\Users\anton\.m2\repository\org\openjfx\javafx-base\17.0.6\javafx-base-17.0.6-win.jar;C:\Users\anton\.m2\repository\org\openjfx\javafx-controls\17.0.6\javafx-controls-17.0.6-win.jar;C:\Users\anton\.m2\repository\org\controlsfx\controlsfx\11.2.1\controlsfx-11.2.1.jar -Djdk.module.main=com.alve.alve0 
java_command: com.alve.alve0/com.alve.alve0.Main
java_class_path (initial): C:\Users\anton\.m2\repository\org\openjfx\javafx-controls\17.0.6\javafx-controls-17.0.6.jar;C:\Users\anton\.m2\repository\org\openjfx\javafx-graphics\17.0.6\javafx-graphics-17.0.6.jar;C:\Users\anton\.m2\repository\org\openjfx\javafx-base\17.0.6\javafx-base-17.0.6.jar;C:\Users\anton\.m2\repository\org\openjfx\javafx-fxml\17.0.6\javafx-fxml-17.0.6.jar
Launcher Type: SUN_STANDARD

[Global flags]
     intx CICompilerCount                          = 4                                         {product} {ergonomic}
     uint ConcGCThreads                            = 3                                         {product} {ergonomic}
     bool FlightRecorder                           = true                                      {product} {management}
     uint G1ConcRefinementThreads                  = 10                                        {product} {ergonomic}
   size_t G1HeapRegionSize                         = 2097152                                   {product} {ergonomic}
   size_t InitialHeapSize                          = 264241152                                 {product} {ergonomic}
   size_t MarkStackSize                            = 4194304                                   {product} {ergonomic}
   size_t MarkStackSizeMax                         = 536870912                                 {product} {ergonomic}
   size_t MaxHeapSize                              = 4211081216                                {product} {ergonomic}
   size_t MaxNewSize                               = 2524971008                                {product} {ergonomic}
   size_t MinHeapDeltaBytes                        = 2097152                                   {product} {ergonomic}
   size_t MinHeapSize                              = 8388608                                   {product} {ergonomic}
    uintx NonNMethodCodeHeapSize                   = 5832704                                {pd product} {ergonomic}
    uintx NonProfiledCodeHeapSize                  = 122945536                              {pd product} {ergonomic}
    uintx ProfiledCodeHeapSize                     = 122880000                              {pd product} {ergonomic}
    uintx ReservedCodeCacheSize                    = 251658240                              {pd product} {ergonomic}
     bool SegmentedCodeCache                       = true                                      {product} {ergonomic}
   size_t SoftMaxHeapSize                          = 4211081216                             {manageable} {ergonomic}
     bool UseCompressedOops                        = true                           {product lp64_product} {ergonomic}
     bool UseG1GC                                  = true                                      {product} {ergonomic}
     bool UseLargePagesIndividualAllocation        = false                                  {pd product} {ergonomic}

Logging:
Log output configuration:
 #0: stdout all=warning uptime,level,tags foldmultilines=false
 #1: stderr all=off uptime,level,tags foldmultilines=false

Environment Variables:
PATH=C:\Program Files (x86)\VMware\VMware Player\bin\;C:\Program Files (x86)\Common Files\Oracle\Java\java8path;C:\Program Files (x86)\Common Files\Oracle\Java\javapath;C:\WINDOWS\system32;C:\WINDOWS;C:\WINDOWS\System32\Wbem;C:\WINDOWS\System32\WindowsPowerShell\v1.0\;C:\WINDOWS\System32\OpenSSH\;C:\Program Files\Git\cmd;C:\Users\anton\AppData\Local\Microsoft\WindowsApps;C:\Users\anton\AppData\Local\Programs\Microsoft VS Code\bin;C:\Users\anton\AppData\Local\Programs\MiKTeX\miktex\bin\x64\;C:\Users\anton\AppData\Local\Microsoft\WindowsApps;;C:\Program Files\JetBrains\IntelliJ IDEA 2024.3.5\bin;
USERNAME=anton
OS=Windows_NT
PROCESSOR_IDENTIFIER=Intel64 Family 6 Model 186 Stepping 2, GenuineIntel
TMP=C:\Users\anton\AppData\Local\Temp
TEMP=C:\Users\anton\AppData\Local\Temp




Periodic native trim disabled

---------------  S Y S T E M  ---------------

OS:
 Windows 11 , 64 bit Build 26100 (10.0.26100.3323)
OS uptime: 0 days 8:05 hours
Hyper-V role detected

CPU: total 12 (initial active 12) (6 cores per cpu, 2 threads per core) family 6 model 186 stepping 2 microcode 0x4121, cx8, cmov, fxsr, ht, mmx, 3dnowpref, sse, sse2, sse3, ssse3, sse4.1, sse4.2, popcnt, lzcnt, tsc, tscinvbit, avx, avx2, aes, erms, clmul, bmi1, bmi2, adx, sha, fma, vzeroupper, clflush, clflushopt, clwb, hv, serialize, rdtscp, rdpid, fsrm, gfni, f16c, cet_ibt, cet_ss
Processor Information for processor 0
  Max Mhz: 2100, Current Mhz: 2100, Mhz Limit: 2100
Processor Information for processor 1
  Max Mhz: 2100, Current Mhz: 2100, Mhz Limit: 2100
Processor Information for processor 2
  Max Mhz: 2100, Current Mhz: 2100, Mhz Limit: 2100
Processor Information for processor 3
  Max Mhz: 2100, Current Mhz: 2100, Mhz Limit: 2100
Processor Information for processor 4
  Max Mhz: 2100, Current Mhz: 2100, Mhz Limit: 2100
Processor Information for processor 5
  Max Mhz: 2100, Current Mhz: 2100, Mhz Limit: 2100
Processor Information for processor 6
  Max Mhz: 2100, Current Mhz: 2100, Mhz Limit: 2100
Processor Information for processor 7
  Max Mhz: 2100, Current Mhz: 2100, Mhz Limit: 2100
Processor Information for processor 8
  Max Mhz: 2100, Current Mhz: 1500, Mhz Limit: 1491
Processor Information for processor 9
  Max Mhz: 2100, Current Mhz: 1500, Mhz Limit: 1491
Processor Information for processor 10
  Max Mhz: 2100, Current Mhz: 1500, Mhz Limit: 1491
Processor Information for processor 11
  Max Mhz: 2100, Current Mhz: 1500, Mhz Limit: 1491

Memory: 4k page, system-wide physical 16057M (3856M free)
TotalPageFile size 17912M (AvailPageFile size 2617M)
current process WorkingSet (physical memory assigned to process): 333M, peak: 334M
current process commit charge ("private bytes"): 502M, peak: 510M

vm_info: OpenJDK 64-Bit Server VM (24+36-3646) for windows-amd64 JRE (24+36-3646), built on 2025-02-06T00:20:43Z with MS VC++ 17.6 (VS2022)

END.
